{"C:\\Users\\nifemiadeyemi\\Desktop\\Book-A-Meal\\api\\index.js":{"path":"C:\\Users\\nifemiadeyemi\\Desktop\\Book-A-Meal\\api\\index.js","statementMap":{"0":{"start":{"line":3,"column":0},"end":{"line":5,"column":3}},"1":{"start":{"line":6,"column":0},"end":{"line":6,"column":25}},"2":{"start":{"line":8,"column":0},"end":{"line":8,"column":27}},"3":{"start":{"line":10,"column":15},"end":{"line":10,"column":57}},"4":{"start":{"line":12,"column":24},"end":{"line":12,"column":77}},"5":{"start":{"line":14,"column":19},"end":{"line":14,"column":72}},"6":{"start":{"line":16,"column":16},"end":{"line":16,"column":68}},"7":{"start":{"line":18,"column":14},"end":{"line":18,"column":64}},"8":{"start":{"line":20,"column":12},"end":{"line":20,"column":60}},"9":{"start":{"line":22,"column":12},"end":{"line":22,"column":60}},"10":{"start":{"line":24,"column":17},"end":{"line":24,"column":70}},"11":{"start":{"line":26,"column":13},"end":{"line":26,"column":62}},"12":{"start":{"line":28,"column":12},"end":{"line":28,"column":60}},"13":{"start":{"line":30,"column":15},"end":{"line":30,"column":66}},"14":{"start":{"line":32,"column":39},"end":{"line":32,"column":93}},"15":{"start":{"line":34,"column":10},"end":{"line":34,"column":33}},"16":{"start":{"line":35,"column":0},"end":{"line":35,"column":109}},"17":{"start":{"line":37,"column":0},"end":{"line":37,"column":40}},"18":{"start":{"line":39,"column":0},"end":{"line":39,"column":38}},"19":{"start":{"line":41,"column":0},"end":{"line":41,"column":45}},"20":{"start":{"line":43,"column":0},"end":{"line":43,"column":43}},"21":{"start":{"line":45,"column":0},"end":{"line":45,"column":44}},"22":{"start":{"line":47,"column":0},"end":{"line":47,"column":42}},"23":{"start":{"line":49,"column":0},"end":{"line":51,"column":3}},"24":{"start":{"line":53,"column":0},"end":{"line":55,"column":3}},"25":{"start":{"line":57,"column":11},"end":{"line":57,"column":35}},"26":{"start":{"line":58,"column":0},"end":{"line":58,"column":36}},"27":{"start":{"line":60,"column":0},"end":{"line":64,"column":22}},"28":{"start":{"line":61,"column":2},"end":{"line":61,"column":40}},"29":{"start":{"line":62,"column":2},"end":{"line":62,"column":24}},"30":{"start":{"line":63,"column":2},"end":{"line":63,"column":19}},"31":{"start":{"line":66,"column":15},"end":{"line":66,"column":18}},"32":{"start":{"line":67,"column":0},"end":{"line":67,"column":27}}},"fnMap":{"0":{"name":"_interopRequireDefault","decl":{"start":{"line":32,"column":9},"end":{"line":32,"column":31}},"loc":{"start":{"line":32,"column":37},"end":{"line":32,"column":95}},"line":32},"1":{"name":"(anonymous_1)","decl":{"start":{"line":60,"column":30},"end":{"line":60,"column":31}},"loc":{"start":{"line":60,"column":42},"end":{"line":64,"column":1}},"line":60}},"branchMap":{"0":{"loc":{"start":{"line":32,"column":46},"end":{"line":32,"column":92}},"type":"cond-expr","locations":[{"start":{"line":32,"column":70},"end":{"line":32,"column":73}},{"start":{"line":32,"column":76},"end":{"line":32,"column":92}}],"line":32},"1":{"loc":{"start":{"line":32,"column":46},"end":{"line":32,"column":67}},"type":"binary-expr","locations":[{"start":{"line":32,"column":46},"end":{"line":32,"column":49}},{"start":{"line":32,"column":53},"end":{"line":32,"column":67}}],"line":32},"2":{"loc":{"start":{"line":57,"column":11},"end":{"line":57,"column":35}},"type":"binary-expr","locations":[{"start":{"line":57,"column":11},"end":{"line":57,"column":27}},{"start":{"line":57,"column":31},"end":{"line":57,"column":35}}],"line":57}},"s":{"0":1,"1":1,"2":1,"3":1,"4":1,"5":1,"6":1,"7":1,"8":1,"9":1,"10":1,"11":1,"12":1,"13":1,"14":11,"15":1,"16":1,"17":1,"18":1,"19":1,"20":1,"21":1,"22":1,"23":1,"24":1,"25":1,"26":1,"27":1,"28":1,"29":1,"30":1,"31":1,"32":1},"f":{"0":11,"1":1},"b":{"0":[8,3],"1":[11,11],"2":[1,1]},"_coverageSchema":"43e27e138ebf9cfc5966b082cf9a028302ed4184","hash":"d02a0b9849055891bac0ad11372a940a20aca4ef","contentHash":"fa6ea8bc1d3b1ecd51f105b69138ed48e57e76d7a35bc2e7e9b7d031c1bb5bbf"},"C:\\Users\\nifemiadeyemi\\Desktop\\Book-A-Meal\\api\\config\\database.js":{"path":"C:\\Users\\nifemiadeyemi\\Desktop\\Book-A-Meal\\api\\config\\database.js","statementMap":{"0":{"start":{"line":3,"column":0},"end":{"line":5,"column":3}},"1":{"start":{"line":6,"column":0},"end":{"line":6,"column":25}},"2":{"start":{"line":8,"column":17},"end":{"line":8,"column":61}},"3":{"start":{"line":10,"column":14},"end":{"line":10,"column":55}},"4":{"start":{"line":12,"column":39},"end":{"line":12,"column":93}},"5":{"start":{"line":14,"column":0},"end":{"line":14,"column":25}},"6":{"start":{"line":16,"column":9},"end":{"line":25,"column":2}},"7":{"start":{"line":26,"column":15},"end":{"line":26,"column":17}},"8":{"start":{"line":27,"column":0},"end":{"line":27,"column":27}}},"fnMap":{"0":{"name":"_interopRequireDefault","decl":{"start":{"line":12,"column":9},"end":{"line":12,"column":31}},"loc":{"start":{"line":12,"column":37},"end":{"line":12,"column":95}},"line":12}},"branchMap":{"0":{"loc":{"start":{"line":12,"column":46},"end":{"line":12,"column":92}},"type":"cond-expr","locations":[{"start":{"line":12,"column":70},"end":{"line":12,"column":73}},{"start":{"line":12,"column":76},"end":{"line":12,"column":92}}],"line":12},"1":{"loc":{"start":{"line":12,"column":46},"end":{"line":12,"column":67}},"type":"binary-expr","locations":[{"start":{"line":12,"column":46},"end":{"line":12,"column":49}},{"start":{"line":12,"column":53},"end":{"line":12,"column":67}}],"line":12}},"s":{"0":1,"1":1,"2":1,"3":1,"4":2,"5":1,"6":1,"7":1,"8":1},"f":{"0":2},"b":{"0":[0,2],"1":[2,2]},"_coverageSchema":"43e27e138ebf9cfc5966b082cf9a028302ed4184","hash":"8a5445251c3851d1f9b1aaf930f509a6a8387c76","contentHash":"e01e5bb45bf0f350ee7e09e6cfb256a10be87fcf2be9b56ea7bc785886fa199e"},"C:\\Users\\nifemiadeyemi\\Desktop\\Book-A-Meal\\api\\routes\\routes.js":{"path":"C:\\Users\\nifemiadeyemi\\Desktop\\Book-A-Meal\\api\\routes\\routes.js","statementMap":{"0":{"start":{"line":3,"column":0},"end":{"line":5,"column":3}},"1":{"start":{"line":6,"column":0},"end":{"line":6,"column":25}},"2":{"start":{"line":8,"column":15},"end":{"line":8,"column":57}},"3":{"start":{"line":10,"column":12},"end":{"line":10,"column":66}},"4":{"start":{"line":12,"column":12},"end":{"line":12,"column":66}},"5":{"start":{"line":14,"column":17},"end":{"line":14,"column":77}},"6":{"start":{"line":16,"column":13},"end":{"line":16,"column":68}},"7":{"start":{"line":18,"column":12},"end":{"line":18,"column":66}},"8":{"start":{"line":20,"column":12},"end":{"line":20,"column":66}},"9":{"start":{"line":22,"column":15},"end":{"line":22,"column":72}},"10":{"start":{"line":24,"column":16},"end":{"line":24,"column":72}},"11":{"start":{"line":26,"column":13},"end":{"line":26,"column":66}},"12":{"start":{"line":28,"column":13},"end":{"line":28,"column":66}},"13":{"start":{"line":30,"column":13},"end":{"line":30,"column":66}},"14":{"start":{"line":32,"column":18},"end":{"line":32,"column":77}},"15":{"start":{"line":34,"column":14},"end":{"line":34,"column":68}},"16":{"start":{"line":36,"column":39},"end":{"line":36,"column":93}},"17":{"start":{"line":38,"column":13},"end":{"line":38,"column":38}},"18":{"start":{"line":40,"column":0},"end":{"line":40,"column":36}},"19":{"start":{"line":42,"column":0},"end":{"line":42,"column":105}},"20":{"start":{"line":43,"column":0},"end":{"line":43,"column":124}},"21":{"start":{"line":44,"column":0},"end":{"line":44,"column":130}},"22":{"start":{"line":45,"column":0},"end":{"line":45,"column":108}},"23":{"start":{"line":47,"column":0},"end":{"line":47,"column":71}},"24":{"start":{"line":48,"column":0},"end":{"line":48,"column":127}},"25":{"start":{"line":49,"column":0},"end":{"line":49,"column":127}},"26":{"start":{"line":50,"column":0},"end":{"line":50,"column":111}},"27":{"start":{"line":52,"column":0},"end":{"line":52,"column":97}},"28":{"start":{"line":53,"column":0},"end":{"line":53,"column":105}},"29":{"start":{"line":54,"column":0},"end":{"line":54,"column":106}},"30":{"start":{"line":55,"column":0},"end":{"line":55,"column":89}},"31":{"start":{"line":57,"column":0},"end":{"line":57,"column":106}},"32":{"start":{"line":58,"column":0},"end":{"line":58,"column":88}},"33":{"start":{"line":59,"column":0},"end":{"line":59,"column":97}},"34":{"start":{"line":60,"column":0},"end":{"line":60,"column":117}},"35":{"start":{"line":61,"column":0},"end":{"line":61,"column":80}},"36":{"start":{"line":63,"column":0},"end":{"line":63,"column":71}},"37":{"start":{"line":64,"column":0},"end":{"line":64,"column":74}},"38":{"start":{"line":66,"column":0},"end":{"line":66,"column":80}},"39":{"start":{"line":67,"column":0},"end":{"line":67,"column":83}},"40":{"start":{"line":68,"column":15},"end":{"line":68,"column":21}},"41":{"start":{"line":69,"column":0},"end":{"line":69,"column":27}}},"fnMap":{"0":{"name":"_interopRequireDefault","decl":{"start":{"line":36,"column":9},"end":{"line":36,"column":31}},"loc":{"start":{"line":36,"column":37},"end":{"line":36,"column":95}},"line":36}},"branchMap":{"0":{"loc":{"start":{"line":36,"column":46},"end":{"line":36,"column":92}},"type":"cond-expr","locations":[{"start":{"line":36,"column":70},"end":{"line":36,"column":73}},{"start":{"line":36,"column":76},"end":{"line":36,"column":92}}],"line":36},"1":{"loc":{"start":{"line":36,"column":46},"end":{"line":36,"column":67}},"type":"binary-expr","locations":[{"start":{"line":36,"column":46},"end":{"line":36,"column":49}},{"start":{"line":36,"column":53},"end":{"line":36,"column":67}}],"line":36}},"s":{"0":1,"1":1,"2":1,"3":1,"4":1,"5":1,"6":1,"7":1,"8":1,"9":1,"10":1,"11":1,"12":1,"13":1,"14":1,"15":1,"16":14,"17":1,"18":1,"19":1,"20":1,"21":1,"22":1,"23":1,"24":1,"25":1,"26":1,"27":1,"28":1,"29":1,"30":1,"31":1,"32":1,"33":1,"34":1,"35":1,"36":1,"37":1,"38":1,"39":1,"40":1,"41":1},"f":{"0":14},"b":{"0":[13,1],"1":[14,14]},"_coverageSchema":"43e27e138ebf9cfc5966b082cf9a028302ed4184","hash":"ce59ade9491d469a2bb5c2fe7d831f4c555441f8","contentHash":"d414d3f551f8c794045b251e20f639f45b32dc2db557ecc24a77f730fa5b5d1f"},"C:\\Users\\nifemiadeyemi\\Desktop\\Book-A-Meal\\api\\controllers\\meal.js":{"path":"C:\\Users\\nifemiadeyemi\\Desktop\\Book-A-Meal\\api\\controllers\\meal.js","statementMap":{"0":{"start":{"line":3,"column":0},"end":{"line":5,"column":3}},"1":{"start":{"line":6,"column":0},"end":{"line":6,"column":25}},"2":{"start":{"line":8,"column":12},"end":{"line":8,"column":61}},"3":{"start":{"line":10,"column":39},"end":{"line":10,"column":93}},"4":{"start":{"line":12,"column":77},"end":{"line":12,"column":175}},"5":{"start":{"line":12,"column":94},"end":{"line":12,"column":107}},"6":{"start":{"line":12,"column":121},"end":{"line":12,"column":131}},"7":{"start":{"line":12,"column":151},"end":{"line":12,"column":165}},"8":{"start":{"line":12,"column":166},"end":{"line":12,"column":173}},"9":{"start":{"line":12,"column":176},"end":{"line":12,"column":263}},"10":{"start":{"line":12,"column":193},"end":{"line":12,"column":208}},"11":{"start":{"line":12,"column":218},"end":{"line":12,"column":261}},"12":{"start":{"line":14,"column":33},"end":{"line":14,"column":387}},"13":{"start":{"line":14,"column":65},"end":{"line":14,"column":69}},"14":{"start":{"line":14,"column":78},"end":{"line":14,"column":87}},"15":{"start":{"line":14,"column":89},"end":{"line":14,"column":384}},"16":{"start":{"line":14,"column":147},"end":{"line":14,"column":167}},"17":{"start":{"line":14,"column":193},"end":{"line":14,"column":264}},"18":{"start":{"line":14,"column":290},"end":{"line":14,"column":360}},"19":{"start":{"line":14,"column":363},"end":{"line":14,"column":380}},"20":{"start":{"line":16,"column":50},"end":{"line":16,"column":151}},"21":{"start":{"line":16,"column":92},"end":{"line":16,"column":149}},"22":{"start":{"line":18,"column":44},"end":{"line":18,"column":315}},"23":{"start":{"line":18,"column":57},"end":{"line":18,"column":58}},"24":{"start":{"line":18,"column":102},"end":{"line":18,"column":110}},"25":{"start":{"line":18,"column":112},"end":{"line":18,"column":167}},"26":{"start":{"line":18,"column":168},"end":{"line":18,"column":199}},"27":{"start":{"line":18,"column":200},"end":{"line":18,"column":254}},"28":{"start":{"line":18,"column":227},"end":{"line":18,"column":254}},"29":{"start":{"line":18,"column":255},"end":{"line":18,"column":313}},"30":{"start":{"line":20,"column":62},"end":{"line":20,"column":131}},"31":{"start":{"line":20,"column":78},"end":{"line":20,"column":131}},"32":{"start":{"line":20,"column":132},"end":{"line":20,"column":193}},"33":{"start":{"line":20,"column":149},"end":{"line":20,"column":193}},"34":{"start":{"line":20,"column":194},"end":{"line":20,"column":213}},"35":{"start":{"line":24,"column":0},"end":{"line":193,"column":3}},"36":{"start":{"line":26,"column":4},"end":{"line":26,"column":32}},"37":{"start":{"line":29,"column":2},"end":{"line":190,"column":6}},"38":{"start":{"line":32,"column":24},"end":{"line":59,"column":9}},"39":{"start":{"line":36,"column":8},"end":{"line":58,"column":26}},"40":{"start":{"line":37,"column":10},"end":{"line":57,"column":11}},"41":{"start":{"line":38,"column":12},"end":{"line":56,"column":13}},"42":{"start":{"line":40,"column":16},"end":{"line":40,"column":34}},"43":{"start":{"line":41,"column":16},"end":{"line":41,"column":47}},"44":{"start":{"line":44,"column":16},"end":{"line":44,"column":38}},"45":{"start":{"line":45,"column":16},"end":{"line":47,"column":19}},"46":{"start":{"line":46,"column":18},"end":{"line":46,"column":41}},"47":{"start":{"line":48,"column":16},"end":{"line":51,"column":19}},"48":{"start":{"line":55,"column":16},"end":{"line":55,"column":39}},"49":{"start":{"line":62,"column":8},"end":{"line":62,"column":50}},"50":{"start":{"line":65,"column":6},"end":{"line":65,"column":24}},"51":{"start":{"line":70,"column":17},"end":{"line":95,"column":9}},"52":{"start":{"line":74,"column":8},"end":{"line":94,"column":27}},"53":{"start":{"line":75,"column":10},"end":{"line":93,"column":11}},"54":{"start":{"line":76,"column":12},"end":{"line":92,"column":13}},"55":{"start":{"line":78,"column":16},"end":{"line":78,"column":35}},"56":{"start":{"line":79,"column":16},"end":{"line":79,"column":54}},"57":{"start":{"line":82,"column":16},"end":{"line":82,"column":38}},"58":{"start":{"line":83,"column":16},"end":{"line":83,"column":46}},"59":{"start":{"line":84,"column":16},"end":{"line":87,"column":19}},"60":{"start":{"line":91,"column":16},"end":{"line":91,"column":40}},"61":{"start":{"line":98,"column":8},"end":{"line":98,"column":43}},"62":{"start":{"line":101,"column":6},"end":{"line":101,"column":17}},"63":{"start":{"line":106,"column":20},"end":{"line":136,"column":9}},"64":{"start":{"line":110,"column":8},"end":{"line":135,"column":27}},"65":{"start":{"line":111,"column":10},"end":{"line":134,"column":11}},"66":{"start":{"line":112,"column":12},"end":{"line":133,"column":13}},"67":{"start":{"line":114,"column":16},"end":{"line":114,"column":35}},"68":{"start":{"line":115,"column":16},"end":{"line":120,"column":19}},"69":{"start":{"line":123,"column":16},"end":{"line":123,"column":41}},"70":{"start":{"line":124,"column":16},"end":{"line":124,"column":44}},"71":{"start":{"line":125,"column":16},"end":{"line":128,"column":19}},"72":{"start":{"line":132,"column":16},"end":{"line":132,"column":40}},"73":{"start":{"line":139,"column":8},"end":{"line":139,"column":46}},"74":{"start":{"line":142,"column":6},"end":{"line":142,"column":20}},"75":{"start":{"line":147,"column":21},"end":{"line":182,"column":9}},"76":{"start":{"line":151,"column":8},"end":{"line":181,"column":37}},"77":{"start":{"line":152,"column":10},"end":{"line":180,"column":11}},"78":{"start":{"line":153,"column":12},"end":{"line":179,"column":13}},"79":{"start":{"line":155,"column":16},"end":{"line":155,"column":49}},"80":{"start":{"line":156,"column":16},"end":{"line":156,"column":35}},"81":{"start":{"line":157,"column":16},"end":{"line":157,"column":35}},"82":{"start":{"line":158,"column":16},"end":{"line":162,"column":19}},"83":{"start":{"line":165,"column":16},"end":{"line":165,"column":39}},"84":{"start":{"line":166,"column":16},"end":{"line":166,"column":36}},"85":{"start":{"line":167,"column":16},"end":{"line":167,"column":22}},"86":{"start":{"line":170,"column":16},"end":{"line":170,"column":35}},"87":{"start":{"line":171,"column":16},"end":{"line":171,"column":53}},"88":{"start":{"line":172,"column":16},"end":{"line":174,"column":19}},"89":{"start":{"line":178,"column":16},"end":{"line":178,"column":40}},"90":{"start":{"line":185,"column":8},"end":{"line":185,"column":47}},"91":{"start":{"line":188,"column":6},"end":{"line":188,"column":21}},"92":{"start":{"line":192,"column":2},"end":{"line":192,"column":14}},"93":{"start":{"line":195,"column":15},"end":{"line":195,"column":19}},"94":{"start":{"line":196,"column":0},"end":{"line":196,"column":27}}},"fnMap":{"0":{"name":"_interopRequireDefault","decl":{"start":{"line":10,"column":9},"end":{"line":10,"column":31}},"loc":{"start":{"line":10,"column":37},"end":{"line":10,"column":95}},"line":10},"1":{"name":"asyncGeneratorStep","decl":{"start":{"line":12,"column":9},"end":{"line":12,"column":27}},"loc":{"start":{"line":12,"column":75},"end":{"line":12,"column":265}},"line":12},"2":{"name":"_asyncToGenerator","decl":{"start":{"line":14,"column":9},"end":{"line":14,"column":26}},"loc":{"start":{"line":14,"column":31},"end":{"line":14,"column":389}},"line":14},"3":{"name":"(anonymous_3)","decl":{"start":{"line":14,"column":40},"end":{"line":14,"column":41}},"loc":{"start":{"line":14,"column":52},"end":{"line":14,"column":386}},"line":14},"4":{"name":"(anonymous_4)","decl":{"start":{"line":14,"column":108},"end":{"line":14,"column":109}},"loc":{"start":{"line":14,"column":135},"end":{"line":14,"column":382}},"line":14},"5":{"name":"_next","decl":{"start":{"line":14,"column":178},"end":{"line":14,"column":183}},"loc":{"start":{"line":14,"column":191},"end":{"line":14,"column":266}},"line":14},"6":{"name":"_throw","decl":{"start":{"line":14,"column":276},"end":{"line":14,"column":282}},"loc":{"start":{"line":14,"column":288},"end":{"line":14,"column":362}},"line":14},"7":{"name":"_classCallCheck","decl":{"start":{"line":16,"column":9},"end":{"line":16,"column":24}},"loc":{"start":{"line":16,"column":48},"end":{"line":16,"column":153}},"line":16},"8":{"name":"_defineProperties","decl":{"start":{"line":18,"column":9},"end":{"line":18,"column":26}},"loc":{"start":{"line":18,"column":42},"end":{"line":18,"column":317}},"line":18},"9":{"name":"_createClass","decl":{"start":{"line":20,"column":9},"end":{"line":20,"column":21}},"loc":{"start":{"line":20,"column":60},"end":{"line":20,"column":215}},"line":20},"10":{"name":"(anonymous_10)","decl":{"start":{"line":24,"column":0},"end":{"line":24,"column":1}},"loc":{"start":{"line":24,"column":12},"end":{"line":193,"column":1}},"line":24},"11":{"name":"Meal","decl":{"start":{"line":25,"column":11},"end":{"line":25,"column":15}},"loc":{"start":{"line":25,"column":18},"end":{"line":27,"column":3}},"line":25},"12":{"name":"(anonymous_12)","decl":{"start":{"line":31,"column":11},"end":{"line":31,"column":12}},"loc":{"start":{"line":31,"column":23},"end":{"line":66,"column":5}},"line":31},"13":{"name":"_callee","decl":{"start":{"line":34,"column":39},"end":{"line":34,"column":46}},"loc":{"start":{"line":34,"column":57},"end":{"line":59,"column":7}},"line":34},"14":{"name":"_callee$","decl":{"start":{"line":36,"column":48},"end":{"line":36,"column":56}},"loc":{"start":{"line":36,"column":67},"end":{"line":58,"column":9}},"line":36},"15":{"name":"(anonymous_15)","decl":{"start":{"line":45,"column":41},"end":{"line":45,"column":42}},"loc":{"start":{"line":45,"column":57},"end":{"line":47,"column":17}},"line":45},"16":{"name":"fetchMeals","decl":{"start":{"line":61,"column":15},"end":{"line":61,"column":25}},"loc":{"start":{"line":61,"column":35},"end":{"line":63,"column":7}},"line":61},"17":{"name":"(anonymous_17)","decl":{"start":{"line":69,"column":11},"end":{"line":69,"column":12}},"loc":{"start":{"line":69,"column":23},"end":{"line":102,"column":5}},"line":69},"18":{"name":"_callee2","decl":{"start":{"line":72,"column":39},"end":{"line":72,"column":47}},"loc":{"start":{"line":72,"column":58},"end":{"line":95,"column":7}},"line":72},"19":{"name":"_callee2$","decl":{"start":{"line":74,"column":48},"end":{"line":74,"column":57}},"loc":{"start":{"line":74,"column":69},"end":{"line":94,"column":9}},"line":74},"20":{"name":"add","decl":{"start":{"line":97,"column":15},"end":{"line":97,"column":18}},"loc":{"start":{"line":97,"column":29},"end":{"line":99,"column":7}},"line":97},"21":{"name":"(anonymous_21)","decl":{"start":{"line":105,"column":11},"end":{"line":105,"column":12}},"loc":{"start":{"line":105,"column":23},"end":{"line":143,"column":5}},"line":105},"22":{"name":"_callee3","decl":{"start":{"line":108,"column":39},"end":{"line":108,"column":47}},"loc":{"start":{"line":108,"column":58},"end":{"line":136,"column":7}},"line":108},"23":{"name":"_callee3$","decl":{"start":{"line":110,"column":48},"end":{"line":110,"column":57}},"loc":{"start":{"line":110,"column":69},"end":{"line":135,"column":9}},"line":110},"24":{"name":"update","decl":{"start":{"line":138,"column":15},"end":{"line":138,"column":21}},"loc":{"start":{"line":138,"column":32},"end":{"line":140,"column":7}},"line":138},"25":{"name":"(anonymous_25)","decl":{"start":{"line":146,"column":11},"end":{"line":146,"column":12}},"loc":{"start":{"line":146,"column":23},"end":{"line":189,"column":5}},"line":146},"26":{"name":"_callee4","decl":{"start":{"line":149,"column":39},"end":{"line":149,"column":47}},"loc":{"start":{"line":149,"column":58},"end":{"line":182,"column":7}},"line":149},"27":{"name":"_callee4$","decl":{"start":{"line":151,"column":48},"end":{"line":151,"column":57}},"loc":{"start":{"line":151,"column":69},"end":{"line":181,"column":9}},"line":151},"28":{"name":"_delete","decl":{"start":{"line":184,"column":15},"end":{"line":184,"column":22}},"loc":{"start":{"line":184,"column":33},"end":{"line":186,"column":7}},"line":184}},"branchMap":{"0":{"loc":{"start":{"line":10,"column":46},"end":{"line":10,"column":92}},"type":"cond-expr","locations":[{"start":{"line":10,"column":70},"end":{"line":10,"column":73}},{"start":{"line":10,"column":76},"end":{"line":10,"column":92}}],"line":10},"1":{"loc":{"start":{"line":10,"column":46},"end":{"line":10,"column":67}},"type":"binary-expr","locations":[{"start":{"line":10,"column":46},"end":{"line":10,"column":49}},{"start":{"line":10,"column":53},"end":{"line":10,"column":67}}],"line":10},"2":{"loc":{"start":{"line":12,"column":176},"end":{"line":12,"column":263}},"type":"if","locations":[{"start":{"line":12,"column":176},"end":{"line":12,"column":263}},{"start":{"line":12,"column":176},"end":{"line":12,"column":263}}],"line":12},"3":{"loc":{"start":{"line":16,"column":50},"end":{"line":16,"column":151}},"type":"if","locations":[{"start":{"line":16,"column":50},"end":{"line":16,"column":151}},{"start":{"line":16,"column":50},"end":{"line":16,"column":151}}],"line":16},"4":{"loc":{"start":{"line":18,"column":136},"end":{"line":18,"column":166}},"type":"binary-expr","locations":[{"start":{"line":18,"column":136},"end":{"line":18,"column":157}},{"start":{"line":18,"column":161},"end":{"line":18,"column":166}}],"line":18},"5":{"loc":{"start":{"line":18,"column":200},"end":{"line":18,"column":254}},"type":"if","locations":[{"start":{"line":18,"column":200},"end":{"line":18,"column":254}},{"start":{"line":18,"column":200},"end":{"line":18,"column":254}}],"line":18},"6":{"loc":{"start":{"line":20,"column":62},"end":{"line":20,"column":131}},"type":"if","locations":[{"start":{"line":20,"column":62},"end":{"line":20,"column":131}},{"start":{"line":20,"column":62},"end":{"line":20,"column":131}}],"line":20},"7":{"loc":{"start":{"line":20,"column":132},"end":{"line":20,"column":193}},"type":"if","locations":[{"start":{"line":20,"column":132},"end":{"line":20,"column":193}},{"start":{"line":20,"column":132},"end":{"line":20,"column":193}}],"line":20},"8":{"loc":{"start":{"line":38,"column":12},"end":{"line":56,"column":13}},"type":"switch","locations":[{"start":{"line":39,"column":14},"end":{"line":41,"column":47}},{"start":{"line":43,"column":14},"end":{"line":51,"column":19}},{"start":{"line":53,"column":14},"end":{"line":53,"column":21}},{"start":{"line":54,"column":14},"end":{"line":55,"column":39}}],"line":38},"9":{"loc":{"start":{"line":76,"column":12},"end":{"line":92,"column":13}},"type":"switch","locations":[{"start":{"line":77,"column":14},"end":{"line":79,"column":54}},{"start":{"line":81,"column":14},"end":{"line":87,"column":19}},{"start":{"line":89,"column":14},"end":{"line":89,"column":21}},{"start":{"line":90,"column":14},"end":{"line":91,"column":40}}],"line":76},"10":{"loc":{"start":{"line":112,"column":12},"end":{"line":133,"column":13}},"type":"switch","locations":[{"start":{"line":113,"column":14},"end":{"line":120,"column":19}},{"start":{"line":122,"column":14},"end":{"line":128,"column":19}},{"start":{"line":130,"column":14},"end":{"line":130,"column":21}},{"start":{"line":131,"column":14},"end":{"line":132,"column":40}}],"line":112},"11":{"loc":{"start":{"line":153,"column":12},"end":{"line":179,"column":13}},"type":"switch","locations":[{"start":{"line":154,"column":14},"end":{"line":162,"column":19}},{"start":{"line":164,"column":14},"end":{"line":167,"column":22}},{"start":{"line":169,"column":14},"end":{"line":174,"column":19}},{"start":{"line":176,"column":14},"end":{"line":176,"column":22}},{"start":{"line":177,"column":14},"end":{"line":178,"column":40}}],"line":153}},"s":{"0":1,"1":1,"2":1,"3":1,"4":8,"5":8,"6":8,"7":0,"8":0,"9":8,"10":4,"11":4,"12":4,"13":4,"14":4,"15":4,"16":4,"17":8,"18":0,"19":4,"20":0,"21":0,"22":1,"23":1,"24":4,"25":4,"26":4,"27":4,"28":4,"29":4,"30":1,"31":0,"32":1,"33":1,"34":1,"35":1,"36":0,"37":1,"38":1,"39":1,"40":2,"41":2,"42":1,"43":1,"44":1,"45":1,"46":359,"47":1,"48":1,"49":1,"50":1,"51":1,"52":1,"53":2,"54":2,"55":1,"56":1,"57":1,"58":1,"59":1,"60":1,"61":1,"62":1,"63":1,"64":1,"65":2,"66":2,"67":1,"68":1,"69":1,"70":1,"71":1,"72":1,"73":1,"74":1,"75":1,"76":1,"77":2,"78":3,"79":1,"80":1,"81":1,"82":1,"83":1,"84":1,"85":1,"86":0,"87":0,"88":0,"89":1,"90":1,"91":1,"92":1,"93":1,"94":1},"f":{"0":1,"1":8,"2":4,"3":4,"4":4,"5":8,"6":0,"7":0,"8":1,"9":1,"10":1,"11":0,"12":1,"13":1,"14":2,"15":359,"16":1,"17":1,"18":1,"19":2,"20":1,"21":1,"22":1,"23":2,"24":1,"25":1,"26":1,"27":2,"28":1},"b":{"0":[1,0],"1":[1,1],"2":[4,4],"3":[0,0],"4":[4,4],"5":[4,0],"6":[0,1],"7":[1,0],"8":[1,1,1,1],"9":[1,1,1,1],"10":[1,1,1,1],"11":[1,1,0,1,1]},"_coverageSchema":"43e27e138ebf9cfc5966b082cf9a028302ed4184","hash":"17d5c37d6543326a8829bbae7e2f95c93bb17b8e","contentHash":"1f3fa56ae5220f28ca285fbf6ab41323a6dbe9a86dc7ecc1f94e9dffd1f29e16"},"C:\\Users\\nifemiadeyemi\\Desktop\\Book-A-Meal\\api\\models\\Meal.js":{"path":"C:\\Users\\nifemiadeyemi\\Desktop\\Book-A-Meal\\api\\models\\Meal.js","statementMap":{"0":{"start":{"line":3,"column":0},"end":{"line":5,"column":3}},"1":{"start":{"line":6,"column":0},"end":{"line":6,"column":25}},"2":{"start":{"line":8,"column":17},"end":{"line":8,"column":61}},"3":{"start":{"line":10,"column":16},"end":{"line":10,"column":69}},"4":{"start":{"line":12,"column":39},"end":{"line":12,"column":93}},"5":{"start":{"line":14,"column":11},"end":{"line":35,"column":2}},"6":{"start":{"line":37,"column":15},"end":{"line":37,"column":19}},"7":{"start":{"line":38,"column":0},"end":{"line":38,"column":27}}},"fnMap":{"0":{"name":"_interopRequireDefault","decl":{"start":{"line":12,"column":9},"end":{"line":12,"column":31}},"loc":{"start":{"line":12,"column":37},"end":{"line":12,"column":95}},"line":12}},"branchMap":{"0":{"loc":{"start":{"line":12,"column":46},"end":{"line":12,"column":92}},"type":"cond-expr","locations":[{"start":{"line":12,"column":70},"end":{"line":12,"column":73}},{"start":{"line":12,"column":76},"end":{"line":12,"column":92}}],"line":12},"1":{"loc":{"start":{"line":12,"column":46},"end":{"line":12,"column":67}},"type":"binary-expr","locations":[{"start":{"line":12,"column":46},"end":{"line":12,"column":49}},{"start":{"line":12,"column":53},"end":{"line":12,"column":67}}],"line":12}},"s":{"0":1,"1":1,"2":1,"3":1,"4":2,"5":1,"6":1,"7":1},"f":{"0":2},"b":{"0":[1,1],"1":[2,2]},"_coverageSchema":"43e27e138ebf9cfc5966b082cf9a028302ed4184","hash":"6f6a009cc07083ddc0dd270b5edcf958a9659ae9","contentHash":"e13d693129fbfe40a97fe54133036e7b2ce220c36024befc195b286737672939"},"C:\\Users\\nifemiadeyemi\\Desktop\\Book-A-Meal\\api\\controllers\\menu.js":{"path":"C:\\Users\\nifemiadeyemi\\Desktop\\Book-A-Meal\\api\\controllers\\menu.js","statementMap":{"0":{"start":{"line":3,"column":0},"end":{"line":5,"column":3}},"1":{"start":{"line":6,"column":0},"end":{"line":6,"column":25}},"2":{"start":{"line":8,"column":12},"end":{"line":8,"column":61}},"3":{"start":{"line":10,"column":39},"end":{"line":10,"column":93}},"4":{"start":{"line":12,"column":77},"end":{"line":12,"column":175}},"5":{"start":{"line":12,"column":94},"end":{"line":12,"column":107}},"6":{"start":{"line":12,"column":121},"end":{"line":12,"column":131}},"7":{"start":{"line":12,"column":151},"end":{"line":12,"column":165}},"8":{"start":{"line":12,"column":166},"end":{"line":12,"column":173}},"9":{"start":{"line":12,"column":176},"end":{"line":12,"column":263}},"10":{"start":{"line":12,"column":193},"end":{"line":12,"column":208}},"11":{"start":{"line":12,"column":218},"end":{"line":12,"column":261}},"12":{"start":{"line":14,"column":33},"end":{"line":14,"column":387}},"13":{"start":{"line":14,"column":65},"end":{"line":14,"column":69}},"14":{"start":{"line":14,"column":78},"end":{"line":14,"column":87}},"15":{"start":{"line":14,"column":89},"end":{"line":14,"column":384}},"16":{"start":{"line":14,"column":147},"end":{"line":14,"column":167}},"17":{"start":{"line":14,"column":193},"end":{"line":14,"column":264}},"18":{"start":{"line":14,"column":290},"end":{"line":14,"column":360}},"19":{"start":{"line":14,"column":363},"end":{"line":14,"column":380}},"20":{"start":{"line":16,"column":50},"end":{"line":16,"column":151}},"21":{"start":{"line":16,"column":92},"end":{"line":16,"column":149}},"22":{"start":{"line":18,"column":44},"end":{"line":18,"column":315}},"23":{"start":{"line":18,"column":57},"end":{"line":18,"column":58}},"24":{"start":{"line":18,"column":102},"end":{"line":18,"column":110}},"25":{"start":{"line":18,"column":112},"end":{"line":18,"column":167}},"26":{"start":{"line":18,"column":168},"end":{"line":18,"column":199}},"27":{"start":{"line":18,"column":200},"end":{"line":18,"column":254}},"28":{"start":{"line":18,"column":227},"end":{"line":18,"column":254}},"29":{"start":{"line":18,"column":255},"end":{"line":18,"column":313}},"30":{"start":{"line":20,"column":62},"end":{"line":20,"column":131}},"31":{"start":{"line":20,"column":78},"end":{"line":20,"column":131}},"32":{"start":{"line":20,"column":132},"end":{"line":20,"column":193}},"33":{"start":{"line":20,"column":149},"end":{"line":20,"column":193}},"34":{"start":{"line":20,"column":194},"end":{"line":20,"column":213}},"35":{"start":{"line":24,"column":0},"end":{"line":287,"column":3}},"36":{"start":{"line":26,"column":4},"end":{"line":26,"column":32}},"37":{"start":{"line":29,"column":2},"end":{"line":284,"column":6}},"38":{"start":{"line":32,"column":21},"end":{"line":75,"column":9}},"39":{"start":{"line":36,"column":8},"end":{"line":74,"column":26}},"40":{"start":{"line":37,"column":10},"end":{"line":73,"column":11}},"41":{"start":{"line":38,"column":12},"end":{"line":72,"column":13}},"42":{"start":{"line":40,"column":16},"end":{"line":40,"column":34}},"43":{"start":{"line":41,"column":16},"end":{"line":45,"column":19}},"44":{"start":{"line":48,"column":16},"end":{"line":48,"column":37}},"45":{"start":{"line":50,"column":16},"end":{"line":53,"column":17}},"46":{"start":{"line":51,"column":18},"end":{"line":51,"column":36}},"47":{"start":{"line":52,"column":18},"end":{"line":52,"column":24}},"48":{"start":{"line":55,"column":16},"end":{"line":55,"column":34}},"49":{"start":{"line":56,"column":16},"end":{"line":56,"column":46}},"50":{"start":{"line":59,"column":16},"end":{"line":59,"column":37}},"51":{"start":{"line":62,"column":16},"end":{"line":62,"column":39}},"52":{"start":{"line":63,"column":16},"end":{"line":66,"column":19}},"53":{"start":{"line":67,"column":16},"end":{"line":67,"column":55}},"54":{"start":{"line":71,"column":16},"end":{"line":71,"column":39}},"55":{"start":{"line":78,"column":8},"end":{"line":78,"column":47}},"56":{"start":{"line":81,"column":6},"end":{"line":81,"column":21}},"57":{"start":{"line":86,"column":21},"end":{"line":143,"column":9}},"58":{"start":{"line":90,"column":8},"end":{"line":142,"column":27}},"59":{"start":{"line":91,"column":10},"end":{"line":141,"column":11}},"60":{"start":{"line":92,"column":12},"end":{"line":140,"column":13}},"61":{"start":{"line":94,"column":16},"end":{"line":94,"column":35}},"62":{"start":{"line":95,"column":16},"end":{"line":99,"column":19}},"63":{"start":{"line":102,"column":16},"end":{"line":102,"column":38}},"64":{"start":{"line":103,"column":16},"end":{"line":103,"column":35}},"65":{"start":{"line":104,"column":16},"end":{"line":104,"column":32}},"66":{"start":{"line":106,"column":16},"end":{"line":111,"column":17}},"67":{"start":{"line":107,"column":18},"end":{"line":107,"column":42}},"68":{"start":{"line":109,"column":18},"end":{"line":109,"column":38}},"69":{"start":{"line":110,"column":18},"end":{"line":110,"column":24}},"70":{"start":{"line":113,"column":16},"end":{"line":113,"column":33}},"71":{"start":{"line":114,"column":16},"end":{"line":114,"column":35}},"72":{"start":{"line":115,"column":16},"end":{"line":121,"column":19}},"73":{"start":{"line":124,"column":16},"end":{"line":127,"column":19}},"74":{"start":{"line":128,"column":16},"end":{"line":128,"column":56}},"75":{"start":{"line":131,"column":16},"end":{"line":134,"column":19}},"76":{"start":{"line":135,"column":16},"end":{"line":135,"column":57}},"77":{"start":{"line":139,"column":16},"end":{"line":139,"column":40}},"78":{"start":{"line":146,"column":8},"end":{"line":146,"column":47}},"79":{"start":{"line":149,"column":6},"end":{"line":149,"column":21}},"80":{"start":{"line":154,"column":22},"end":{"line":212,"column":9}},"81":{"start":{"line":158,"column":8},"end":{"line":211,"column":27}},"82":{"start":{"line":159,"column":10},"end":{"line":210,"column":11}},"83":{"start":{"line":160,"column":12},"end":{"line":209,"column":13}},"84":{"start":{"line":162,"column":16},"end":{"line":162,"column":32}},"85":{"start":{"line":163,"column":16},"end":{"line":163,"column":35}},"86":{"start":{"line":164,"column":16},"end":{"line":168,"column":19}},"87":{"start":{"line":171,"column":16},"end":{"line":171,"column":38}},"88":{"start":{"line":172,"column":16},"end":{"line":172,"column":35}},"89":{"start":{"line":173,"column":16},"end":{"line":175,"column":19}},"90":{"start":{"line":174,"column":18},"end":{"line":174,"column":42}},"91":{"start":{"line":177,"column":16},"end":{"line":180,"column":17}},"92":{"start":{"line":178,"column":18},"end":{"line":178,"column":38}},"93":{"start":{"line":179,"column":18},"end":{"line":179,"column":24}},"94":{"start":{"line":182,"column":16},"end":{"line":182,"column":49}},"95":{"start":{"line":183,"column":16},"end":{"line":183,"column":36}},"96":{"start":{"line":184,"column":16},"end":{"line":190,"column":19}},"97":{"start":{"line":193,"column":16},"end":{"line":196,"column":19}},"98":{"start":{"line":197,"column":16},"end":{"line":197,"column":56}},"99":{"start":{"line":200,"column":16},"end":{"line":203,"column":19}},"100":{"start":{"line":204,"column":16},"end":{"line":204,"column":57}},"101":{"start":{"line":208,"column":16},"end":{"line":208,"column":40}},"102":{"start":{"line":215,"column":8},"end":{"line":215,"column":48}},"103":{"start":{"line":218,"column":6},"end":{"line":218,"column":22}},"104":{"start":{"line":223,"column":24},"end":{"line":276,"column":9}},"105":{"start":{"line":228,"column":8},"end":{"line":275,"column":27}},"106":{"start":{"line":229,"column":10},"end":{"line":274,"column":11}},"107":{"start":{"line":230,"column":12},"end":{"line":273,"column":13}},"108":{"start":{"line":232,"column":16},"end":{"line":232,"column":35}},"109":{"start":{"line":233,"column":16},"end":{"line":237,"column":19}},"110":{"start":{"line":240,"column":16},"end":{"line":240,"column":38}},"111":{"start":{"line":241,"column":16},"end":{"line":241,"column":39}},"112":{"start":{"line":242,"column":16},"end":{"line":242,"column":49}},"113":{"start":{"line":243,"column":16},"end":{"line":243,"column":50}},"114":{"start":{"line":244,"column":16},"end":{"line":246,"column":19}},"115":{"start":{"line":245,"column":18},"end":{"line":245,"column":41}},"116":{"start":{"line":248,"column":16},"end":{"line":251,"column":17}},"117":{"start":{"line":249,"column":18},"end":{"line":249,"column":38}},"118":{"start":{"line":250,"column":18},"end":{"line":250,"column":24}},"119":{"start":{"line":253,"column":16},"end":{"line":253,"column":43}},"120":{"start":{"line":255,"column":16},"end":{"line":261,"column":19}},"121":{"start":{"line":263,"column":16},"end":{"line":263,"column":39}},"122":{"start":{"line":264,"column":16},"end":{"line":264,"column":56}},"123":{"start":{"line":267,"column":16},"end":{"line":267,"column":39}},"124":{"start":{"line":268,"column":16},"end":{"line":268,"column":57}},"125":{"start":{"line":272,"column":16},"end":{"line":272,"column":40}},"126":{"start":{"line":279,"column":8},"end":{"line":279,"column":50}},"127":{"start":{"line":282,"column":6},"end":{"line":282,"column":24}},"128":{"start":{"line":286,"column":2},"end":{"line":286,"column":14}},"129":{"start":{"line":289,"column":15},"end":{"line":289,"column":19}},"130":{"start":{"line":290,"column":0},"end":{"line":290,"column":27}}},"fnMap":{"0":{"name":"_interopRequireDefault","decl":{"start":{"line":10,"column":9},"end":{"line":10,"column":31}},"loc":{"start":{"line":10,"column":37},"end":{"line":10,"column":95}},"line":10},"1":{"name":"asyncGeneratorStep","decl":{"start":{"line":12,"column":9},"end":{"line":12,"column":27}},"loc":{"start":{"line":12,"column":75},"end":{"line":12,"column":265}},"line":12},"2":{"name":"_asyncToGenerator","decl":{"start":{"line":14,"column":9},"end":{"line":14,"column":26}},"loc":{"start":{"line":14,"column":31},"end":{"line":14,"column":389}},"line":14},"3":{"name":"(anonymous_3)","decl":{"start":{"line":14,"column":40},"end":{"line":14,"column":41}},"loc":{"start":{"line":14,"column":52},"end":{"line":14,"column":386}},"line":14},"4":{"name":"(anonymous_4)","decl":{"start":{"line":14,"column":108},"end":{"line":14,"column":109}},"loc":{"start":{"line":14,"column":135},"end":{"line":14,"column":382}},"line":14},"5":{"name":"_next","decl":{"start":{"line":14,"column":178},"end":{"line":14,"column":183}},"loc":{"start":{"line":14,"column":191},"end":{"line":14,"column":266}},"line":14},"6":{"name":"_throw","decl":{"start":{"line":14,"column":276},"end":{"line":14,"column":282}},"loc":{"start":{"line":14,"column":288},"end":{"line":14,"column":362}},"line":14},"7":{"name":"_classCallCheck","decl":{"start":{"line":16,"column":9},"end":{"line":16,"column":24}},"loc":{"start":{"line":16,"column":48},"end":{"line":16,"column":153}},"line":16},"8":{"name":"_defineProperties","decl":{"start":{"line":18,"column":9},"end":{"line":18,"column":26}},"loc":{"start":{"line":18,"column":42},"end":{"line":18,"column":317}},"line":18},"9":{"name":"_createClass","decl":{"start":{"line":20,"column":9},"end":{"line":20,"column":21}},"loc":{"start":{"line":20,"column":60},"end":{"line":20,"column":215}},"line":20},"10":{"name":"(anonymous_10)","decl":{"start":{"line":24,"column":0},"end":{"line":24,"column":1}},"loc":{"start":{"line":24,"column":12},"end":{"line":287,"column":1}},"line":24},"11":{"name":"Menu","decl":{"start":{"line":25,"column":11},"end":{"line":25,"column":15}},"loc":{"start":{"line":25,"column":18},"end":{"line":27,"column":3}},"line":25},"12":{"name":"(anonymous_12)","decl":{"start":{"line":31,"column":11},"end":{"line":31,"column":12}},"loc":{"start":{"line":31,"column":23},"end":{"line":82,"column":5}},"line":31},"13":{"name":"_callee","decl":{"start":{"line":34,"column":39},"end":{"line":34,"column":46}},"loc":{"start":{"line":34,"column":57},"end":{"line":75,"column":7}},"line":34},"14":{"name":"_callee$","decl":{"start":{"line":36,"column":48},"end":{"line":36,"column":56}},"loc":{"start":{"line":36,"column":67},"end":{"line":74,"column":9}},"line":36},"15":{"name":"getMenu","decl":{"start":{"line":77,"column":15},"end":{"line":77,"column":22}},"loc":{"start":{"line":77,"column":32},"end":{"line":79,"column":7}},"line":77},"16":{"name":"(anonymous_16)","decl":{"start":{"line":85,"column":11},"end":{"line":85,"column":12}},"loc":{"start":{"line":85,"column":23},"end":{"line":150,"column":5}},"line":85},"17":{"name":"_callee2","decl":{"start":{"line":88,"column":39},"end":{"line":88,"column":47}},"loc":{"start":{"line":88,"column":58},"end":{"line":143,"column":7}},"line":88},"18":{"name":"_callee2$","decl":{"start":{"line":90,"column":48},"end":{"line":90,"column":57}},"loc":{"start":{"line":90,"column":69},"end":{"line":142,"column":9}},"line":90},"19":{"name":"(anonymous_19)","decl":{"start":{"line":106,"column":31},"end":{"line":106,"column":32}},"loc":{"start":{"line":106,"column":44},"end":{"line":108,"column":17}},"line":106},"20":{"name":"addMeal","decl":{"start":{"line":145,"column":15},"end":{"line":145,"column":22}},"loc":{"start":{"line":145,"column":33},"end":{"line":147,"column":7}},"line":145},"21":{"name":"(anonymous_21)","decl":{"start":{"line":153,"column":11},"end":{"line":153,"column":12}},"loc":{"start":{"line":153,"column":23},"end":{"line":219,"column":5}},"line":153},"22":{"name":"_callee3","decl":{"start":{"line":156,"column":39},"end":{"line":156,"column":47}},"loc":{"start":{"line":156,"column":58},"end":{"line":212,"column":7}},"line":156},"23":{"name":"_callee3$","decl":{"start":{"line":158,"column":48},"end":{"line":158,"column":57}},"loc":{"start":{"line":158,"column":69},"end":{"line":211,"column":9}},"line":158},"24":{"name":"(anonymous_24)","decl":{"start":{"line":173,"column":44},"end":{"line":173,"column":45}},"loc":{"start":{"line":173,"column":57},"end":{"line":175,"column":17}},"line":173},"25":{"name":"editMeal","decl":{"start":{"line":214,"column":15},"end":{"line":214,"column":23}},"loc":{"start":{"line":214,"column":34},"end":{"line":216,"column":7}},"line":214},"26":{"name":"(anonymous_26)","decl":{"start":{"line":222,"column":11},"end":{"line":222,"column":12}},"loc":{"start":{"line":222,"column":23},"end":{"line":283,"column":5}},"line":222},"27":{"name":"_callee4","decl":{"start":{"line":225,"column":39},"end":{"line":225,"column":47}},"loc":{"start":{"line":225,"column":58},"end":{"line":276,"column":7}},"line":225},"28":{"name":"_callee4$","decl":{"start":{"line":228,"column":48},"end":{"line":228,"column":57}},"loc":{"start":{"line":228,"column":69},"end":{"line":275,"column":9}},"line":228},"29":{"name":"(anonymous_29)","decl":{"start":{"line":244,"column":44},"end":{"line":244,"column":45}},"loc":{"start":{"line":244,"column":57},"end":{"line":246,"column":17}},"line":244},"30":{"name":"deleteMeal","decl":{"start":{"line":278,"column":15},"end":{"line":278,"column":25}},"loc":{"start":{"line":278,"column":36},"end":{"line":280,"column":7}},"line":278}},"branchMap":{"0":{"loc":{"start":{"line":10,"column":46},"end":{"line":10,"column":92}},"type":"cond-expr","locations":[{"start":{"line":10,"column":70},"end":{"line":10,"column":73}},{"start":{"line":10,"column":76},"end":{"line":10,"column":92}}],"line":10},"1":{"loc":{"start":{"line":10,"column":46},"end":{"line":10,"column":67}},"type":"binary-expr","locations":[{"start":{"line":10,"column":46},"end":{"line":10,"column":49}},{"start":{"line":10,"column":53},"end":{"line":10,"column":67}}],"line":10},"2":{"loc":{"start":{"line":12,"column":176},"end":{"line":12,"column":263}},"type":"if","locations":[{"start":{"line":12,"column":176},"end":{"line":12,"column":263}},{"start":{"line":12,"column":176},"end":{"line":12,"column":263}}],"line":12},"3":{"loc":{"start":{"line":16,"column":50},"end":{"line":16,"column":151}},"type":"if","locations":[{"start":{"line":16,"column":50},"end":{"line":16,"column":151}},{"start":{"line":16,"column":50},"end":{"line":16,"column":151}}],"line":16},"4":{"loc":{"start":{"line":18,"column":136},"end":{"line":18,"column":166}},"type":"binary-expr","locations":[{"start":{"line":18,"column":136},"end":{"line":18,"column":157}},{"start":{"line":18,"column":161},"end":{"line":18,"column":166}}],"line":18},"5":{"loc":{"start":{"line":18,"column":200},"end":{"line":18,"column":254}},"type":"if","locations":[{"start":{"line":18,"column":200},"end":{"line":18,"column":254}},{"start":{"line":18,"column":200},"end":{"line":18,"column":254}}],"line":18},"6":{"loc":{"start":{"line":20,"column":62},"end":{"line":20,"column":131}},"type":"if","locations":[{"start":{"line":20,"column":62},"end":{"line":20,"column":131}},{"start":{"line":20,"column":62},"end":{"line":20,"column":131}}],"line":20},"7":{"loc":{"start":{"line":20,"column":132},"end":{"line":20,"column":193}},"type":"if","locations":[{"start":{"line":20,"column":132},"end":{"line":20,"column":193}},{"start":{"line":20,"column":132},"end":{"line":20,"column":193}}],"line":20},"8":{"loc":{"start":{"line":38,"column":12},"end":{"line":72,"column":13}},"type":"switch","locations":[{"start":{"line":39,"column":14},"end":{"line":45,"column":19}},{"start":{"line":47,"column":14},"end":{"line":56,"column":46}},{"start":{"line":58,"column":14},"end":{"line":59,"column":37}},{"start":{"line":61,"column":14},"end":{"line":67,"column":55}},{"start":{"line":69,"column":14},"end":{"line":69,"column":22}},{"start":{"line":70,"column":14},"end":{"line":71,"column":39}}],"line":38},"9":{"loc":{"start":{"line":50,"column":16},"end":{"line":53,"column":17}},"type":"if","locations":[{"start":{"line":50,"column":16},"end":{"line":53,"column":17}},{"start":{"line":50,"column":16},"end":{"line":53,"column":17}}],"line":50},"10":{"loc":{"start":{"line":92,"column":12},"end":{"line":140,"column":13}},"type":"switch","locations":[{"start":{"line":93,"column":14},"end":{"line":99,"column":19}},{"start":{"line":101,"column":14},"end":{"line":121,"column":19}},{"start":{"line":123,"column":14},"end":{"line":128,"column":56}},{"start":{"line":130,"column":14},"end":{"line":135,"column":57}},{"start":{"line":137,"column":14},"end":{"line":137,"column":22}},{"start":{"line":138,"column":14},"end":{"line":139,"column":40}}],"line":92},"11":{"loc":{"start":{"line":106,"column":16},"end":{"line":111,"column":17}},"type":"if","locations":[{"start":{"line":106,"column":16},"end":{"line":111,"column":17}},{"start":{"line":106,"column":16},"end":{"line":111,"column":17}}],"line":106},"12":{"loc":{"start":{"line":160,"column":12},"end":{"line":209,"column":13}},"type":"switch","locations":[{"start":{"line":161,"column":14},"end":{"line":168,"column":19}},{"start":{"line":170,"column":14},"end":{"line":190,"column":19}},{"start":{"line":192,"column":14},"end":{"line":197,"column":56}},{"start":{"line":199,"column":14},"end":{"line":204,"column":57}},{"start":{"line":206,"column":14},"end":{"line":206,"column":22}},{"start":{"line":207,"column":14},"end":{"line":208,"column":40}}],"line":160},"13":{"loc":{"start":{"line":177,"column":16},"end":{"line":180,"column":17}},"type":"if","locations":[{"start":{"line":177,"column":16},"end":{"line":180,"column":17}},{"start":{"line":177,"column":16},"end":{"line":180,"column":17}}],"line":177},"14":{"loc":{"start":{"line":230,"column":12},"end":{"line":273,"column":13}},"type":"switch","locations":[{"start":{"line":231,"column":14},"end":{"line":237,"column":19}},{"start":{"line":239,"column":14},"end":{"line":264,"column":56}},{"start":{"line":266,"column":14},"end":{"line":268,"column":57}},{"start":{"line":270,"column":14},"end":{"line":270,"column":22}},{"start":{"line":271,"column":14},"end":{"line":272,"column":40}}],"line":230},"15":{"loc":{"start":{"line":248,"column":16},"end":{"line":251,"column":17}},"type":"if","locations":[{"start":{"line":248,"column":16},"end":{"line":251,"column":17}},{"start":{"line":248,"column":16},"end":{"line":251,"column":17}}],"line":248}},"s":{"0":1,"1":1,"2":1,"3":1,"4":10,"5":10,"6":10,"7":0,"8":0,"9":10,"10":4,"11":6,"12":4,"13":4,"14":4,"15":4,"16":4,"17":10,"18":0,"19":4,"20":0,"21":0,"22":1,"23":1,"24":4,"25":4,"26":4,"27":4,"28":4,"29":4,"30":1,"31":0,"32":1,"33":1,"34":1,"35":1,"36":0,"37":1,"38":1,"39":1,"40":3,"41":4,"42":1,"43":1,"44":1,"45":1,"46":1,"47":1,"48":0,"49":0,"50":0,"51":1,"52":1,"53":1,"54":1,"55":1,"56":1,"57":1,"58":1,"59":4,"60":4,"61":1,"62":1,"63":1,"64":1,"65":1,"66":1,"67":0,"68":0,"69":0,"70":1,"71":1,"72":1,"73":1,"74":1,"75":0,"76":0,"77":1,"78":1,"79":1,"80":1,"81":1,"82":4,"83":4,"84":1,"85":1,"86":1,"87":1,"88":1,"89":1,"90":1,"91":1,"92":0,"93":0,"94":1,"95":1,"96":1,"97":1,"98":1,"99":0,"100":0,"101":1,"102":1,"103":1,"104":1,"105":1,"106":3,"107":3,"108":1,"109":1,"110":1,"111":1,"112":1,"113":1,"114":1,"115":1,"116":1,"117":0,"118":0,"119":1,"120":1,"121":1,"122":1,"123":0,"124":0,"125":1,"126":1,"127":1,"128":1,"129":1,"130":1},"f":{"0":1,"1":10,"2":4,"3":4,"4":4,"5":10,"6":0,"7":0,"8":1,"9":1,"10":1,"11":0,"12":1,"13":1,"14":3,"15":1,"16":1,"17":1,"18":4,"19":0,"20":1,"21":1,"22":1,"23":4,"24":1,"25":1,"26":1,"27":1,"28":3,"29":1,"30":1},"b":{"0":[1,0],"1":[1,1],"2":[4,6],"3":[0,0],"4":[4,4],"5":[4,0],"6":[0,1],"7":[1,0],"8":[1,1,0,1,0,1],"9":[1,0],"10":[1,1,1,0,0,1],"11":[0,1],"12":[1,1,1,0,0,1],"13":[0,1],"14":[1,1,0,0,1],"15":[0,1]},"_coverageSchema":"43e27e138ebf9cfc5966b082cf9a028302ed4184","hash":"d515f7a0905c9ba8d3be995d45c0fd2310122ccb","contentHash":"64b99a39d864405dca7873f123907dafabfc2fcdfa0b1c0cc77209c66a701ae0"},"C:\\Users\\nifemiadeyemi\\Desktop\\Book-A-Meal\\api\\models\\Menu.js":{"path":"C:\\Users\\nifemiadeyemi\\Desktop\\Book-A-Meal\\api\\models\\Menu.js","statementMap":{"0":{"start":{"line":3,"column":0},"end":{"line":5,"column":3}},"1":{"start":{"line":6,"column":0},"end":{"line":6,"column":25}},"2":{"start":{"line":8,"column":17},"end":{"line":8,"column":61}},"3":{"start":{"line":10,"column":16},"end":{"line":10,"column":69}},"4":{"start":{"line":12,"column":39},"end":{"line":12,"column":93}},"5":{"start":{"line":14,"column":11},"end":{"line":23,"column":2}},"6":{"start":{"line":25,"column":15},"end":{"line":25,"column":19}},"7":{"start":{"line":26,"column":0},"end":{"line":26,"column":27}}},"fnMap":{"0":{"name":"_interopRequireDefault","decl":{"start":{"line":12,"column":9},"end":{"line":12,"column":31}},"loc":{"start":{"line":12,"column":37},"end":{"line":12,"column":95}},"line":12}},"branchMap":{"0":{"loc":{"start":{"line":12,"column":46},"end":{"line":12,"column":92}},"type":"cond-expr","locations":[{"start":{"line":12,"column":70},"end":{"line":12,"column":73}},{"start":{"line":12,"column":76},"end":{"line":12,"column":92}}],"line":12},"1":{"loc":{"start":{"line":12,"column":46},"end":{"line":12,"column":67}},"type":"binary-expr","locations":[{"start":{"line":12,"column":46},"end":{"line":12,"column":49}},{"start":{"line":12,"column":53},"end":{"line":12,"column":67}}],"line":12}},"s":{"0":1,"1":1,"2":1,"3":1,"4":2,"5":1,"6":1,"7":1},"f":{"0":2},"b":{"0":[1,1],"1":[2,2]},"_coverageSchema":"43e27e138ebf9cfc5966b082cf9a028302ed4184","hash":"83df94a5552839bb791abdcd5d5674035b067f11","contentHash":"11bd489c4c29055d334a86a3b18acb3b85a2d10f054e445d8fb5d6722617ffbe"},"C:\\Users\\nifemiadeyemi\\Desktop\\Book-A-Meal\\api\\controllers\\order-item.js":{"path":"C:\\Users\\nifemiadeyemi\\Desktop\\Book-A-Meal\\api\\controllers\\order-item.js","statementMap":{"0":{"start":{"line":3,"column":0},"end":{"line":5,"column":3}},"1":{"start":{"line":6,"column":0},"end":{"line":6,"column":25}},"2":{"start":{"line":8,"column":17},"end":{"line":8,"column":71}},"3":{"start":{"line":10,"column":12},"end":{"line":10,"column":61}},"4":{"start":{"line":12,"column":12},"end":{"line":12,"column":61}},"5":{"start":{"line":14,"column":39},"end":{"line":14,"column":93}},"6":{"start":{"line":16,"column":33},"end":{"line":16,"column":464}},"7":{"start":{"line":16,"column":46},"end":{"line":16,"column":47}},"8":{"start":{"line":16,"column":91},"end":{"line":16,"column":131}},"9":{"start":{"line":16,"column":147},"end":{"line":16,"column":166}},"10":{"start":{"line":16,"column":168},"end":{"line":16,"column":382}},"11":{"start":{"line":16,"column":226},"end":{"line":16,"column":380}},"12":{"start":{"line":16,"column":312},"end":{"line":16,"column":375}},"13":{"start":{"line":16,"column":383},"end":{"line":16,"column":462}},"14":{"start":{"line":16,"column":416},"end":{"line":16,"column":458}},"15":{"start":{"line":16,"column":465},"end":{"line":16,"column":479}},"16":{"start":{"line":18,"column":44},"end":{"line":18,"column":195}},"17":{"start":{"line":18,"column":62},"end":{"line":18,"column":166}},"18":{"start":{"line":18,"column":176},"end":{"line":18,"column":193}},"19":{"start":{"line":18,"column":196},"end":{"line":18,"column":207}},"20":{"start":{"line":20,"column":77},"end":{"line":20,"column":175}},"21":{"start":{"line":20,"column":94},"end":{"line":20,"column":107}},"22":{"start":{"line":20,"column":121},"end":{"line":20,"column":131}},"23":{"start":{"line":20,"column":151},"end":{"line":20,"column":165}},"24":{"start":{"line":20,"column":166},"end":{"line":20,"column":173}},"25":{"start":{"line":20,"column":176},"end":{"line":20,"column":263}},"26":{"start":{"line":20,"column":193},"end":{"line":20,"column":208}},"27":{"start":{"line":20,"column":218},"end":{"line":20,"column":261}},"28":{"start":{"line":22,"column":33},"end":{"line":22,"column":387}},"29":{"start":{"line":22,"column":65},"end":{"line":22,"column":69}},"30":{"start":{"line":22,"column":78},"end":{"line":22,"column":87}},"31":{"start":{"line":22,"column":89},"end":{"line":22,"column":384}},"32":{"start":{"line":22,"column":147},"end":{"line":22,"column":167}},"33":{"start":{"line":22,"column":193},"end":{"line":22,"column":264}},"34":{"start":{"line":22,"column":290},"end":{"line":22,"column":360}},"35":{"start":{"line":22,"column":363},"end":{"line":22,"column":380}},"36":{"start":{"line":24,"column":50},"end":{"line":24,"column":151}},"37":{"start":{"line":24,"column":92},"end":{"line":24,"column":149}},"38":{"start":{"line":26,"column":44},"end":{"line":26,"column":315}},"39":{"start":{"line":26,"column":57},"end":{"line":26,"column":58}},"40":{"start":{"line":26,"column":102},"end":{"line":26,"column":110}},"41":{"start":{"line":26,"column":112},"end":{"line":26,"column":167}},"42":{"start":{"line":26,"column":168},"end":{"line":26,"column":199}},"43":{"start":{"line":26,"column":200},"end":{"line":26,"column":254}},"44":{"start":{"line":26,"column":227},"end":{"line":26,"column":254}},"45":{"start":{"line":26,"column":255},"end":{"line":26,"column":313}},"46":{"start":{"line":28,"column":62},"end":{"line":28,"column":131}},"47":{"start":{"line":28,"column":78},"end":{"line":28,"column":131}},"48":{"start":{"line":28,"column":132},"end":{"line":28,"column":193}},"49":{"start":{"line":28,"column":149},"end":{"line":28,"column":193}},"50":{"start":{"line":28,"column":194},"end":{"line":28,"column":213}},"51":{"start":{"line":32,"column":0},"end":{"line":302,"column":3}},"52":{"start":{"line":34,"column":4},"end":{"line":34,"column":37}},"53":{"start":{"line":37,"column":2},"end":{"line":299,"column":6}},"54":{"start":{"line":40,"column":27},"end":{"line":75,"column":9}},"55":{"start":{"line":44,"column":8},"end":{"line":74,"column":26}},"56":{"start":{"line":45,"column":10},"end":{"line":73,"column":11}},"57":{"start":{"line":46,"column":12},"end":{"line":72,"column":13}},"58":{"start":{"line":48,"column":16},"end":{"line":48,"column":53}},"59":{"start":{"line":49,"column":16},"end":{"line":49,"column":34}},"60":{"start":{"line":50,"column":16},"end":{"line":56,"column":19}},"61":{"start":{"line":59,"column":16},"end":{"line":59,"column":39}},"62":{"start":{"line":60,"column":16},"end":{"line":62,"column":19}},"63":{"start":{"line":61,"column":18},"end":{"line":61,"column":42}},"64":{"start":{"line":63,"column":16},"end":{"line":66,"column":19}},"65":{"start":{"line":67,"column":16},"end":{"line":67,"column":55}},"66":{"start":{"line":71,"column":16},"end":{"line":71,"column":39}},"67":{"start":{"line":78,"column":8},"end":{"line":78,"column":53}},"68":{"start":{"line":81,"column":6},"end":{"line":81,"column":27}},"69":{"start":{"line":86,"column":17},"end":{"line":194,"column":9}},"70":{"start":{"line":90,"column":8},"end":{"line":193,"column":27}},"71":{"start":{"line":91,"column":10},"end":{"line":192,"column":11}},"72":{"start":{"line":92,"column":12},"end":{"line":191,"column":13}},"73":{"start":{"line":94,"column":16},"end":{"line":94,"column":32}},"74":{"start":{"line":95,"column":16},"end":{"line":95,"column":35}},"75":{"start":{"line":96,"column":16},"end":{"line":100,"column":19}},"76":{"start":{"line":103,"column":16},"end":{"line":103,"column":38}},"77":{"start":{"line":104,"column":16},"end":{"line":104,"column":35}},"78":{"start":{"line":105,"column":16},"end":{"line":120,"column":19}},"79":{"start":{"line":123,"column":16},"end":{"line":123,"column":42}},"80":{"start":{"line":125,"column":16},"end":{"line":128,"column":17}},"81":{"start":{"line":126,"column":18},"end":{"line":126,"column":38}},"82":{"start":{"line":127,"column":18},"end":{"line":127,"column":24}},"83":{"start":{"line":130,"column":16},"end":{"line":133,"column":19}},"84":{"start":{"line":134,"column":16},"end":{"line":134,"column":57}},"85":{"start":{"line":137,"column":16},"end":{"line":140,"column":17}},"86":{"start":{"line":138,"column":18},"end":{"line":138,"column":38}},"87":{"start":{"line":139,"column":18},"end":{"line":139,"column":24}},"88":{"start":{"line":142,"column":16},"end":{"line":142,"column":36}},"89":{"start":{"line":143,"column":16},"end":{"line":145,"column":19}},"90":{"start":{"line":148,"column":16},"end":{"line":148,"column":35}},"91":{"start":{"line":149,"column":16},"end":{"line":149,"column":36}},"92":{"start":{"line":150,"column":16},"end":{"line":154,"column":19}},"93":{"start":{"line":157,"column":16},"end":{"line":157,"column":38}},"94":{"start":{"line":159,"column":16},"end":{"line":162,"column":17}},"95":{"start":{"line":160,"column":18},"end":{"line":160,"column":38}},"96":{"start":{"line":161,"column":18},"end":{"line":161,"column":24}},"97":{"start":{"line":164,"column":16},"end":{"line":167,"column":19}},"98":{"start":{"line":168,"column":16},"end":{"line":168,"column":57}},"99":{"start":{"line":171,"column":16},"end":{"line":171,"column":32}},"100":{"start":{"line":172,"column":16},"end":{"line":172,"column":32}},"101":{"start":{"line":173,"column":16},"end":{"line":178,"column":19}},"102":{"start":{"line":179,"column":16},"end":{"line":179,"column":56}},"103":{"start":{"line":182,"column":16},"end":{"line":185,"column":19}},"104":{"start":{"line":186,"column":16},"end":{"line":186,"column":57}},"105":{"start":{"line":190,"column":16},"end":{"line":190,"column":40}},"106":{"start":{"line":197,"column":8},"end":{"line":197,"column":43}},"107":{"start":{"line":200,"column":6},"end":{"line":200,"column":17}},"108":{"start":{"line":205,"column":18},"end":{"line":253,"column":9}},"109":{"start":{"line":209,"column":8},"end":{"line":252,"column":27}},"110":{"start":{"line":210,"column":10},"end":{"line":251,"column":11}},"111":{"start":{"line":211,"column":12},"end":{"line":250,"column":13}},"112":{"start":{"line":213,"column":16},"end":{"line":213,"column":32}},"113":{"start":{"line":214,"column":16},"end":{"line":214,"column":35}},"114":{"start":{"line":215,"column":16},"end":{"line":223,"column":19}},"115":{"start":{"line":226,"column":16},"end":{"line":226,"column":42}},"116":{"start":{"line":228,"column":16},"end":{"line":231,"column":17}},"117":{"start":{"line":229,"column":18},"end":{"line":229,"column":37}},"118":{"start":{"line":230,"column":18},"end":{"line":230,"column":24}},"119":{"start":{"line":233,"column":16},"end":{"line":233,"column":43}},"120":{"start":{"line":234,"column":16},"end":{"line":237,"column":19}},"121":{"start":{"line":238,"column":16},"end":{"line":238,"column":56}},"122":{"start":{"line":241,"column":16},"end":{"line":244,"column":19}},"123":{"start":{"line":245,"column":16},"end":{"line":245,"column":57}},"124":{"start":{"line":249,"column":16},"end":{"line":249,"column":40}},"125":{"start":{"line":256,"column":8},"end":{"line":256,"column":44}},"126":{"start":{"line":259,"column":6},"end":{"line":259,"column":18}},"127":{"start":{"line":264,"column":21},"end":{"line":291,"column":9}},"128":{"start":{"line":268,"column":8},"end":{"line":290,"column":27}},"129":{"start":{"line":269,"column":10},"end":{"line":289,"column":11}},"130":{"start":{"line":270,"column":12},"end":{"line":288,"column":13}},"131":{"start":{"line":272,"column":16},"end":{"line":272,"column":49}},"132":{"start":{"line":273,"column":16},"end":{"line":273,"column":35}},"133":{"start":{"line":274,"column":16},"end":{"line":280,"column":19}},"134":{"start":{"line":283,"column":16},"end":{"line":283,"column":39}},"135":{"start":{"line":287,"column":16},"end":{"line":287,"column":40}},"136":{"start":{"line":294,"column":8},"end":{"line":294,"column":47}},"137":{"start":{"line":297,"column":6},"end":{"line":297,"column":21}},"138":{"start":{"line":301,"column":2},"end":{"line":301,"column":19}},"139":{"start":{"line":304,"column":15},"end":{"line":304,"column":24}},"140":{"start":{"line":305,"column":0},"end":{"line":305,"column":27}}},"fnMap":{"0":{"name":"_interopRequireDefault","decl":{"start":{"line":14,"column":9},"end":{"line":14,"column":31}},"loc":{"start":{"line":14,"column":37},"end":{"line":14,"column":95}},"line":14},"1":{"name":"_objectSpread","decl":{"start":{"line":16,"column":9},"end":{"line":16,"column":22}},"loc":{"start":{"line":16,"column":31},"end":{"line":16,"column":481}},"line":16},"2":{"name":"(anonymous_2)","decl":{"start":{"line":16,"column":295},"end":{"line":16,"column":296}},"loc":{"start":{"line":16,"column":310},"end":{"line":16,"column":377}},"line":16},"3":{"name":"(anonymous_3)","decl":{"start":{"line":16,"column":399},"end":{"line":16,"column":400}},"loc":{"start":{"line":16,"column":414},"end":{"line":16,"column":460}},"line":16},"4":{"name":"_defineProperty","decl":{"start":{"line":18,"column":9},"end":{"line":18,"column":24}},"loc":{"start":{"line":18,"column":42},"end":{"line":18,"column":209}},"line":18},"5":{"name":"asyncGeneratorStep","decl":{"start":{"line":20,"column":9},"end":{"line":20,"column":27}},"loc":{"start":{"line":20,"column":75},"end":{"line":20,"column":265}},"line":20},"6":{"name":"_asyncToGenerator","decl":{"start":{"line":22,"column":9},"end":{"line":22,"column":26}},"loc":{"start":{"line":22,"column":31},"end":{"line":22,"column":389}},"line":22},"7":{"name":"(anonymous_7)","decl":{"start":{"line":22,"column":40},"end":{"line":22,"column":41}},"loc":{"start":{"line":22,"column":52},"end":{"line":22,"column":386}},"line":22},"8":{"name":"(anonymous_8)","decl":{"start":{"line":22,"column":108},"end":{"line":22,"column":109}},"loc":{"start":{"line":22,"column":135},"end":{"line":22,"column":382}},"line":22},"9":{"name":"_next","decl":{"start":{"line":22,"column":178},"end":{"line":22,"column":183}},"loc":{"start":{"line":22,"column":191},"end":{"line":22,"column":266}},"line":22},"10":{"name":"_throw","decl":{"start":{"line":22,"column":276},"end":{"line":22,"column":282}},"loc":{"start":{"line":22,"column":288},"end":{"line":22,"column":362}},"line":22},"11":{"name":"_classCallCheck","decl":{"start":{"line":24,"column":9},"end":{"line":24,"column":24}},"loc":{"start":{"line":24,"column":48},"end":{"line":24,"column":153}},"line":24},"12":{"name":"_defineProperties","decl":{"start":{"line":26,"column":9},"end":{"line":26,"column":26}},"loc":{"start":{"line":26,"column":42},"end":{"line":26,"column":317}},"line":26},"13":{"name":"_createClass","decl":{"start":{"line":28,"column":9},"end":{"line":28,"column":21}},"loc":{"start":{"line":28,"column":60},"end":{"line":28,"column":215}},"line":28},"14":{"name":"(anonymous_14)","decl":{"start":{"line":32,"column":0},"end":{"line":32,"column":1}},"loc":{"start":{"line":32,"column":12},"end":{"line":302,"column":1}},"line":32},"15":{"name":"OrderItem","decl":{"start":{"line":33,"column":11},"end":{"line":33,"column":20}},"loc":{"start":{"line":33,"column":23},"end":{"line":35,"column":3}},"line":33},"16":{"name":"(anonymous_16)","decl":{"start":{"line":39,"column":11},"end":{"line":39,"column":12}},"loc":{"start":{"line":39,"column":23},"end":{"line":82,"column":5}},"line":39},"17":{"name":"_callee","decl":{"start":{"line":42,"column":39},"end":{"line":42,"column":46}},"loc":{"start":{"line":42,"column":57},"end":{"line":75,"column":7}},"line":42},"18":{"name":"_callee$","decl":{"start":{"line":44,"column":48},"end":{"line":44,"column":56}},"loc":{"start":{"line":44,"column":67},"end":{"line":74,"column":9}},"line":44},"19":{"name":"(anonymous_19)","decl":{"start":{"line":60,"column":36},"end":{"line":60,"column":37}},"loc":{"start":{"line":60,"column":53},"end":{"line":62,"column":17}},"line":60},"20":{"name":"getOrderItems","decl":{"start":{"line":77,"column":15},"end":{"line":77,"column":28}},"loc":{"start":{"line":77,"column":38},"end":{"line":79,"column":7}},"line":77},"21":{"name":"(anonymous_21)","decl":{"start":{"line":85,"column":11},"end":{"line":85,"column":12}},"loc":{"start":{"line":85,"column":23},"end":{"line":201,"column":5}},"line":85},"22":{"name":"_callee2","decl":{"start":{"line":88,"column":39},"end":{"line":88,"column":47}},"loc":{"start":{"line":88,"column":58},"end":{"line":194,"column":7}},"line":88},"23":{"name":"_callee2$","decl":{"start":{"line":90,"column":48},"end":{"line":90,"column":57}},"loc":{"start":{"line":90,"column":69},"end":{"line":193,"column":9}},"line":90},"24":{"name":"add","decl":{"start":{"line":196,"column":15},"end":{"line":196,"column":18}},"loc":{"start":{"line":196,"column":29},"end":{"line":198,"column":7}},"line":196},"25":{"name":"(anonymous_25)","decl":{"start":{"line":204,"column":11},"end":{"line":204,"column":12}},"loc":{"start":{"line":204,"column":23},"end":{"line":260,"column":5}},"line":204},"26":{"name":"_callee3","decl":{"start":{"line":207,"column":39},"end":{"line":207,"column":47}},"loc":{"start":{"line":207,"column":58},"end":{"line":253,"column":7}},"line":207},"27":{"name":"_callee3$","decl":{"start":{"line":209,"column":48},"end":{"line":209,"column":57}},"loc":{"start":{"line":209,"column":69},"end":{"line":252,"column":9}},"line":209},"28":{"name":"edit","decl":{"start":{"line":255,"column":15},"end":{"line":255,"column":19}},"loc":{"start":{"line":255,"column":30},"end":{"line":257,"column":7}},"line":255},"29":{"name":"(anonymous_29)","decl":{"start":{"line":263,"column":11},"end":{"line":263,"column":12}},"loc":{"start":{"line":263,"column":23},"end":{"line":298,"column":5}},"line":263},"30":{"name":"_callee4","decl":{"start":{"line":266,"column":39},"end":{"line":266,"column":47}},"loc":{"start":{"line":266,"column":58},"end":{"line":291,"column":7}},"line":266},"31":{"name":"_callee4$","decl":{"start":{"line":268,"column":48},"end":{"line":268,"column":57}},"loc":{"start":{"line":268,"column":69},"end":{"line":290,"column":9}},"line":268},"32":{"name":"_delete","decl":{"start":{"line":293,"column":15},"end":{"line":293,"column":22}},"loc":{"start":{"line":293,"column":33},"end":{"line":295,"column":7}},"line":293}},"branchMap":{"0":{"loc":{"start":{"line":14,"column":46},"end":{"line":14,"column":92}},"type":"cond-expr","locations":[{"start":{"line":14,"column":70},"end":{"line":14,"column":73}},{"start":{"line":14,"column":76},"end":{"line":14,"column":92}}],"line":14},"1":{"loc":{"start":{"line":14,"column":46},"end":{"line":14,"column":67}},"type":"binary-expr","locations":[{"start":{"line":14,"column":46},"end":{"line":14,"column":49}},{"start":{"line":14,"column":53},"end":{"line":14,"column":67}}],"line":14},"2":{"loc":{"start":{"line":16,"column":91},"end":{"line":16,"column":131}},"type":"cond-expr","locations":[{"start":{"line":16,"column":114},"end":{"line":16,"column":126}},{"start":{"line":16,"column":129},"end":{"line":16,"column":131}}],"line":16},"3":{"loc":{"start":{"line":16,"column":168},"end":{"line":16,"column":382}},"type":"if","locations":[{"start":{"line":16,"column":168},"end":{"line":16,"column":382}},{"start":{"line":16,"column":168},"end":{"line":16,"column":382}}],"line":16},"4":{"loc":{"start":{"line":18,"column":44},"end":{"line":18,"column":195}},"type":"if","locations":[{"start":{"line":18,"column":44},"end":{"line":18,"column":195}},{"start":{"line":18,"column":44},"end":{"line":18,"column":195}}],"line":18},"5":{"loc":{"start":{"line":20,"column":176},"end":{"line":20,"column":263}},"type":"if","locations":[{"start":{"line":20,"column":176},"end":{"line":20,"column":263}},{"start":{"line":20,"column":176},"end":{"line":20,"column":263}}],"line":20},"6":{"loc":{"start":{"line":24,"column":50},"end":{"line":24,"column":151}},"type":"if","locations":[{"start":{"line":24,"column":50},"end":{"line":24,"column":151}},{"start":{"line":24,"column":50},"end":{"line":24,"column":151}}],"line":24},"7":{"loc":{"start":{"line":26,"column":136},"end":{"line":26,"column":166}},"type":"binary-expr","locations":[{"start":{"line":26,"column":136},"end":{"line":26,"column":157}},{"start":{"line":26,"column":161},"end":{"line":26,"column":166}}],"line":26},"8":{"loc":{"start":{"line":26,"column":200},"end":{"line":26,"column":254}},"type":"if","locations":[{"start":{"line":26,"column":200},"end":{"line":26,"column":254}},{"start":{"line":26,"column":200},"end":{"line":26,"column":254}}],"line":26},"9":{"loc":{"start":{"line":28,"column":62},"end":{"line":28,"column":131}},"type":"if","locations":[{"start":{"line":28,"column":62},"end":{"line":28,"column":131}},{"start":{"line":28,"column":62},"end":{"line":28,"column":131}}],"line":28},"10":{"loc":{"start":{"line":28,"column":132},"end":{"line":28,"column":193}},"type":"if","locations":[{"start":{"line":28,"column":132},"end":{"line":28,"column":193}},{"start":{"line":28,"column":132},"end":{"line":28,"column":193}}],"line":28},"11":{"loc":{"start":{"line":46,"column":12},"end":{"line":72,"column":13}},"type":"switch","locations":[{"start":{"line":47,"column":14},"end":{"line":56,"column":19}},{"start":{"line":58,"column":14},"end":{"line":67,"column":55}},{"start":{"line":69,"column":14},"end":{"line":69,"column":21}},{"start":{"line":70,"column":14},"end":{"line":71,"column":39}}],"line":46},"12":{"loc":{"start":{"line":92,"column":12},"end":{"line":191,"column":13}},"type":"switch","locations":[{"start":{"line":93,"column":14},"end":{"line":100,"column":19}},{"start":{"line":102,"column":14},"end":{"line":120,"column":19}},{"start":{"line":122,"column":14},"end":{"line":134,"column":57}},{"start":{"line":136,"column":14},"end":{"line":145,"column":19}},{"start":{"line":147,"column":14},"end":{"line":154,"column":19}},{"start":{"line":156,"column":14},"end":{"line":168,"column":57}},{"start":{"line":170,"column":14},"end":{"line":179,"column":56}},{"start":{"line":181,"column":14},"end":{"line":186,"column":57}},{"start":{"line":188,"column":14},"end":{"line":188,"column":22}},{"start":{"line":189,"column":14},"end":{"line":190,"column":40}}],"line":92},"13":{"loc":{"start":{"line":125,"column":16},"end":{"line":128,"column":17}},"type":"if","locations":[{"start":{"line":125,"column":16},"end":{"line":128,"column":17}},{"start":{"line":125,"column":16},"end":{"line":128,"column":17}}],"line":125},"14":{"loc":{"start":{"line":137,"column":16},"end":{"line":140,"column":17}},"type":"if","locations":[{"start":{"line":137,"column":16},"end":{"line":140,"column":17}},{"start":{"line":137,"column":16},"end":{"line":140,"column":17}}],"line":137},"15":{"loc":{"start":{"line":159,"column":16},"end":{"line":162,"column":17}},"type":"if","locations":[{"start":{"line":159,"column":16},"end":{"line":162,"column":17}},{"start":{"line":159,"column":16},"end":{"line":162,"column":17}}],"line":159},"16":{"loc":{"start":{"line":211,"column":12},"end":{"line":250,"column":13}},"type":"switch","locations":[{"start":{"line":212,"column":14},"end":{"line":223,"column":19}},{"start":{"line":225,"column":14},"end":{"line":238,"column":56}},{"start":{"line":240,"column":14},"end":{"line":245,"column":57}},{"start":{"line":247,"column":14},"end":{"line":247,"column":22}},{"start":{"line":248,"column":14},"end":{"line":249,"column":40}}],"line":211},"17":{"loc":{"start":{"line":228,"column":16},"end":{"line":231,"column":17}},"type":"if","locations":[{"start":{"line":228,"column":16},"end":{"line":231,"column":17}},{"start":{"line":228,"column":16},"end":{"line":231,"column":17}}],"line":228},"18":{"loc":{"start":{"line":270,"column":12},"end":{"line":288,"column":13}},"type":"switch","locations":[{"start":{"line":271,"column":14},"end":{"line":280,"column":19}},{"start":{"line":282,"column":14},"end":{"line":283,"column":39}},{"start":{"line":285,"column":14},"end":{"line":285,"column":21}},{"start":{"line":286,"column":14},"end":{"line":287,"column":40}}],"line":270}},"s":{"0":1,"1":1,"2":1,"3":1,"4":1,"5":3,"6":1,"7":1,"8":2,"9":2,"10":2,"11":2,"12":0,"13":2,"14":8,"15":1,"16":8,"17":0,"18":8,"19":8,"20":11,"21":11,"22":11,"23":0,"24":0,"25":11,"26":4,"27":7,"28":4,"29":4,"30":4,"31":4,"32":4,"33":11,"34":0,"35":4,"36":0,"37":0,"38":1,"39":1,"40":4,"41":4,"42":4,"43":4,"44":4,"45":4,"46":1,"47":0,"48":1,"49":1,"50":1,"51":1,"52":0,"53":1,"54":1,"55":1,"56":3,"57":3,"58":1,"59":1,"60":1,"61":1,"62":1,"63":1,"64":1,"65":1,"66":1,"67":1,"68":1,"69":1,"70":1,"71":6,"72":8,"73":1,"74":1,"75":1,"76":1,"77":1,"78":1,"79":1,"80":1,"81":1,"82":1,"83":0,"84":0,"85":1,"86":0,"87":0,"88":1,"89":1,"90":1,"91":1,"92":1,"93":1,"94":1,"95":1,"96":1,"97":0,"98":0,"99":1,"100":1,"101":1,"102":1,"103":0,"104":0,"105":1,"106":1,"107":1,"108":1,"109":1,"110":3,"111":3,"112":1,"113":1,"114":1,"115":1,"116":1,"117":0,"118":0,"119":1,"120":1,"121":1,"122":0,"123":0,"124":1,"125":1,"126":1,"127":1,"128":1,"129":2,"130":2,"131":1,"132":1,"133":1,"134":1,"135":1,"136":1,"137":1,"138":1,"139":1,"140":1},"f":{"0":3,"1":1,"2":0,"3":8,"4":8,"5":11,"6":4,"7":4,"8":4,"9":11,"10":0,"11":0,"12":1,"13":1,"14":1,"15":0,"16":1,"17":1,"18":3,"19":1,"20":1,"21":1,"22":1,"23":6,"24":1,"25":1,"26":1,"27":3,"28":1,"29":1,"30":1,"31":2,"32":1},"b":{"0":[3,0],"1":[3,3],"2":[2,0],"3":[2,0],"4":[0,8],"5":[4,7],"6":[0,0],"7":[4,4],"8":[4,0],"9":[0,1],"10":[1,0],"11":[1,1,0,1],"12":[1,1,1,1,1,1,1,0,0,1],"13":[1,0],"14":[0,1],"15":[1,0],"16":[1,1,0,0,1],"17":[0,1],"18":[1,1,1,1]},"_coverageSchema":"43e27e138ebf9cfc5966b082cf9a028302ed4184","hash":"01f6220991e4260b9debaba4b1d2f6b362d70ef7","contentHash":"86454a2aa9324cac243a80f49ff0d684e4183400ef5913d73fd60734e3204e93"},"C:\\Users\\nifemiadeyemi\\Desktop\\Book-A-Meal\\api\\models\\OrderItem.js":{"path":"C:\\Users\\nifemiadeyemi\\Desktop\\Book-A-Meal\\api\\models\\OrderItem.js","statementMap":{"0":{"start":{"line":3,"column":0},"end":{"line":5,"column":3}},"1":{"start":{"line":6,"column":0},"end":{"line":6,"column":25}},"2":{"start":{"line":8,"column":17},"end":{"line":8,"column":61}},"3":{"start":{"line":10,"column":16},"end":{"line":10,"column":69}},"4":{"start":{"line":12,"column":39},"end":{"line":12,"column":93}},"5":{"start":{"line":14,"column":16},"end":{"line":27,"column":2}},"6":{"start":{"line":29,"column":15},"end":{"line":29,"column":24}},"7":{"start":{"line":30,"column":0},"end":{"line":30,"column":27}}},"fnMap":{"0":{"name":"_interopRequireDefault","decl":{"start":{"line":12,"column":9},"end":{"line":12,"column":31}},"loc":{"start":{"line":12,"column":37},"end":{"line":12,"column":95}},"line":12}},"branchMap":{"0":{"loc":{"start":{"line":12,"column":46},"end":{"line":12,"column":92}},"type":"cond-expr","locations":[{"start":{"line":12,"column":70},"end":{"line":12,"column":73}},{"start":{"line":12,"column":76},"end":{"line":12,"column":92}}],"line":12},"1":{"loc":{"start":{"line":12,"column":46},"end":{"line":12,"column":67}},"type":"binary-expr","locations":[{"start":{"line":12,"column":46},"end":{"line":12,"column":49}},{"start":{"line":12,"column":53},"end":{"line":12,"column":67}}],"line":12}},"s":{"0":1,"1":1,"2":1,"3":1,"4":2,"5":1,"6":1,"7":1},"f":{"0":2},"b":{"0":[1,1],"1":[2,2]},"_coverageSchema":"43e27e138ebf9cfc5966b082cf9a028302ed4184","hash":"028130fbfd1b8d42fff4ab9a7148a186d8a62e6a","contentHash":"d2cf67e06072e125063d096a356af2c11480a1a271669703f564b4ea4e1f3aae"},"C:\\Users\\nifemiadeyemi\\Desktop\\Book-A-Meal\\api\\models\\User.js":{"path":"C:\\Users\\nifemiadeyemi\\Desktop\\Book-A-Meal\\api\\models\\User.js","statementMap":{"0":{"start":{"line":3,"column":0},"end":{"line":5,"column":3}},"1":{"start":{"line":6,"column":0},"end":{"line":6,"column":25}},"2":{"start":{"line":8,"column":17},"end":{"line":8,"column":61}},"3":{"start":{"line":10,"column":16},"end":{"line":10,"column":69}},"4":{"start":{"line":12,"column":39},"end":{"line":12,"column":93}},"5":{"start":{"line":14,"column":11},"end":{"line":25,"column":2}},"6":{"start":{"line":27,"column":15},"end":{"line":27,"column":19}},"7":{"start":{"line":28,"column":0},"end":{"line":28,"column":27}}},"fnMap":{"0":{"name":"_interopRequireDefault","decl":{"start":{"line":12,"column":9},"end":{"line":12,"column":31}},"loc":{"start":{"line":12,"column":37},"end":{"line":12,"column":95}},"line":12}},"branchMap":{"0":{"loc":{"start":{"line":12,"column":46},"end":{"line":12,"column":92}},"type":"cond-expr","locations":[{"start":{"line":12,"column":70},"end":{"line":12,"column":73}},{"start":{"line":12,"column":76},"end":{"line":12,"column":92}}],"line":12},"1":{"loc":{"start":{"line":12,"column":46},"end":{"line":12,"column":67}},"type":"binary-expr","locations":[{"start":{"line":12,"column":46},"end":{"line":12,"column":49}},{"start":{"line":12,"column":53},"end":{"line":12,"column":67}}],"line":12}},"s":{"0":1,"1":1,"2":1,"3":1,"4":2,"5":1,"6":1,"7":1},"f":{"0":2},"b":{"0":[1,1],"1":[2,2]},"_coverageSchema":"43e27e138ebf9cfc5966b082cf9a028302ed4184","hash":"411b2bc3f1d2e3eddcdb21accb11c458e23e2a45","contentHash":"3958c66013da4c4a048975d964480296d8b72da18ae48fcb0a5ac5e02dc7ba24"},"C:\\Users\\nifemiadeyemi\\Desktop\\Book-A-Meal\\api\\controllers\\order.js":{"path":"C:\\Users\\nifemiadeyemi\\Desktop\\Book-A-Meal\\api\\controllers\\order.js","statementMap":{"0":{"start":{"line":3,"column":0},"end":{"line":5,"column":3}},"1":{"start":{"line":6,"column":0},"end":{"line":6,"column":25}},"2":{"start":{"line":8,"column":10},"end":{"line":8,"column":47}},"3":{"start":{"line":10,"column":12},"end":{"line":10,"column":51}},"4":{"start":{"line":12,"column":17},"end":{"line":12,"column":61}},"5":{"start":{"line":14,"column":13},"end":{"line":14,"column":63}},"6":{"start":{"line":16,"column":12},"end":{"line":16,"column":61}},"7":{"start":{"line":18,"column":17},"end":{"line":18,"column":71}},"8":{"start":{"line":20,"column":39},"end":{"line":20,"column":93}},"9":{"start":{"line":22,"column":44},"end":{"line":22,"column":195}},"10":{"start":{"line":22,"column":62},"end":{"line":22,"column":166}},"11":{"start":{"line":22,"column":176},"end":{"line":22,"column":193}},"12":{"start":{"line":22,"column":196},"end":{"line":22,"column":207}},"13":{"start":{"line":24,"column":77},"end":{"line":24,"column":175}},"14":{"start":{"line":24,"column":94},"end":{"line":24,"column":107}},"15":{"start":{"line":24,"column":121},"end":{"line":24,"column":131}},"16":{"start":{"line":24,"column":151},"end":{"line":24,"column":165}},"17":{"start":
[...]
i\\middleware\\menu.js":{"path":"C:\\Users\\nifemiadeyemi\\Desktop\\Book-A-Meal\\api\\middleware\\menu.js","statementMap":{"0":{"start":{"line":3,"column":0},"end":{"line":5,"column":3}},"1":{"start":{"line":6,"column":0},"end":{"line":6,"column":25}},"2":{"start":{"line":8,"column":11},"end":{"line":8,"column":49}},"3":{"start":{"line":10,"column":39},"end":{"line":10,"column":93}},"4":{"start":{"line":12,"column":50},"end":{"line":12,"column":151}},"5":{"start":{"line":12,"column":92},"end":{"line":12,"column":149}},"6":{"start":{"line":14,"column":44},"end":{"line":14,"column":315}},"7":{"start":{"line":14,"column":57},"end":{"line":14,"column":58}},"8":{"start":{"line":14,"column":102},"end":{"line":14,"column":110}},"9":{"start":{"line":14,"column":112},"end":{"line":14,"column":167}},"10":{"start":{"line":14,"column":168},"end":{"line":14,"column":199}},"11":{"start":{"line":14,"column":200},"end":{"line":14,"column":254}},"12":{"start":{"line":14,"column":227},"end":{"line":14,"column":254}},"13":{"start":{"line":14,"column":255},"end":{"line":14,"column":313}},"14":{"start":{"line":16,"column":62},"end":{"line":16,"column":131}},"15":{"start":{"line":16,"column":78},"end":{"line":16,"column":131}},"16":{"start":{"line":16,"column":132},"end":{"line":16,"column":193}},"17":{"start":{"line":16,"column":149},"end":{"line":16,"column":193}},"18":{"start":{"line":16,"column":194},"end":{"line":16,"column":213}},"19":{"start":{"line":18,"column":13},"end":{"line":21,"column":2}},"20":{"start":{"line":25,"column":0},"end":{"line":51,"column":3}},"21":{"start":{"line":27,"column":4},"end":{"line":27,"column":32}},"22":{"start":{"line":30,"column":2},"end":{"line":48,"column":6}},"23":{"start":{"line":33,"column":26},"end":{"line":33,"column":65}},"24":{"start":{"line":34,"column":18},"end":{"line":34,"column":37}},"25":{"start":{"line":36,"column":6},"end":{"line":43,"column":7}},"26":{"start":{"line":37,"column":27},"end":{"line":37,"column":51}},"27":{"start":{"line":38,"column":8},"end":{"line":41,"column":11}},"28":{"start":{"line":42,"column":8},"end":{"line":42,"column":21}},"29":{"start":{"line":45,"column":6},"end":{"line":45,"column":13}},"30":{"start":{"line":46,"column":6},"end":{"line":46,"column":18}},"31":{"start":{"line":50,"column":2},"end":{"line":50,"column":14}},"32":{"start":{"line":53,"column":15},"end":{"line":53,"column":19}},"33":{"start":{"line":54,"column":0},"end":{"line":54,"column":27}}},"fnMap":{"0":{"name":"_interopRequireDefault","decl":{"start":{"line":10,"column":9},"end":{"line":10,"column":31}},"loc":{"start":{"line":10,"column":37},"end":{"line":10,"column":95}},"line":10},"1":{"name":"_classCallCheck","decl":{"start":{"line":12,"column":9},"end":{"line":12,"column":24}},"loc":{"start":{"line":12,"column":48},"end":{"line":12,"column":153}},"line":12},"2":{"name":"_defineProperties","decl":{"start":{"line":14,"column":9},"end":{"line":14,"column":26}},"loc":{"start":{"line":14,"column":42},"end":{"line":14,"column":317}},"line":14},"3":{"name":"_createClass","decl":{"start":{"line":16,"column":9},"end":{"line":16,"column":21}},"loc":{"start":{"line":16,"column":60},"end":{"line":16,"column":215}},"line":16},"4":{"name":"(anonymous_4)","decl":{"start":{"line":25,"column":0},"end":{"line":25,"column":1}},"loc":{"start":{"line":25,"column":12},"end":{"line":51,"column":1}},"line":25},"5":{"name":"Menu","decl":{"start":{"line":26,"column":11},"end":{"line":26,"column":15}},"loc":{"start":{"line":26,"column":18},"end":{"line":28,"column":3}},"line":26},"6":{"name":"validate","decl":{"start":{"line":32,"column":20},"end":{"line":32,"column":28}},"loc":{"start":{"line":32,"column":45},"end":{"line":47,"column":5}},"line":32}},"branchMap":{"0":{"loc":{"start":{"line":10,"column":46},"end":{"line":10,"column":92}},"type":"cond-expr","locations":[{"start":{"line":10,"column":70},"end":{"line":10,"column":73}},{"start":{"line":10,"column":76},"end":{"line":10,"column":92}}],"line":10},"1":{"loc":{"start":{"line":10,"column":46},"end":{"line":10,"column":67}},"type":"binary-expr","locations":[{"start":{"line":10,"column":46},"end":{"line":10,"column":49}},{"start":{"line":10,"column":53},"end":{"line":10,"column":67}}],"line":10},"2":{"loc":{"start":{"line":12,"column":50},"end":{"line":12,"column":151}},"type":"if","locations":[{"start":{"line":12,"column":50},"end":{"line":12,"column":151}},{"start":{"line":12,"column":50},"end":{"line":12,"column":151}}],"line":12},"3":{"loc":{"start":{"line":14,"column":136},"end":{"line":14,"column":166}},"type":"binary-expr","locations":[{"start":{"line":14,"column":136},"end":{"line":14,"column":157}},{"start":{"line":14,"column":161},"end":{"line":14,"column":166}}],"line":14},"4":{"loc":{"start":{"line":14,"column":200},"end":{"line":14,"column":254}},"type":"if","locations":[{"start":{"line":14,"column":200},"end":{"line":14,"column":254}},{"start":{"line":14,"column":200},"end":{"line":14,"column":254}}],"line":14},"5":{"loc":{"start":{"line":16,"column":62},"end":{"line":16,"column":131}},"type":"if","locations":[{"start":{"line":16,"column":62},"end":{"line":16,"column":131}},{"start":{"line":16,"column":62},"end":{"line":16,"column":131}}],"line":16},"6":{"loc":{"start":{"line":16,"column":132},"end":{"line":16,"column":193}},"type":"if","locations":[{"start":{"line":16,"column":132},"end":{"line":16,"column":193}},{"start":{"line":16,"column":132},"end":{"line":16,"column":193}}],"line":16},"7":{"loc":{"start":{"line":36,"column":6},"end":{"line":43,"column":7}},"type":"if","locations":[{"start":{"line":36,"column":6},"end":{"line":43,"column":7}},{"start":{"line":36,"column":6},"end":{"line":43,"column":7}}],"line":36}},"s":{"0":1,"1":1,"2":1,"3":1,"4":0,"5":0,"6":1,"7":1,"8":1,"9":1,"10":1,"11":1,"12":1,"13":1,"14":1,"15":0,"16":1,"17":1,"18":1,"19":1,"20":1,"21":0,"22":1,"23":2,"24":2,"25":2,"26":0,"27":0,"28":0,"29":2,"30":2,"31":1,"32":1,"33":1},"f":{"0":1,"1":0,"2":1,"3":1,"4":1,"5":0,"6":2},"b":{"0":[0,1],"1":[1,1],"2":[0,0],"3":[1,1],"4":[1,0],"5":[0,1],"6":[1,0],"7":[0,2]},"_coverageSchema":"43e27e138ebf9cfc5966b082cf9a028302ed4184","hash":"9ea99fe41f1e02448b9628595e2c43c2c1c97881","contentHash":"a5f91b8097b1986d6fc466ffdcde2055b854c248341c2872b3bc1fa7bf93886d"},"C:\\Users\\nifemiadeyemi\\Desktop\\Book-A-Meal\\api\\middleware\\order-item.js":{"path":"C:\\Users\\nifemiadeyemi\\Desktop\\Book-A-Meal\\api\\middleware\\order-item.js","statementMap":{"0":{"start":{"line":3,"column":0},"end":{"line":5,"column":3}},"1":{"start":{"line":6,"column":0},"end":{"line":6,"column":25}},"2":{"start":{"line":8,"column":11},"end":{"line":8,"column":49}},"3":{"start":{"line":10,"column":39},"end":{"line":10,"column":93}},"4":{"start":{"line":12,"column":50},"end":{"line":12,"column":151}},"5":{"start":{"line":12,"column":92},"end":{"line":12,"column":149}},"6":{"start":{"line":14,"column":44},"end":{"line":14,"column":315}},"7":{"start":{"line":14,"column":57},"end":{"line":14,"column":58}},"8":{"start":{"line":14,"column":102},"end":{"line":14,"column":110}},"9":{"start":{"line":14,"column":112},"end":{"line":14,"column":167}},"10":{"start":{"line":14,"column":168},"end":{"line":14,"column":199}},"11":{"start":{"line":14,"column":200},"end":{"line":14,"column":254}},"12":{"start":{"line":14,"column":227},"end":{"line":14,"column":254}},"13":{"start":{"line":14,"column":255},"end":{"line":14,"column":313}},"14":{"start":{"line":16,"column":62},"end":{"line":16,"column":131}},"15":{"start":{"line":16,"column":78},"end":{"line":16,"column":131}},"16":{"start":{"line":16,"column":132},"end":{"line":16,"column":193}},"17":{"start":{"line":16,"column":149},"end":{"line":16,"column":193}},"18":{"start":{"line":16,"column":194},"end":{"line":16,"column":213}},"19":{"start":{"line":20,"column":0},"end":{"line":77,"column":3}},"20":{"start":{"line":22,"column":4},"end":{"line":22,"column":37}},"21":{"start":{"line":25,"column":2},"end":{"line":74,"column":6}},"22":{"start":{"line":28,"column":19},"end":{"line":33,"column":8}},"23":{"start":{"line":35,"column":26},"end":{"line":35,"column":65}},"24":{"start":{"line":36,"column":18},"end":{"line":36,"column":37}},"25":{"start":{"line":38,"column":6},"end":{"line":45,"column":7}},"26":{"start":{"line":39,"column":27},"end":{"line":39,"column":51}},"27":{"start":{"line":40,"column":8},"end":{"line":43,"column":11}},"28":{"start":{"line":44,"column":8},"end":{"line":44,"column":21}},"29":{"start":{"line":47,"column":6},"end":{"line":47,"column":13}},"30":{"start":{"line":48,"column":6},"end":{"line":48,"column":18}},"31":{"start":{"line":53,"column":19},"end":{"line":57,"column":8}},"32":{"start":{"line":59,"column":27},"end":{"line":59,"column":66}},"33":{"start":{"line":60,"column":18},"end":{"line":60,"column":38}},"34":{"start":{"line":62,"column":6},"end":{"line":69,"column":7}},"35":{"start":{"line":63,"column":27},"end":{"line":63,"column":51}},"36":{"start":{"line":64,"column":8},"end":{"line":67,"column":11}},"37":{"start":{"line":68,"column":8},"end":{"line":68,"column":21}},"38":{"start":{"line":71,"column":6},"end":{"line":71,"column":13}},"39":{"start":{"line":72,"column":6},"end":{"line":72,"column":18}},"40":{"start":{"line":76,"column":2},"end":{"line":76,"column":19}},"41":{"start":{"line":79,"column":15},"end":{"line":79,"column":24}},"42":{"start":{"line":80,"column":0},"end":{"line":80,"column":27}}},"fnMap":{"0":{"name":"_interopRequireDefault","decl":{"start":{"line":10,"column":9},"end":{"line":10,"column":31}},"loc":{"start":{"line":10,"column":37},"end":{"line":10,"column":95}},"line":10},"1":{"name":"_classCallCheck","decl":{"start":{"line":12,"column":9},"end":{"line":12,"column":24}},"loc":{"start":{"line":12,"column":48},"end":{"line":12,"column":153}},"line":12},"2":{"name":"_defineProperties","decl":{"start":{"line":14,"column":9},"end":{"line":14,"column":26}},"loc":{"start":{"line":14,"column":42},"end":{"line":14,"column":317}},"line":14},"3":{"name":"_createClass","decl":{"start":{"line":16,"column":9},"end":{"line":16,"column":21}},"loc":{"start":{"line":16,"column":60},"end":{"line":16,"column":215}},"line":16},"4":{"name":"(anonymous_4)","decl":{"start":{"line":20,"column":0},"end":{"line":20,"column":1}},"loc":{"start":{"line":20,"column":12},"end":{"line":77,"column":1}},"line":20},"5":{"name":"OrderItem","decl":{"start":{"line":21,"column":11},"end":{"line":21,"column":20}},"loc":{"start":{"line":21,"column":23},"end":{"line":23,"column":3}},"line":21},"6":{"name":"add","decl":{"start":{"line":27,"column":20},"end":{"line":27,"column":23}},"loc":{"start":{"line":27,"column":40},"end":{"line":49,"column":5}},"line":27},"7":{"name":"edit","decl":{"start":{"line":52,"column":20},"end":{"line":52,"column":24}},"loc":{"start":{"line":52,"column":41},"end":{"line":73,"column":5}},"line":52}},"branchMap":{"0":{"loc":{"start":{"line":10,"column":46},"end":{"line":10,"column":92}},"type":"cond-expr","locations":[{"start":{"line":10,"column":70},"end":{"line":10,"column":73}},{"start":{"line":10,"column":76},"end":{"line":10,"column":92}}],"line":10},"1":{"loc":{"start":{"line":10,"column":46},"end":{"line":10,"column":67}},"type":"binary-expr","locations":[{"start":{"line":10,"column":46},"end":{"line":10,"column":49}},{"start":{"line":10,"column":53},"end":{"line":10,"column":67}}],"line":10},"2":{"loc":{"start":{"line":12,"column":50},"end":{"line":12,"column":151}},"type":"if","locations":[{"start":{"line":12,"column":50},"end":{"line":12,"column":151}},{"start":{"line":12,"column":50},"end":{"line":12,"column":151}}],"line":12},"3":{"loc":{"start":{"line":14,"column":136},"end":{"line":14,"column":166}},"type":"binary-expr","locations":[{"start":{"line":14,"column":136},"end":{"line":14,"column":157}},{"start":{"line":14,"column":161},"end":{"line":14,"column":166}}],"line":14},"4":{"loc":{"start":{"line":14,"column":200},"end":{"line":14,"column":254}},"type":"if","locations":[{"start":{"line":14,"column":200},"end":{"line":14,"column":254}},{"start":{"line":14,"column":200},"end":{"line":14,"column":254}}],"line":14},"5":{"loc":{"start":{"line":16,"column":62},"end":{"line":16,"column":131}},"type":"if","locations":[{"start":{"line":16,"column":62},"end":{"line":16,"column":131}},{"start":{"line":16,"column":62},"end":{"line":16,"column":131}}],"line":16},"6":{"loc":{"start":{"line":16,"column":132},"end":{"line":16,"column":193}},"type":"if","locations":[{"start":{"line":16,"column":132},"end":{"line":16,"column":193}},{"start":{"line":16,"column":132},"end":{"line":16,"column":193}}],"line":16},"7":{"loc":{"start":{"line":38,"column":6},"end":{"line":45,"column":7}},"type":"if","locations":[{"start":{"line":38,"column":6},"end":{"line":45,"column":7}},{"start":{"line":38,"column":6},"end":{"line":45,"column":7}}],"line":38},"8":{"loc":{"start":{"line":62,"column":6},"end":{"line":69,"column":7}},"type":"if","locations":[{"start":{"line":62,"column":6},"end":{"line":69,"column":7}},{"start":{"line":62,"column":6},"end":{"line":69,"column":7}}],"line":62}},"s":{"0":1,"1":1,"2":1,"3":1,"4":0,"5":0,"6":1,"7":1,"8":2,"9":2,"10":2,"11":2,"12":2,"13":2,"14":1,"15":0,"16":1,"17":1,"18":1,"19":1,"20":0,"21":1,"22":1,"23":1,"24":1,"25":1,"26":0,"27":0,"28":0,"29":1,"30":1,"31":1,"32":1,"33":1,"34":1,"35":0,"36":0,"37":0,"38":1,"39":1,"40":1,"41":1,"42":1},"f":{"0":1,"1":0,"2":1,"3":1,"4":1,"5":0,"6":1,"7":1},"b":{"0":[0,1],"1":[1,1],"2":[0,0],"3":[2,2],"4":[2,0],"5":[0,1],"6":[1,0],"7":[0,1],"8":[0,1]},"_coverageSchema":"43e27e138ebf9cfc5966b082cf9a028302ed4184","hash":"aee71f2ea2e22adcfa80308832ec9e5c1bb6cbd1","contentHash":"5569db73d137e0d9e465b9ef9d2d291071edbfb72587f95b1bae44129e9f94c7"},"C:\\Users\\nifemiadeyemi\\Desktop\\Book-A-Meal\\api\\middleware\\order.js":{"path":"C:\\Users\\nifemiadeyemi\\Desktop\\Book-A-Meal\\api\\middleware\\order.js","statementMap":{"0":{"start":{"line":3,"column":0},"end":{"line":5,"column":3}},"1":{"start":{"line":6,"column":0},"end":{"line":6,"column":25}},"2":{"start":{"line":8,"column":11},"end":{"line":8,"column":49}},"3":{"start":{"line":10,"column":39},"end":{"line":10,"column":93}},"4":{"start":{"line":12,"column":50},"end":{"line":12,"column":151}},"5":{"start":{"line":12,"column":92},"end":{"line":12,"column":149}},"6":{"start":{"line":14,"column":44},"end":{"line":14,"column":315}},"7":{"start":{"line":14,"column":57},"end":{"line":14,"column":58}},"8":{"start":{"line":14,"column":102},"end":{"line":14,"column":110}},"9":{"start":{"line":14,"column":112},"end":{"line":14,"column":167}},"10":{"start":{"line":14,"column":168},"end":{"line":14,"column":199}},"11":{"start":{"line":14,"column":200},"end":{"line":14,"column":254}},"12":{"start":{"line":14,"column":227},"end":{"line":14,"column":254}},"13":{"start":{"line":14,"column":255},"end":{"line":14,"column":313}},"14":{"start":{"line":16,"column":62},"end":{"line":16,"column":131}},"15":{"start":{"line":16,"column":78},"end":{"line":16,"column":131}},"16":{"start":{"line":16,"column":132},"end":{"line":16,"column":193}},"17":{"start":{"line":16,"column":149},"end":{"line":16,"column":193}},"18":{"start":{"line":16,"column":194},"end":{"line":16,"column":213}},"19":{"start":{"line":20,"column":0},"end":{"line":52,"column":3}},"20":{"start":{"line":22,"column":4},"end":{"line":22,"column":33}},"21":{"start":{"line":25,"column":2},"end":{"line":49,"column":6}},"22":{"start":{"line":28,"column":19},"end":{"line":32,"column":8}},"23":{"start":{"line":34,"column":26},"end":{"line":34,"column":65}},"24":{"start":{"line":35,"column":18},"end":{"line":35,"column":37}},"25":{"start":{"line":37,"column":6},"end":{"line":44,"column":7}},"26":{"start":{"line":38,"column":27},"end":{"line":38,"column":51}},"27":{"start":{"line":39,"column":8},"end":{"line":42,"column":11}},"28":{"start":{"line":43,"column":8},"end":{"line":43,"column":21}},"29":{"start":{"line":46,"column":6},"end":{"line":46,"column":13}},"30":{"start":{"line":47,"column":6},"end":{"line":47,"column":18}},"31":{"start":{"line":51,"column":2},"end":{"line":51,"column":15}},"32":{"start":{"line":54,"column":15},"end":{"line":54,"column":20}},"33":{"start":{"line":55,"column":0},"end":{"line":55,"column":27}}},"fnMap":{"0":{"name":"_interopRequireDefault","decl":{"start":{"line":10,"column":9},"end":{"line":10,"column":31}},"loc":{"start":{"line":10,"column":37},"end":{"line":10,"column":95}},"line":10},"1":{"name":"_classCallCheck","decl":{"start":{"line":12,"column":9},"end":{"line":12,"column":24}},"loc":{"start":{"line":12,"column":48},"end":{"line":12,"column":153}},"line":12},"2":{"name":"_defineProperties","decl":{"start":{"line":14,"column":9},"end":{"line":14,"column":26}},"loc":{"start":{"line":14,"column":42},"end":{"line":14,"column":317}},"line":14},"3":{"name":"_createClass","decl":{"start":{"line":16,"column":9},"end":{"line":16,"column":21}},"loc":{"start":{"line":16,"column":60},"end":{"line":16,"column":215}},"line":16},"4":{"name":"(anonymous_4)","decl":{"start":{"line":20,"column":0},"end":{"line":20,"column":1}},"loc":{"start":{"line":20,"column":12},"end":{"line":52,"column":1}},"line":20},"5":{"name":"Order","decl":{"start":{"line":21,"column":11},"end":{"line":21,"column":16}},"loc":{"start":{"line":21,"column":19},"end":{"line":23,"column":3}},"line":21},"6":{"name":"validate","decl":{"start":{"line":27,"column":20},"end":{"line":27,"column":28}},"loc":{"start":{"line":27,"column":45},"end":{"line":48,"column":5}},"line":27}},"branchMap":{"0":{"loc":{"start":{"line":10,"column":46},"end":{"line":10,"column":92}},"type":"cond-expr","locations":[{"start":{"line":10,"column":70},"end":{"line":10,"column":73}},{"start":{"line":10,"column":76},"end":{"line":10,"column":92}}],"line":10},"1":{"loc":{"start":{"line":10,"column":46},"end":{"line":10,"column":67}},"type":"binary-expr","locations":[{"start":{"line":10,"column":46},"end":{"line":10,"column":49}},{"start":{"line":10,"column":53},"end":{"line":10,"column":67}}],"line":10},"2":{"loc":{"start":{"line":12,"column":50},"end":{"line":12,"column":151}},"type":"if","locations":[{"start":{"line":12,"column":50},"end":{"line":12,"column":151}},{"start":{"line":12,"column":50},"end":{"line":12,"column":151}}],"line":12},"3":{"loc":{"start":{"line":14,"column":136},"end":{"line":14,"column":166}},"type":"binary-expr","locations":[{"start":{"line":14,"column":136},"end":{"line":14,"column":157}},{"start":{"line":14,"column":161},"end":{"line":14,"column":166}}],"line":14},"4":{"loc":{"start":{"line":14,"column":200},"end":{"line":14,"column":254}},"type":"if","locations":[{"start":{"line":14,"column":200},"end":{"line":14,"column":254}},{"start":{"line":14,"column":200},"end":{"line":14,"column":254}}],"line":14},"5":{"loc":{"start":{"line":16,"column":62},"end":{"line":16,"column":131}},"type":"if","locations":[{"start":{"line":16,"column":62},"end":{"line":16,"column":131}},{"start":{"line":16,"column":62},"end":{"line":16,"column":131}}],"line":16},"6":{"loc":{"start":{"line":16,"column":132},"end":{"line":16,"column":193}},"type":"if","locations":[{"start":{"line":16,"column":132},"end":{"line":16,"column":193}},{"start":{"line":16,"column":132},"end":{"line":16,"column":193}}],"line":16},"7":{"loc":{"start":{"line":37,"column":6},"end":{"line":44,"column":7}},"type":"if","locations":[{"start":{"line":37,"column":6},"end":{"line":44,"column":7}},{"start":{"line":37,"column":6},"end":{"line":44,"column":7}}],"line":37}},"s":{"0":1,"1":1,"2":1,"3":1,"4":0,"5":0,"6":1,"7":1,"8":1,"9":1,"10":1,"11":1,"12":1,"13":1,"14":1,"15":0,"16":1,"17":1,"18":1,"19":1,"20":0,"21":1,"22":1,"23":1,"24":1,"25":1,"26":0,"27":0,"28":0,"29":1,"30":1,"31":1,"32":1,"33":1},"f":{"0":1,"1":0,"2":1,"3":1,"4":1,"5":0,"6":1},"b":{"0":[0,1],"1":[1,1],"2":[0,0],"3":[1,1],"4":[1,0],"5":[0,1],"6":[1,0],"7":[0,1]},"_coverageSchema":"43e27e138ebf9cfc5966b082cf9a028302ed4184","hash":"7dcde7b4407e37d7fcf7bad0559bd3cf10b3dd0d","contentHash":"863ee2ccdb1c96ad9b591711220a19a685ac2d5c68722ff5fa0bfcf19631b23a"}}