{"C:\\Users\\nifemiadeyemi\\Desktop\\Book-A-Meal\\api\\index.js":{"path":"C:\\Users\\nifemiadeyemi\\Desktop\\Book-A-Meal\\api\\index.js","statementMap":{"0":{"start":{"line":3,"column":0},"end":{"line":5,"column":3}},"1":{"start":{"line":6,"column":0},"end":{"line":6,"column":25}},"2":{"start":{"line":8,"column":15},"end":{"line":8,"column":57}},"3":{"start":{"line":10,"column":16},"end":{"line":10,"column":68}},"4":{"start":{"line":12,"column":14},"end":{"line":12,"column":64}},"5":{"start":{"line":14,"column":12},"end":{"line":14,"column":60}},"6":{"start":{"line":16,"column":12},"end":{"line":16,"column":60}},"7":{"start":{"line":18,"column":17},"end":{"line":18,"column":70}},"8":{"start":{"line":20,"column":13},"end":{"line":20,"column":62}},"9":{"start":{"line":22,"column":12},"end":{"line":22,"column":60}},"10":{"start":{"line":24,"column":15},"end":{"line":24,"column":66}},"11":{"start":{"line":26,"column":39},"end":{"line":26,"column":93}},"12":{"start":{"line":28,"column":10},"end":{"line":28,"column":33}},"13":{"start":{"line":30,"column":0},"end":{"line":30,"column":40}},"14":{"start":{"line":32,"column":0},"end":{"line":32,"column":38}},"15":{"start":{"line":34,"column":0},"end":{"line":34,"column":45}},"16":{"start":{"line":36,"column":0},"end":{"line":36,"column":43}},"17":{"start":{"line":38,"column":0},"end":{"line":38,"column":44}},"18":{"start":{"line":40,"column":0},"end":{"line":40,"column":42}},"19":{"start":{"line":42,"column":0},"end":{"line":44,"column":3}},"20":{"start":{"line":46,"column":0},"end":{"line":48,"column":3}},"21":{"start":{"line":50,"column":11},"end":{"line":50,"column":35}},"22":{"start":{"line":51,"column":0},"end":{"line":51,"column":36}},"23":{"start":{"line":53,"column":0},"end":{"line":56,"column":22}},"24":{"start":{"line":54,"column":2},"end":{"line":54,"column":40}},"25":{"start":{"line":55,"column":2},"end":{"line":55,"column":19}},"26":{"start":{"line":58,"column":15},"end":{"line":58,"column":18}},"27":{"start":{"line":59,"column":0},"end":{"line":59,"column":27}}},"fnMap":{"0":{"name":"_interopRequireDefault","decl":{"start":{"line":26,"column":9},"end":{"line":26,"column":31}},"loc":{"start":{"line":26,"column":37},"end":{"line":26,"column":95}},"line":26},"1":{"name":"(anonymous_1)","decl":{"start":{"line":53,"column":30},"end":{"line":53,"column":31}},"loc":{"start":{"line":53,"column":42},"end":{"line":56,"column":1}},"line":53}},"branchMap":{"0":{"loc":{"start":{"line":26,"column":46},"end":{"line":26,"column":92}},"type":"cond-expr","locations":[{"start":{"line":26,"column":70},"end":{"line":26,"column":73}},{"start":{"line":26,"column":76},"end":{"line":26,"column":92}}],"line":26},"1":{"loc":{"start":{"line":26,"column":46},"end":{"line":26,"column":67}},"type":"binary-expr","locations":[{"start":{"line":26,"column":46},"end":{"line":26,"column":49}},{"start":{"line":26,"column":53},"end":{"line":26,"column":67}}],"line":26},"2":{"loc":{"start":{"line":50,"column":11},"end":{"line":50,"column":35}},"type":"binary-expr","locations":[{"start":{"line":50,"column":11},"end":{"line":50,"column":27}},{"start":{"line":50,"column":31},"end":{"line":50,"column":35}}],"line":50}},"s":{"0":1,"1":1,"2":1,"3":1,"4":1,"5":1,"6":1,"7":1,"8":1,"9":1,"10":1,"11":9,"12":1,"13":1,"14":1,"15":1,"16":1,"17":1,"18":1,"19":1,"20":1,"21":1,"22":1,"23":1,"24":1,"25":1,"26":1,"27":1},"f":{"0":9,"1":1},"b":{"0":[8,1],"1":[9,9],"2":[1,1]},"_coverageSchema":"43e27e138ebf9cfc5966b082cf9a028302ed4184","hash":"81303a2f2090e4c741aa0134fbe9e4badcaf6b28","contentHash":"b48fb21bd1c90547e99f90e52b9b61a3167600e61a73b085e4c287822c3c60fe"},"C:\\Users\\nifemiadeyemi\\Desktop\\Book-A-Meal\\api\\config\\database.js":{"path":"C:\\Users\\nifemiadeyemi\\Desktop\\Book-A-Meal\\api\\config\\database.js","statementMap":{"0":{"start":{"line":3,"column":0},"end":{"line":5,"column":3}},"1":{"start":{"line":6,"column":0},"end":{"line":6,"column":25}},"2":{"start":{"line":8,"column":17},"end":{"line":8,"column":61}},"3":{"start":{"line":10,"column":39},"end":{"line":10,"column":93}},"4":{"start":{"line":12,"column":9},"end":{"line":23,"column":2}},"5":{"start":{"line":24,"column":15},"end":{"line":24,"column":17}},"6":{"start":{"line":25,"column":0},"end":{"line":25,"column":27}}},"fnMap":{"0":{"name":"_interopRequireDefault","decl":{"start":{"line":10,"column":9},"end":{"line":10,"column":31}},"loc":{"start":{"line":10,"column":37},"end":{"line":10,"column":95}},"line":10}},"branchMap":{"0":{"loc":{"start":{"line":10,"column":46},"end":{"line":10,"column":92}},"type":"cond-expr","locations":[{"start":{"line":10,"column":70},"end":{"line":10,"column":73}},{"start":{"line":10,"column":76},"end":{"line":10,"column":92}}],"line":10},"1":{"loc":{"start":{"line":10,"column":46},"end":{"line":10,"column":67}},"type":"binary-expr","locations":[{"start":{"line":10,"column":46},"end":{"line":10,"column":49}},{"start":{"line":10,"column":53},"end":{"line":10,"column":67}}],"line":10}},"s":{"0":1,"1":1,"2":1,"3":1,"4":1,"5":1,"6":1},"f":{"0":1},"b":{"0":[0,1],"1":[1,1]},"_coverageSchema":"43e27e138ebf9cfc5966b082cf9a028302ed4184","hash":"3597f704c7a5e60694dec50e902c07cbc4660574","contentHash":"33f5011115f41ba4b710948f22ee816c2227f82b42d86518cec1d70339cdcde8"},"C:\\Users\\nifemiadeyemi\\Desktop\\Book-A-Meal\\api\\routes\\routes.js":{"path":"C:\\Users\\nifemiadeyemi\\Desktop\\Book-A-Meal\\api\\routes\\routes.js","statementMap":{"0":{"start":{"line":3,"column":0},"end":{"line":5,"column":3}},"1":{"start":{"line":6,"column":0},"end":{"line":6,"column":25}},"2":{"start":{"line":8,"column":15},"end":{"line":8,"column":57}},"3":{"start":{"line":10,"column":12},"end":{"line":10,"column":66}},"4":{"start":{"line":12,"column":12},"end":{"line":12,"column":66}},"5":{"start":{"line":14,"column":17},"end":{"line":14,"column":77}},"6":{"start":{"line":16,"column":13},"end":{"line":16,"column":68}},"7":{"start":{"line":18,"column":12},"end":{"line":18,"column":66}},"8":{"start":{"line":20,"column":12},"end":{"line":20,"column":66}},"9":{"start":{"line":22,"column":15},"end":{"line":22,"column":72}},"10":{"start":{"line":24,"column":39},"end":{"line":24,"column":93}},"11":{"start":{"line":26,"column":13},"end":{"line":26,"column":38}},"12":{"start":{"line":28,"column":0},"end":{"line":28,"column":36}},"13":{"start":{"line":30,"column":0},"end":{"line":30,"column":105}},"14":{"start":{"line":31,"column":0},"end":{"line":31,"column":99}},"15":{"start":{"line":32,"column":0},"end":{"line":32,"column":105}},"16":{"start":{"line":33,"column":0},"end":{"line":33,"column":108}},"17":{"start":{"line":35,"column":0},"end":{"line":35,"column":71}},"18":{"start":{"line":36,"column":0},"end":{"line":36,"column":72}},"19":{"start":{"line":37,"column":0},"end":{"line":37,"column":72}},"20":{"start":{"line":38,"column":0},"end":{"line":38,"column":81}},"21":{"start":{"line":40,"column":0},"end":{"line":40,"column":97}},"22":{"start":{"line":41,"column":0},"end":{"line":41,"column":80}},"23":{"start":{"line":42,"column":0},"end":{"line":42,"column":80}},"24":{"start":{"line":43,"column":0},"end":{"line":43,"column":89}},"25":{"start":{"line":45,"column":0},"end":{"line":45,"column":76}},"26":{"start":{"line":46,"column":0},"end":{"line":46,"column":88}},"27":{"start":{"line":47,"column":0},"end":{"line":47,"column":71}},"28":{"start":{"line":48,"column":0},"end":{"line":48,"column":87}},"29":{"start":{"line":49,"column":0},"end":{"line":49,"column":80}},"30":{"start":{"line":51,"column":0},"end":{"line":51,"column":49}},"31":{"start":{"line":52,"column":0},"end":{"line":52,"column":51}},"32":{"start":{"line":54,"column":0},"end":{"line":54,"column":55}},"33":{"start":{"line":55,"column":0},"end":{"line":55,"column":57}},"34":{"start":{"line":56,"column":15},"end":{"line":56,"column":21}},"35":{"start":{"line":57,"column":0},"end":{"line":57,"column":27}}},"fnMap":{"0":{"name":"_interopRequireDefault","decl":{"start":{"line":24,"column":9},"end":{"line":24,"column":31}},"loc":{"start":{"line":24,"column":37},"end":{"line":24,"column":95}},"line":24}},"branchMap":{"0":{"loc":{"start":{"line":24,"column":46},"end":{"line":24,"column":92}},"type":"cond-expr","locations":[{"start":{"line":24,"column":70},"end":{"line":24,"column":73}},{"start":{"line":24,"column":76},"end":{"line":24,"column":92}}],"line":24},"1":{"loc":{"start":{"line":24,"column":46},"end":{"line":24,"column":67}},"type":"binary-expr","locations":[{"start":{"line":24,"column":46},"end":{"line":24,"column":49}},{"start":{"line":24,"column":53},"end":{"line":24,"column":67}}],"line":24}},"s":{"0":1,"1":1,"2":1,"3":1,"4":1,"5":1,"6":1,"7":1,"8":1,"9":1,"10":8,"11":1,"12":1,"13":1,"14":1,"15":1,"16":1,"17":1,"18":1,"19":1,"20":1,"21":1,"22":1,"23":1,"24":1,"25":1,"26":1,"27":1,"28":1,"29":1,"30":1,"31":1,"32":1,"33":1,"34":1,"35":1},"f":{"0":8},"b":{"0":[7,1],"1":[8,8]},"_coverageSchema":"43e27e138ebf9cfc5966b082cf9a028302ed4184","hash":"ae337f6baab4f3b947f4da55c1eac44f4bfa4d34","contentHash":"f149cd96bca8dfc14acbd6fae4bc968ad029555cb8164313e471b178130163a4"},"C:\\Users\\nifemiadeyemi\\Desktop\\Book-A-Meal\\api\\controllers\\meal.js":{"path":"C:\\Users\\nifemiadeyemi\\Desktop\\Book-A-Meal\\api\\controllers\\meal.js","statementMap":{"0":{"start":{"line":3,"column":0},"end":{"line":5,"column":3}},"1":{"start":{"line":6,"column":0},"end":{"line":6,"column":25}},"2":{"start":{"line":8,"column":12},"end":{"line":8,"column":61}},"3":{"start":{"line":10,"column":39},"end":{"line":10,"column":93}},"4":{"start":{"line":12,"column":77},"end":{"line":12,"column":175}},"5":{"start":{"line":12,"column":94},"end":{"line":12,"column":107}},"6":{"start":{"line":12,"column":121},"end":{"line":12,"column":131}},"7":{"start":{"line":12,"column":151},"end":{"line":12,"column":165}},"8":{"start":{"line":12,"column":166},"end":{"line":12,"column":173}},"9":{"start":{"line":12,"column":176},"end":{"line":12,"column":263}},"10":{"start":{"line":12,"column":193},"end":{"line":12,"column":208}},"11":{"start":{"line":12,"column":218},"end":{"line":12,"column":261}},"12":{"start":{"line":14,"column":33},"end":{"line":14,"column":387}},"13":{"start":{"line":14,"column":65},"end":{"line":14,"column":69}},"14":{"start":{"line":14,"column":78},"end":{"line":14,"column":87}},"15":{"start":{"line":14,"column":89},"end":{"line":14,"column":384}},"16":{"start":{"line":14,"column":147},"end":{"line":14,"column":167}},"17":{"start":{"line":14,"column":193},"end":{"line":14,"column":264}},"18":{"start":{"line":14,"column":290},"end":{"line":14,"column":360}},"19":{"start":{"line":14,"column":363},"end":{"line":14,"column":380}},"20":{"start":{"line":16,"column":50},"end":{"line":16,"column":151}},"21":{"start":{"line":16,"column":92},"end":{"line":16,"column":149}},"22":{"start":{"line":18,"column":44},"end":{"line":18,"column":315}},"23":{"start":{"line":18,"column":57},"end":{"line":18,"column":58}},"24":{"start":{"line":18,"column":102},"end":{"line":18,"column":110}},"25":{"start":{"line":18,"column":112},"end":{"line":18,"column":167}},"26":{"start":{"line":18,"column":168},"end":{"line":18,"column":199}},"27":{"start":{"line":18,"column":200},"end":{"line":18,"column":254}},"28":{"start":{"line":18,"column":227},"end":{"line":18,"column":254}},"29":{"start":{"line":18,"column":255},"end":{"line":18,"column":313}},"30":{"start":{"line":20,"column":62},"end":{"line":20,"column":131}},"31":{"start":{"line":20,"column":78},"end":{"line":20,"column":131}},"32":{"start":{"line":20,"column":132},"end":{"line":20,"column":193}},"33":{"start":{"line":20,"column":149},"end":{"line":20,"column":193}},"34":{"start":{"line":20,"column":194},"end":{"line":20,"column":213}},"35":{"start":{"line":24,"column":0},"end":{"line":198,"column":3}},"36":{"start":{"line":26,"column":16},"end":{"line":26,"column":26}},"37":{"start":{"line":27,"column":22},"end":{"line":27,"column":38}},"38":{"start":{"line":28,"column":16},"end":{"line":28,"column":26}},"39":{"start":{"line":29,"column":16},"end":{"line":29,"column":26}},"40":{"start":{"line":30,"column":26},"end":{"line":30,"column":46}},"41":{"start":{"line":32,"column":4},"end":{"line":32,"column":32}},"42":{"start":{"line":34,"column":4},"end":{"line":40,"column":7}},"43":{"start":{"line":43,"column":2},"end":{"line":195,"column":6}},"44":{"start":{"line":46,"column":24},"end":{"line":70,"column":9}},"45":{"start":{"line":50,"column":8},"end":{"line":69,"column":26}},"46":{"start":{"line":51,"column":10},"end":{"line":68,"column":11}},"47":{"start":{"line":52,"column":12},"end":{"line":67,"column":13}},"48":{"start":{"line":54,"column":16},"end":{"line":54,"column":34}},"49":{"start":{"line":55,"column":16},"end":{"line":55,"column":47}},"50":{"start":{"line":58,"column":16},"end":{"line":58,"column":38}},"51":{"start":{"line":59,"column":16},"end":{"line":61,"column":19}},"52":{"start":{"line":60,"column":18},"end":{"line":60,"column":41}},"53":{"start":{"line":62,"column":16},"end":{"line":62,"column":51}},"54":{"start":{"line":66,"column":16},"end":{"line":66,"column":39}},"55":{"start":{"line":73,"column":8},"end":{"line":73,"column":50}},"56":{"start":{"line":76,"column":6},"end":{"line":76,"column":24}},"57":{"start":{"line":81,"column":17},"end":{"line":103,"column":9}},"58":{"start":{"line":85,"column":8},"end":{"line":102,"column":27}},"59":{"start":{"line":86,"column":10},"end":{"line":101,"column":11}},"60":{"start":{"line":87,"column":12},"end":{"line":100,"column":13}},"61":{"start":{"line":89,"column":16},"end":{"line":89,"column":35}},"62":{"start":{"line":90,"column":16},"end":{"line":90,"column":54}},"63":{"start":{"line":93,"column":16},"end":{"line":93,"column":38}},"64":{"start":{"line":94,"column":16},"end":{"line":94,"column":46}},"65":{"start":{"line":95,"column":16},"end":{"line":95,"column":50}},"66":{"start":{"line":99,"column":16},"end":{"line":99,"column":40}},"67":{"start":{"line":106,"column":8},"end":{"line":106,"column":43}},"68":{"start":{"line":109,"column":6},"end":{"line":109,"column":17}},"69":{"start":{"line":114,"column":20},"end":{"line":141,"column":9}},"70":{"start":{"line":118,"column":8},"end":{"line":140,"column":27}},"71":{"start":{"line":119,"column":10},"end":{"line":139,"column":11}},"72":{"start":{"line":120,"column":12},"end":{"line":138,"column":13}},"73":{"start":{"line":122,"column":16},"end":{"line":122,"column":35}},"74":{"start":{"line":123,"column":16},"end":{"line":128,"column":19}},"75":{"start":{"line":131,"column":16},"end":{"line":131,"column":41}},"76":{"start":{"line":132,"column":16},"end":{"line":132,"column":44}},"77":{"start":{"line":133,"column":16},"end":{"line":133,"column":50}},"78":{"start":{"line":137,"column":16},"end":{"line":137,"column":40}},"79":{"start":{"line":144,"column":8},"end":{"line":144,"column":46}},"80":{"start":{"line":147,"column":6},"end":{"line":147,"column":20}},"81":{"start":{"line":152,"column":21},"end":{"line":187,"column":9}},"82":{"start":{"line":156,"column":8},"end":{"line":186,"column":37}},"83":{"start":{"line":157,"column":10},"end":{"line":185,"column":11}},"84":{"start":{"line":158,"column":12},"end":{"line":184,"column":13}},"85":{"start":{"line":160,"column":16},"end":{"line":160,"column":49}},"86":{"start":{"line":161,"column":16},"end":{"line":161,"column":35}},"87":{"start":{"line":162,"column":16},"end":{"line":162,"column":35}},"88":{"start":{"line":163,"column":16},"end":{"line":167,"column":19}},"89":{"start":{"line":170,"column":16},"end":{"line":170,"column":39}},"90":{"start":{"line":171,"column":16},"end":{"line":171,"column":36}},"91":{"start":{"line":172,"column":16},"end":{"line":172,"column":22}},"92":{"start":{"line":175,"column":16},"end":{"line":175,"column":35}},"93":{"start":{"line":176,"column":16},"end":{"line":176,"column":53}},"94":{"start":{"line":177,"column":16},"end":{"line":179,"column":19}},"95":{"start":{"line":183,"column":16},"end":{"line":183,"column":40}},"96":{"start":{"line":190,"column":8},"end":{"line":190,"column":47}},"97":{"start":{"line":193,"column":6},"end":{"line":193,"column":21}},"98":{"start":{"line":197,"column":2},"end":{"line":197,"column":14}},"99":{"start":{"line":200,"column":15},"end":{"line":200,"column":19}},"100":{"start":{"line":201,"column":0},"end":{"line":201,"column":27}}},"fnMap":{"0":{"name":"_interopRequireDefault","decl":{"start":{"line":10,"column":9},"end":{"line":10,"column":31}},"loc":{"start":{"line":10,"column":37},"end":{"line":10,"column":95}},"line":10},"1":{"name":"asyncGeneratorStep","decl":{"start":{"line":12,"column":9},"end":{"line":12,"column":27}},"loc":{"start":{"line":12,"column":75},"end":{"line":12,"column":265}},"line":12},"2":{"name":"_asyncToGenerator","decl":{"start":{"line":14,"column":9},"end":{"line":14,"column":26}},"loc":{"start":{"line":14,"column":31},"end":{"line":14,"column":389}},"line":14},"3":{"name":"(anonymous_3)","decl":{"start":{"line":14,"column":40},"end":{"line":14,"column":41}},"loc":{"start":{"line":14,"column":52},"end":{"line":14,"column":386}},"line":14},"4":{"name":"(anonymous_4)","decl":{"start":{"line":14,"column":108},"end":{"line":14,"column":109}},"loc":{"start":{"line":14,"column":135},"end":{"line":14,"column":382}},"line":14},"5":{"name":"_next","decl":{"start":{"line":14,"column":178},"end":{"line":14,"column":183}},"loc":{"start":{"line":14,"column":191},"end":{"line":14,"column":266}},"line":14},"6":{"name":"_throw","decl":{"start":{"line":14,"column":276},"end":{"line":14,"column":282}},"loc":{"start":{"line":14,"column":288},"end":{"line":14,"column":362}},"line":14},"7":{"name":"_classCallCheck","decl":{"start":{"line":16,"column":9},"end":{"line":16,"column":24}},"loc":{"start":{"line":16,"column":48},"end":{"line":16,"column":153}},"line":16},"8":{"name":"_defineProperties","decl":{"start":{"line":18,"column":9},"end":{"line":18,"column":26}},"loc":{"start":{"line":18,"column":42},"end":{"line":18,"column":317}},"line":18},"9":{"name":"_createClass","decl":{"start":{"line":20,"column":9},"end":{"line":20,"column":21}},"loc":{"start":{"line":20,"column":60},"end":{"line":20,"column":215}},"line":20},"10":{"name":"(anonymous_10)","decl":{"start":{"line":24,"column":0},"end":{"line":24,"column":1}},"loc":{"start":{"line":24,"column":12},"end":{"line":198,"column":1}},"line":24},"11":{"name":"Meal","decl":{"start":{"line":25,"column":11},"end":{"line":25,"column":15}},"loc":{"start":{"line":25,"column":22},"end":{"line":41,"column":3}},"line":25},"12":{"name":"(anonymous_12)","decl":{"start":{"line":45,"column":11},"end":{"line":45,"column":12}},"loc":{"start":{"line":45,"column":23},"end":{"line":77,"column":5}},"line":45},"13":{"name":"_callee","decl":{"start":{"line":48,"column":39},"end":{"line":48,"column":46}},"loc":{"start":{"line":48,"column":57},"end":{"line":70,"column":7}},"line":48},"14":{"name":"_callee$","decl":{"start":{"line":50,"column":48},"end":{"line":50,"column":56}},"loc":{"start":{"line":50,"column":67},"end":{"line":69,"column":9}},"line":50},"15":{"name":"(anonymous_15)","decl":{"start":{"line":59,"column":41},"end":{"line":59,"column":42}},"loc":{"start":{"line":59,"column":57},"end":{"line":61,"column":17}},"line":59},"16":{"name":"fetchMeals","decl":{"start":{"line":72,"column":15},"end":{"line":72,"column":25}},"loc":{"start":{"line":72,"column":35},"end":{"line":74,"column":7}},"line":72},"17":{"name":"(anonymous_17)","decl":{"start":{"line":80,"column":11},"end":{"line":80,"column":12}},"loc":{"start":{"line":80,"column":23},"end":{"line":110,"column":5}},"line":80},"18":{"name":"_callee2","decl":{"start":{"line":83,"column":39},"end":{"line":83,"column":47}},"loc":{"start":{"line":83,"column":58},"end":{"line":103,"column":7}},"line":83},"19":{"name":"_callee2$","decl":{"start":{"line":85,"column":48},"end":{"line":85,"column":57}},"loc":{"start":{"line":85,"column":69},"end":{"line":102,"column":9}},"line":85},"20":{"name":"add","decl":{"start":{"line":105,"column":15},"end":{"line":105,"column":18}},"loc":{"start":{"line":105,"column":29},"end":{"line":107,"column":7}},"line":105},"21":{"name":"(anonymous_21)","decl":{"start":{"line":113,"column":11},"end":{"line":113,"column":12}},"loc":{"start":{"line":113,"column":23},"end":{"line":148,"column":5}},"line":113},"22":{"name":"_callee3","decl":{"start":{"line":116,"column":39},"end":{"line":116,"column":47}},"loc":{"start":{"line":116,"column":58},"end":{"line":141,"column":7}},"line":116},"23":{"name":"_callee3$","decl":{"start":{"line":118,"column":48},"end":{"line":118,"column":57}},"loc":{"start":{"line":118,"column":69},"end":{"line":140,"column":9}},"line":118},"24":{"name":"update","decl":{"start":{"line":143,"column":15},"end":{"line":143,"column":21}},"loc":{"start":{"line":143,"column":32},"end":{"line":145,"column":7}},"line":143},"25":{"name":"(anonymous_25)","decl":{"start":{"line":151,"column":11},"end":{"line":151,"column":12}},"loc":{"start":{"line":151,"column":23},"end":{"line":194,"column":5}},"line":151},"26":{"name":"_callee4","decl":{"start":{"line":154,"column":39},"end":{"line":154,"column":47}},"loc":{"start":{"line":154,"column":58},"end":{"line":187,"column":7}},"line":154},"27":{"name":"_callee4$","decl":{"start":{"line":156,"column":48},"end":{"line":156,"column":57}},"loc":{"start":{"line":156,"column":69},"end":{"line":186,"column":9}},"line":156},"28":{"name":"_delete","decl":{"start":{"line":189,"column":15},"end":{"line":189,"column":22}},"loc":{"start":{"line":189,"column":33},"end":{"line":191,"column":7}},"line":189}},"branchMap":{"0":{"loc":{"start":{"line":10,"column":46},"end":{"line":10,"column":92}},"type":"cond-expr","locations":[{"start":{"line":10,"column":70},"end":{"line":10,"column":73}},{"start":{"line":10,"column":76},"end":{"line":10,"column":92}}],"line":10},"1":{"loc":{"start":{"line":10,"column":46},"end":{"line":10,"column":67}},"type":"binary-expr","locations":[{"start":{"line":10,"column":46},"end":{"line":10,"column":49}},{"start":{"line":10,"column":53},"end":{"line":10,"column":67}}],"line":10},"2":{"loc":{"start":{"line":12,"column":176},"end":{"line":12,"column":263}},"type":"if","locations":[{"start":{"line":12,"column":176},"end":{"line":12,"column":263}},{"start":{"line":12,"column":176},"end":{"line":12,"column":263}}],"line":12},"3":{"loc":{"start":{"line":16,"column":50},"end":{"line":16,"column":151}},"type":"if","locations":[{"start":{"line":16,"column":50},"end":{"line":16,"column":151}},{"start":{"line":16,"column":50},"end":{"line":16,"column":151}}],"line":16},"4":{"loc":{"start":{"line":18,"column":136},"end":{"line":18,"column":166}},"type":"binary-expr","locations":[{"start":{"line":18,"column":136},"end":{"line":18,"column":157}},{"start":{"line":18,"column":161},"end":{"line":18,"column":166}}],"line":18},"5":{"loc":{"start":{"line":18,"column":200},"end":{"line":18,"column":254}},"type":"if","locations":[{"start":{"line":18,"column":200},"end":{"line":18,"column":254}},{"start":{"line":18,"column":200},"end":{"line":18,"column":254}}],"line":18},"6":{"loc":{"start":{"line":20,"column":62},"end":{"line":20,"column":131}},"type":"if","locations":[{"start":{"line":20,"column":62},"end":{"line":20,"column":131}},{"start":{"line":20,"column":62},"end":{"line":20,"column":131}}],"line":20},"7":{"loc":{"start":{"line":20,"column":132},"end":{"line":20,"column":193}},"type":"if","locations":[{"start":{"line":20,"column":132},"end":{"line":20,"column":193}},{"start":{"line":20,"column":132},"end":{"line":20,"column":193}}],"line":20},"8":{"loc":{"start":{"line":52,"column":12},"end":{"line":67,"column":13}},"type":"switch","locations":[{"start":{"line":53,"column":14},"end":{"line":55,"column":47}},{"start":{"line":57,"column":14},"end":{"line":62,"column":51}},{"start":{"line":64,"column":14},"end":{"line":64,"column":21}},{"start":{"line":65,"column":14},"end":{"line":66,"column":39}}],"line":52},"9":{"loc":{"start":{"line":87,"column":12},"end":{"line":100,"column":13}},"type":"switch","locations":[{"start":{"line":88,"column":14},"end":{"line":90,"column":54}},{"start":{"line":92,"column":14},"end":{"line":95,"column":50}},{"start":{"line":97,"column":14},"end":{"line":97,"column":21}},{"start":{"line":98,"column":14},"end":{"line":99,"column":40}}],"line":87},"10":{"loc":{"start":{"line":120,"column":12},"end":{"line":138,"column":13}},"type":"switch","locations":[{"start":{"line":121,"column":14},"end":{"line":128,"column":19}},{"start":{"line":130,"column":14},"end":{"line":133,"column":50}},{"start":{"line":135,"column":14},"end":{"line":135,"column":21}},{"start":{"line":136,"column":14},"end":{"line":137,"column":40}}],"line":120},"11":{"loc":{"start":{"line":158,"column":12},"end":{"line":184,"column":13}},"type":"switch","locations":[{"start":{"line":159,"column":14},"end":{"line":167,"column":19}},{"start":{"line":169,"column":14},"end":{"line":172,"column":22}},{"start":{"line":174,"column":14},"end":{"line":179,"column":19}},{"start":{"line":181,"column":14},"end":{"line":181,"column":22}},{"start":{"line":182,"column":14},"end":{"line":183,"column":40}}],"line":158}},"s":{"0":1,"1":1,"2":1,"3":1,"4":8,"5":8,"6":8,"7":0,"8":0,"9":8,"10":4,"11":4,"12":4,"13":4,"14":4,"15":4,"16":4,"17":8,"18":0,"19":4,"20":0,"21":0,"22":1,"23":1,"24":4,"25":4,"26":4,"27":4,"28":4,"29":4,"30":1,"31":0,"32":1,"33":1,"34":1,"35":1,"36":0,"37":0,"38":0,"39":0,"40":0,"41":0,"42":0,"43":1,"44":1,"45":1,"46":2,"47":2,"48":1,"49":1,"50":1,"51":1,"52":220,"53":1,"54":1,"55":1,"56":1,"57":1,"58":1,"59":2,"60":2,"61":1,"62":1,"63":1,"64":1,"65":1,"66":1,"67":1,"68":1,"69":1,"70":1,"71":2,"72":2,"73":1,"74":1,"75":1,"76":1,"77":1,"78":1,"79":1,"80":1,"81":1,"82":1,"83":2,"84":3,"85":1,"86":1,"87":1,"88":1,"89":1,"90":1,"91":1,"92":0,"93":0,"94":0,"95":1,"96":1,"97":1,"98":1,"99":1,"100":1},"f":{"0":1,"1":8,"2":4,"3":4,"4":4,"5":8,"6":0,"7":0,"8":1,"9":1,"10":1,"11":0,"12":1,"13":1,"14":2,"15":220,"16":1,"17":1,"18":1,"19":2,"20":1,"21":1,"22":1,"23":2,"24":1,"25":1,"26":1,"27":2,"28":1},"b":{"0":[1,0],"1":[1,1],"2":[4,4],"3":[0,0],"4":[4,4],"5":[4,0],"6":[0,1],"7":[1,0],"8":[1,1,1,1],"9":[1,1,1,1],"10":[1,1,1,1],"11":[1,1,0,1,1]},"_coverageSchema":"43e27e138ebf9cfc5966b082cf9a028302ed4184","hash":"cf7ee761b6947e1b60897b7222f42ca856ab4f16","contentHash":"0b200cf57a19700e9b555f35de671b9bc64124c9a550d85ca52868b550a4820a"},"C:\\Users\\nifemiadeyemi\\Desktop\\Book-A-Meal\\api\\models\\Meal.js":{"path":"C:\\Users\\nifemiadeyemi\\Desktop\\Book-A-Meal\\api\\models\\Meal.js","statementMap":{"0":{"start":{"line":3,"column":0},"end":{"line":5,"column":3}},"1":{"start":{"line":6,"column":0},"end":{"line":6,"column":25}},"2":{"start":{"line":8,"column":17},"end":{"line":8,"column":61}},"3":{"start":{"line":10,"column":16},"end":{"line":10,"column":69}},"4":{"start":{"line":12,"column":39},"end":{"line":12,"column":93}},"5":{"start":{"line":14,"column":11},"end":{"line":35,"column":2}},"6":{"start":{"line":37,"column":15},"end":{"line":37,"column":19}},"7":{"start":{"line":38,"column":0},"end":{"line":38,"column":27}}},"fnMap":{"0":{"name":"_interopRequireDefault","decl":{"start":{"line":12,"column":9},"end":{"line":12,"column":31}},"loc":{"start":{"line":12,"column":37},"end":{"line":12,"column":95}},"line":12}},"branchMap":{"0":{"loc":{"start":{"line":12,"column":46},"end":{"line":12,"column":92}},"type":"cond-expr","locations":[{"start":{"line":12,"column":70},"end":{"line":12,"column":73}},{"start":{"line":12,"column":76},"end":{"line":12,"column":92}}],"line":12},"1":{"loc":{"start":{"line":12,"column":46},"end":{"line":12,"column":67}},"type":"binary-expr","locations":[{"start":{"line":12,"column":46},"end":{"line":12,"column":49}},{"start":{"line":12,"column":53},"end":{"line":12,"column":67}}],"line":12}},"s":{"0":1,"1":1,"2":1,"3":1,"4":2,"5":1,"6":1,"7":1},"f":{"0":2},"b":{"0":[1,1],"1":[2,2]},"_coverageSchema":"43e27e138ebf9cfc5966b082cf9a028302ed4184","hash":"6f6a009cc07083ddc0dd270b5edcf958a9659ae9","contentHash":"e13d693129fbfe40a97fe54133036e7b2ce220c36024befc195b286737672939"},"C:\\Users\\nifemiadeyemi\\Desktop\\Book-A-Meal\\api\\controllers\\menu.js":{"path":"C:\\Users\\nifemiadeyemi\\Desktop\\Book-A-Meal\\api\\controllers\\menu.js","statementMap":{"0":{"start":{"line":3,"column":0},"end":{"line":5,"column":3}},"1":{"start":{"line":6,"column":0},"end":{"line":6,"column":25}},"2":{"start":{"line":8,"column":12},"end":{"line":8,"column":61}},"3":{"start":{"line":10,"column":39},"end":{"line":10,"column":93}},"4":{"start":{"line":12,"column":77},"end":{"line":12,"column":175}},"5":{"start":{"line":12,"column":94},"end":{"line":12,"column":107}},"6":{"start":{"line":12,"column":121},"end":{"line":12,"column":131}},"7":{"start":{"line":12,"column":151},"end":{"line":12,"column":165}},"8":{"start":{"line":12,"column":166},"end":{"line":12,"column":173}},"9":{"start":{"line":12,"column":176},"end":{"line":12,"column":263}},"10":{"start":{"line":12,"column":193},"end":{"line":12,"column":208}},"11":{"start":{"line":12,"column":218},"end":{"line":12,"column":261}},"12":{"start":{"line":14,"column":33},"end":{"line":14,"column":387}},"13":{"start":{"line":14,"column":65},"end":{"line":14,"column":69}},"14":{"start":{"line":14,"column":78},"end":{"line":14,"column":87}},"15":{"start":{"line":14,"column":89},"end":{"line":14,"column":384}},"16":{"start":{"line":14,"column":147},"end":{"line":14,"column":167}},"17":{"start":{"line":14,"column":193},"end":{"line":14,"column":264}},"18":{"start":{"line":14,"column":290},"end":{"line":14,"column":360}},"19":{"start":{"line":14,"column":363},"end":{"line":14,"column":380}},"20":{"start":{"line":16,"column":50},"end":{"line":16,"column":151}},"21":{"start":{"line":16,"column":92},"end":{"line":16,"column":149}},"22":{"start":{"line":18,"column":44},"end":{"line":18,"column":315}},"23":{"start":{"line":18,"column":57},"end":{"line":18,"column":58}},"24":{"start":{"line":18,"column":102},"end":{"line":18,"column":110}},"25":{"start":{"line":18,"column":112},"end":{"line":18,"column":167}},"26":{"start":{"line":18,"column":168},"end":{"line":18,"column":199}},"27":{"start":{"line":18,"column":200},"end":{"line":18,"column":254}},"28":{"start":{"line":18,"column":227},"end":{"line":18,"column":254}},"29":{"start":{"line":18,"column":255},"end":{"line":18,"column":313}},"30":{"start":{"line":20,"column":62},"end":{"line":20,"column":131}},"31":{"start":{"line":20,"column":78},"end":{"line":20,"column":131}},"32":{"start":{"line":20,"column":132},"end":{"line":20,"column":193}},"33":{"start":{"line":20,"column":149},"end":{"line":20,"column":193}},"34":{"start":{"line":20,"column":194},"end":{"line":20,"column":213}},"35":{"start":{"line":24,"column":0},"end":{"line":277,"column":3}},"36":{"start":{"line":26,"column":17},"end":{"line":26,"column":28}},"37":{"start":{"line":27,"column":15},"end":{"line":27,"column":24}},"38":{"start":{"line":28,"column":21},"end":{"line":28,"column":36}},"39":{"start":{"line":29,"column":16},"end":{"line":29,"column":26}},"40":{"start":{"line":31,"column":4},"end":{"line":31,"column":32}},"41":{"start":{"line":33,"column":4},"end":{"line":38,"column":7}},"42":{"start":{"line":41,"column":2},"end":{"line":274,"column":6}},"43":{"start":{"line":44,"column":21},"end":{"line":82,"column":9}},"44":{"start":{"line":48,"column":8},"end":{"line":81,"column":26}},"45":{"start":{"line":49,"column":10},"end":{"line":80,"column":11}},"46":{"start":{"line":50,"column":12},"end":{"line":79,"column":13}},"47":{"start":{"line":52,"column":16},"end":{"line":52,"column":34}},"48":{"start":{"line":53,"column":16},"end":{"line":57,"column":19}},"49":{"start":{"line":60,"column":16},"end":{"line":60,"column":37}},"50":{"start":{"line":62,"column":16},"end":{"line":65,"column":17}},"51":{"start":{"line":63,"column":18},"end":{"line":63,"column":36}},"52":{"start":{"line":64,"column":18},"end":{"line":64,"column":24}},"53":{"start":{"line":67,"column":16},"end":{"line":67,"column":34}},"54":{"start":{"line":68,"column":16},"end":{"line":68,"column":46}},"55":{"start":{"line":71,"column":16},"end":{"line":71,"column":37}},"56":{"start":{"line":74,"column":16},"end":{"line":74,"column":54}},"57":{"start":{"line":78,"column":16},"end":{"line":78,"column":39}},"58":{"start":{"line":85,"column":8},"end":{"line":85,"column":47}},"59":{"start":{"line":88,"column":6},"end":{"line":88,"column":21}},"60":{"start":{"line":93,"column":21},"end":{"line":143,"column":9}},"61":{"start":{"line":97,"column":8},"end":{"line":142,"column":27}},"62":{"start":{"line":98,"column":10},"end":{"line":141,"column":11}},"63":{"start":{"line":99,"column":12},"end":{"line":140,"column":13}},"64":{"start":{"line":101,"column":16},"end":{"line":101,"column":35}},"65":{"start":{"line":102,"column":16},"end":{"line":106,"column":19}},"66":{"start":{"line":109,"column":16},"end":{"line":109,"column":38}},"67":{"start":{"line":110,"column":16},"end":{"line":110,"column":35}},"68":{"start":{"line":111,"column":16},"end":{"line":111,"column":32}},"69":{"start":{"line":113,"column":16},"end":{"line":118,"column":17}},"70":{"start":{"line":114,"column":18},"end":{"line":114,"column":42}},"71":{"start":{"line":116,"column":18},"end":{"line":116,"column":38}},"72":{"start":{"line":117,"column":18},"end":{"line":117,"column":24}},"73":{"start":{"line":120,"column":16},"end":{"line":120,"column":33}},"74":{"start":{"line":121,"column":16},"end":{"line":121,"column":35}},"75":{"start":{"line":122,"column":16},"end":{"line":128,"column":19}},"76":{"start":{"line":131,"column":16},"end":{"line":131,"column":63}},"77":{"start":{"line":132,"column":16},"end":{"line":132,"column":56}},"78":{"start":{"line":135,"column":16},"end":{"line":135,"column":61}},"79":{"start":{"line":139,"column":16},"end":{"line":139,"column":40}},"80":{"start":{"line":146,"column":8},"end":{"line":146,"column":47}},"81":{"start":{"line":149,"column":6},"end":{"line":149,"column":21}},"82":{"start":{"line":154,"column":22},"end":{"line":205,"column":9}},"83":{"start":{"line":158,"column":8},"end":{"line":204,"column":27}},"84":{"start":{"line":159,"column":10},"end":{"line":203,"column":11}},"85":{"start":{"line":160,"column":12},"end":{"line":202,"column":13}},"86":{"start":{"line":162,"column":16},"end":{"line":162,"column":32}},"87":{"start":{"line":163,"column":16},"end":{"line":163,"column":35}},"88":{"start":{"line":164,"column":16},"end":{"line":168,"column":19}},"89":{"start":{"line":171,"column":16},"end":{"line":171,"column":38}},"90":{"start":{"line":172,"column":16},"end":{"line":172,"column":35}},"91":{"start":{"line":173,"column":16},"end":{"line":175,"column":19}},"92":{"start":{"line":174,"column":18},"end":{"line":174,"column":42}},"93":{"start":{"line":177,"column":16},"end":{"line":180,"column":17}},"94":{"start":{"line":178,"column":18},"end":{"line":178,"column":38}},"95":{"start":{"line":179,"column":18},"end":{"line":179,"column":24}},"96":{"start":{"line":182,"column":16},"end":{"line":182,"column":49}},"97":{"start":{"line":183,"column":16},"end":{"line":183,"column":36}},"98":{"start":{"line":184,"column":16},"end":{"line":190,"column":19}},"99":{"start":{"line":193,"column":16},"end":{"line":193,"column":72}},"100":{"start":{"line":194,"column":16},"end":{"line":194,"column":56}},"101":{"start":{"line":197,"column":16},"end":{"line":197,"column":64}},"102":{"start":{"line":201,"column":16},"end":{"line":201,"column":40}},"103":{"start":{"line":208,"column":8},"end":{"line":208,"column":48}},"104":{"start":{"line":211,"column":6},"end":{"line":211,"column":22}},"105":{"start":{"line":216,"column":24},"end":{"line":266,"column":9}},"106":{"start":{"line":220,"column":8},"end":{"line":265,"column":27}},"107":{"start":{"line":221,"column":10},"end":{"line":264,"column":11}},"108":{"start":{"line":222,"column":12},"end":{"line":263,"column":13}},"109":{"start":{"line":224,"column":16},"end":{"line":224,"column":35}},"110":{"start":{"line":225,"column":16},"end":{"line":229,"column":19}},"111":{"start":{"line":232,"column":16},"end":{"line":232,"column":38}},"112":{"start":{"line":233,"column":16},"end":{"line":233,"column":49}},"113":{"start":{"line":234,"column":16},"end":{"line":234,"column":35}},"114":{"start":{"line":235,"column":16},"end":{"line":237,"column":19}},"115":{"start":{"line":236,"column":18},"end":{"line":236,"column":37}},"116":{"start":{"line":239,"column":16},"end":{"line":242,"column":17}},"117":{"start":{"line":240,"column":18},"end":{"line":240,"column":38}},"118":{"start":{"line":241,"column":18},"end":{"line":241,"column":24}},"119":{"start":{"line":244,"column":16},"end":{"line":244,"column":43}},"120":{"start":{"line":246,"column":16},"end":{"line":252,"column":19}},"121":{"start":{"line":254,"column":16},"end":{"line":254,"column":39}},"122":{"start":{"line":255,"column":16},"end":{"line":255,"column":56}},"123":{"start":{"line":258,"column":16},"end":{"line":258,"column":32}},"124":{"start":{"line":262,"column":16},"end":{"line":262,"column":40}},"125":{"start":{"line":269,"column":8},"end":{"line":269,"column":50}},"126":{"start":{"line":272,"column":6},"end":{"line":272,"column":24}},"127":{"start":{"line":276,"column":2},"end":{"line":276,"column":14}},"128":{"start":{"line":279,"column":15},"end":{"line":279,"column":19}},"129":{"start":{"line":280,"column":0},"end":{"line":280,"column":27}}},"fnMap":{"0":{"name":"_interopRequireDefault","decl":{"start":{"line":10,"column":9},"end":{"line":10,"column":31}},"loc":{"start":{"line":10,"column":37},"end":{"line":10,"column":95}},"line":10},"1":{"name":"asyncGeneratorStep","decl":{"start":{"line":12,"column":9},"end":{"line":12,"column":27}},"loc":{"start":{"line":12,"column":75},"end":{"line":12,"column":265}},"line":12},"2":{"name":"_asyncToGenerator","decl":{"start":{"line":14,"column":9},"end":{"line":14,"column":26}},"loc":{"start":{"line":14,"column":31},"end":{"line":14,"column":389}},"line":14},"3":{"name":"(anonymous_3)","decl":{"start":{"line":14,"column":40},"end":{"line":14,"column":41}},"loc":{"start":{"line":14,"column":52},"end":{"line":14,"column":386}},"line":14},"4":{"name":"(anonymous_4)","decl":{"start":{"line":14,"column":108},"end":{"line":14,"column":109}},"loc":{"start":{"line":14,"column":135},"end":{"line":14,"column":382}},"line":14},"5":{"name":"_next","decl":{"start":{"line":14,"column":178},"end":{"line":14,"column":183}},"loc":{"start":{"line":14,"column":191},"end":{"line":14,"column":266}},"line":14},"6":{"name":"_throw","decl":{"start":{"line":14,"column":276},"end":{"line":14,"column":282}},"loc":{"start":{"line":14,"column":288},"end":{"line":14,"column":362}},"line":14},"7":{"name":"_classCallCheck","decl":{"start":{"line":16,"column":9},"end":{"line":16,"column":24}},"loc":{"start":{"line":16,"column":48},"end":{"line":16,"column":153}},"line":16},"8":{"name":"_defineProperties","decl":{"start":{"line":18,"column":9},"end":{"line":18,"column":26}},"loc":{"start":{"line":18,"column":42},"end":{"line":18,"column":317}},"line":18},"9":{"name":"_createClass","decl":{"start":{"line":20,"column":9},"end":{"line":20,"column":21}},"loc":{"start":{"line":20,"column":60},"end":{"line":20,"column":215}},"line":20},"10":{"name":"(anonymous_10)","decl":{"start":{"line":24,"column":0},"end":{"line":24,"column":1}},"loc":{"start":{"line":24,"column":12},"end":{"line":277,"column":1}},"line":24},"11":{"name":"Menu","decl":{"start":{"line":25,"column":11},"end":{"line":25,"column":15}},"loc":{"start":{"line":25,"column":22},"end":{"line":39,"column":3}},"line":25},"12":{"name":"(anonymous_12)","decl":{"start":{"line":43,"column":11},"end":{"line":43,"column":12}},"loc":{"start":{"line":43,"column":23},"end":{"line":89,"column":5}},"line":43},"13":{"name":"_callee","decl":{"start":{"line":46,"column":39},"end":{"line":46,"column":46}},"loc":{"start":{"line":46,"column":57},"end":{"line":82,"column":7}},"line":46},"14":{"name":"_callee$","decl":{"start":{"line":48,"column":48},"end":{"line":48,"column":56}},"loc":{"start":{"line":48,"column":67},"end":{"line":81,"column":9}},"line":48},"15":{"name":"getMenu","decl":{"start":{"line":84,"column":15},"end":{"line":84,"column":22}},"loc":{"start":{"line":84,"column":32},"end":{"line":86,"column":7}},"line":84},"16":{"name":"(anonymous_16)","decl":{"start":{"line":92,"column":11},"end":{"line":92,"column":12}},"loc":{"start":{"line":92,"column":23},"end":{"line":150,"column":5}},"line":92},"17":{"name":"_callee2","decl":{"start":{"line":95,"column":39},"end":{"line":95,"column":47}},"loc":{"start":{"line":95,"column":58},"end":{"line":143,"column":7}},"line":95},"18":{"name":"_callee2$","decl":{"start":{"line":97,"column":48},"end":{"line":97,"column":57}},"loc":{"start":{"line":97,"column":69},"end":{"line":142,"column":9}},"line":97},"19":{"name":"(anonymous_19)","decl":{"start":{"line":113,"column":31},"end":{"line":113,"column":32}},"loc":{"start":{"line":113,"column":44},"end":{"line":115,"column":17}},"line":113},"20":{"name":"addMeal","decl":{"start":{"line":145,"column":15},"end":{"line":145,"column":22}},"loc":{"start":{"line":145,"column":33},"end":{"line":147,"column":7}},"line":145},"21":{"name":"(anonymous_21)","decl":{"start":{"line":153,"column":11},"end":{"line":153,"column":12}},"loc":{"start":{"line":153,"column":23},"end":{"line":212,"column":5}},"line":153},"22":{"name":"_callee3","decl":{"start":{"line":156,"column":39},"end":{"line":156,"column":47}},"loc":{"start":{"line":156,"column":58},"end":{"line":205,"column":7}},"line":156},"23":{"name":"_callee3$","decl":{"start":{"line":158,"column":48},"end":{"line":158,"column":57}},"loc":{"start":{"line":158,"column":69},"end":{"line":204,"column":9}},"line":158},"24":{"name":"(anonymous_24)","decl":{"start":{"line":173,"column":44},"end":{"line":173,"column":45}},"loc":{"start":{"line":173,"column":57},"end":{"line":175,"column":17}},"line":173},"25":{"name":"editMeal","decl":{"start":{"line":207,"column":15},"end":{"line":207,"column":23}},"loc":{"start":{"line":207,"column":34},"end":{"line":209,"column":7}},"line":207},"26":{"name":"(anonymous_26)","decl":{"start":{"line":215,"column":11},"end":{"line":215,"column":12}},"loc":{"start":{"line":215,"column":23},"end":{"line":273,"column":5}},"line":215},"27":{"name":"_callee4","decl":{"start":{"line":218,"column":39},"end":{"line":218,"column":47}},"loc":{"start":{"line":218,"column":58},"end":{"line":266,"column":7}},"line":218},"28":{"name":"_callee4$","decl":{"start":{"line":220,"column":48},"end":{"line":220,"column":57}},"loc":{"start":{"line":220,"column":69},"end":{"line":265,"column":9}},"line":220},"29":{"name":"(anonymous_29)","decl":{"start":{"line":235,"column":44},"end":{"line":235,"column":45}},"loc":{"start":{"line":235,"column":57},"end":{"line":237,"column":17}},"line":235},"30":{"name":"deleteMeal","decl":{"start":{"line":268,"column":15},"end":{"line":268,"column":25}},"loc":{"start":{"line":268,"column":36},"end":{"line":270,"column":7}},"line":268}},"branchMap":{"0":{"loc":{"start":{"line":10,"column":46},"end":{"line":10,"column":92}},"type":"cond-expr","locations":[{"start":{"line":10,"column":70},"end":{"line":10,"column":73}},{"start":{"line":10,"column":76},"end":{"line":10,"column":92}}],"line":10},"1":{"loc":{"start":{"line":10,"column":46},"end":{"line":10,"column":67}},"type":"binary-expr","locations":[{"start":{"line":10,"column":46},"end":{"line":10,"column":49}},{"start":{"line":10,"column":53},"end":{"line":10,"column":67}}],"line":10},"2":{"loc":{"start":{"line":12,"column":176},"end":{"line":12,"column":263}},"type":"if","locations":[{"start":{"line":12,"column":176},"end":{"line":12,"column":263}},{"start":{"line":12,"column":176},"end":{"line":12,"column":263}}],"line":12},"3":{"loc":{"start":{"line":16,"column":50},"end":{"line":16,"column":151}},"type":"if","locations":[{"start":{"line":16,"column":50},"end":{"line":16,"column":151}},{"start":{"line":16,"column":50},"end":{"line":16,"column":151}}],"line":16},"4":{"loc":{"start":{"line":18,"column":136},"end":{"line":18,"column":166}},"type":"binary-expr","locations":[{"start":{"line":18,"column":136},"end":{"line":18,"column":157}},{"start":{"line":18,"column":161},"end":{"line":18,"column":166}}],"line":18},"5":{"loc":{"start":{"line":18,"column":200},"end":{"line":18,"column":254}},"type":"if","locations":[{"start":{"line":18,"column":200},"end":{"line":18,"column":254}},{"start":{"line":18,"column":200},"end":{"line":18,"column":254}}],"line":18},"6":{"loc":{"start":{"line":20,"column":62},"end":{"line":20,"column":131}},"type":"if","locations":[{"start":{"line":20,"column":62},"end":{"line":20,"column":131}},{"start":{"line":20,"column":62},"end":{"line":20,"column":131}}],"line":20},"7":{"loc":{"start":{"line":20,"column":132},"end":{"line":20,"column":193}},"type":"if","locations":[{"start":{"line":20,"column":132},"end":{"line":20,"column":193}},{"start":{"line":20,"column":132},"end":{"line":20,"column":193}}],"line":20},"8":{"loc":{"start":{"line":50,"column":12},"end":{"line":79,"column":13}},"type":"switch","locations":[{"start":{"line":51,"column":14},"end":{"line":57,"column":19}},{"start":{"line":59,"column":14},"end":{"line":68,"column":46}},{"start":{"line":70,"column":14},"end":{"line":71,"column":37}},{"start":{"line":73,"column":14},"end":{"line":74,"column":54}},{"start":{"line":76,"column":14},"end":{"line":76,"column":21}},{"start":{"line":77,"column":14},"end":{"line":78,"column":39}}],"line":50},"9":{"loc":{"start":{"line":62,"column":16},"end":{"line":65,"column":17}},"type":"if","locations":[{"start":{"line":62,"column":16},"end":{"line":65,"column":17}},{"start":{"line":62,"column":16},"end":{"line":65,"column":17}}],"line":62},"10":{"loc":{"start":{"line":99,"column":12},"end":{"line":140,"column":13}},"type":"switch","locations":[{"start":{"line":100,"column":14},"end":{"line":106,"column":19}},{"start":{"line":108,"column":14},"end":{"line":128,"column":19}},{"start":{"line":130,"column":14},"end":{"line":132,"column":56}},{"start":{"line":134,"column":14},"end":{"line":135,"column":61}},{"start":{"line":137,"column":14},"end":{"line":137,"column":22}},{"start":{"line":138,"column":14},"end":{"line":139,"column":40}}],"line":99},"11":{"loc":{"start":{"line":113,"column":16},"end":{"line":118,"column":17}},"type":"if","locations":[{"start":{"line":113,"column":16},"end":{"line":118,"column":17}},{"start":{"line":113,"column":16},"end":{"line":118,"column":17}}],"line":113},"12":{"loc":{"start":{"line":160,"column":12},"end":{"line":202,"column":13}},"type":"switch","locations":[{"start":{"line":161,"column":14},"end":{"line":168,"column":19}},{"start":{"line":170,"column":14},"end":{"line":190,"column":19}},{"start":{"line":192,"column":14},"end":{"line":194,"column":56}},{"start":{"line":196,"column":14},"end":{"line":197,"column":64}},{"start":{"line":199,"column":14},"end":{"line":199,"column":22}},{"start":{"line":200,"column":14},"end":{"line":201,"column":40}}],"line":160},"13":{"loc":{"start":{"line":177,"column":16},"end":{"line":180,"column":17}},"type":"if","locations":[{"start":{"line":177,"column":16},"end":{"line":180,"column":17}},{"start":{"line":177,"column":16},"end":{"line":180,"column":17}}],"line":177},"14":{"loc":{"start":{"line":222,"column":12},"end":{"line":263,"column":13}},"type":"switch","locations":[{"start":{"line":223,"column":14},"end":{"line":229,"column":19}},{"start":{"line":231,"column":14},"end":{"line":255,"column":56}},{"start":{"line":257,"column":14},"end":{"line":258,"column":32}},{"start":{"line":260,"column":14},"end":{"line":260,"column":22}},{"start":{"line":261,"column":14},"end":{"line":262,"column":40}}],"line":222},"15":{"loc":{"start":{"line":239,"column":16},"end":{"line":242,"column":17}},"type":"if","locations":[{"start":{"line":239,"column":16},"end":{"line":242,"column":17}},{"start":{"line":239,"column":16},"end":{"line":242,"column":17}}],"line":239}},"s":{"0":1,"1":1,"2":1,"3":1,"4":7,"5":7,"6":7,"7":0,"8":0,"9":7,"10":3,"11":4,"12":4,"13":3,"14":3,"15":3,"16":3,"17":7,"18":0,"19":3,"20":0,"21":0,"22":1,"23":1,"24":4,"25":4,"26":4,"27":4,"28":4,"29":4,"30":1,"31":0,"32":1,"33":1,"34":1,"35":1,"36":0,"37":0,"38":0,"39":0,"40":0,"41":0,"42":1,"43":1,"44":1,"45":2,"46":3,"47":1,"48":1,"49":1,"50":1,"51":1,"52":1,"53":0,"54":0,"55":0,"56":1,"57":1,"58":1,"59":1,"60":1,"61":1,"62":4,"63":4,"64":1,"65":1,"66":1,"67":1,"68":1,"69":1,"70":0,"71":0,"72":0,"73":1,"74":1,"75":1,"76":1,"77":1,"78":0,"79":1,"80":1,"81":1,"82":1,"83":0,"84":0,"85":0,"86":0,"87":0,"88":0,"89":0,"90":0,"91":0,"92":0,"93":0,"94":0,"95":0,"96":0,"97":0,"98":0,"99":0,"100":0,"101":0,"102":0,"103":0,"104":1,"105":1,"106":1,"107":3,"108":3,"109":1,"110":1,"111":1,"112":1,"113":1,"114":1,"115":1,"116":1,"117":0,"118":0,"119":1,"120":1,"121":1,"122":1,"123":0,"124":1,"125":1,"126":1,"127":1,"128":1,"129":1},"f":{"0":1,"1":7,"2":4,"3":3,"4":3,"5":7,"6":0,"7":0,"8":1,"9":1,"10":1,"11":0,"12":1,"13":1,"14":2,"15":1,"16":1,"17":1,"18":4,"19":0,"20":1,"21":1,"22":0,"23":0,"24":0,"25":0,"26":1,"27":1,"28":3,"29":1,"30":1},"b":{"0":[1,0],"1":[1,1],"2":[3,4],"3":[0,0],"4":[4,4],"5":[4,0],"6":[0,1],"7":[1,0],"8":[1,1,0,1,1,1],"9":[1,0],"10":[1,1,1,0,0,1],"11":[0,1],"12":[0,0,0,0,0,0],"13":[0,0],"14":[1,1,0,0,1],"15":[0,1]},"_coverageSchema":"43e27e138ebf9cfc5966b082cf9a028302ed4184","hash":"01f0c55753d8fd34f4b80acccab44b407b2e6be3","contentHash":"a4b3200cc71fe01d8162c584ead4796756785e6b4b106cf1b3de0087be758028"},"C:\\Users\\nifemiadeyemi\\Desktop\\Book-A-Meal\\api\\models\\Menu.js":{"path":"C:\\Users\\nifemiadeyemi\\Desktop\\Book-A-Meal\\api\\models\\Menu.js","statementMap":{"0":{"start":{"line":3,"column":0},"end":{"line":5,"column":3}},"1":{"start":{"line":6,"column":0},"end":{"line":6,"column":25}},"2":{"start":{"line":8,"column":17},"end":{"line":8,"column":61}},"3":{"start":{"line":10,"column":16},"end":{"line":10,"column":69}},"4":{"start":{"line":12,"column":39},"end":{"line":12,"column":93}},"5":{"start":{"line":14,"column":11},"end":{"line":23,"column":2}},"6":{"start":{"line":25,"column":15},"end":{"line":25,"column":19}},"7":{"start":{"line":26,"column":0},"end":{"line":26,"column":27}}},"fnMap":{"0":{"name":"_interopRequireDefault","decl":{"start":{"line":12,"column":9},"end":{"line":12,"column":31}},"loc":{"start":{"line":12,"column":37},"end":{"line":12,"column":95}},"line":12}},"branchMap":{"0":{"loc":{"start":{"line":12,"column":46},"end":{"line":12,"column":92}},"type":"cond-expr","locations":[{"start":{"line":12,"column":70},"end":{"line":12,"column":73}},{"start":{"line":12,"column":76},"end":{"line":12,"column":92}}],"line":12},"1":{"loc":{"start":{"line":12,"column":46},"end":{"line":12,"column":67}},"type":"binary-expr","locations":[{"start":{"line":12,"column":46},"end":{"line":12,"column":49}},{"start":{"line":12,"column":53},"end":{"line":12,"column":67}}],"line":12}},"s":{"0":1,"1":1,"2":1,"3":1,"4":2,"5":1,"6":1,"7":1},"f":{"0":2},"b":{"0":[1,1],"1":[2,2]},"_coverageSchema":"43e27e138ebf9cfc5966b082cf9a028302ed4184","hash":"83df94a5552839bb791abdcd5d5674035b067f11","contentHash":"11bd489c4c29055d334a86a3b18acb3b85a2d10f054e445d8fb5d6722617ffbe"},"C:\\Users\\nifemiadeyemi\\Desktop\\Book-A-Meal\\api\\controllers\\order-item.js":{"path":"C:\\Users\\nifemiadeyemi\\Desktop\\Book-A-Meal\\api\\controllers\\order-item.js","statementMap":{"0":{"start":{"line":3,"column":0},"end":{"line":5,"column":3}},"1":{"start":{"line":6,"column":0},"end":{"line":6,"column":25}},"2":{"start":{"line":8,"column":10},"end":{"line":8,"column":47}},"3":{"start":{"line":10,"column":17},"end":{"line":10,"column":71}},"4":{"start":{"line":12,"column":12},"end":{"line":12,"column":61}},"5":{"start":{"line":14,"column":12},"end":{"line":14,"column":61}},"6":{"start":{"line":16,"column":39},"end":{"line":16,"column":93}},"7":{"start":{"line":18,"column":33},"end":{"line":18,"column":464}},"8":{"start":{"line":18,"column":46},"end":{"line":18,"column":47}},"9":{"start":{"line":18,"column":91},"end":{"line":18,"column":131}},"10":{"start":{"line":18,"column":147},"end":{"line":18,"column":166}},"11":{"start":{"line":18,"column":168},"end":{"line":18,"column":382}},"12":{"start":{"line":18,"column":226},"end":{"line":18,"column":380}},"13":{"start":{"line":18,"column":312},"end":{"line":18,"column":375}},"14":{"start":{"line":18,"column":383},"end":{"line":18,"column":462}},"15":{"start":{"line":18,"column":416},"end":{"line":18,"column":458}},"16":{"start":{"line":18,"column":465},"end":{"line":18,"column":479}},"17":{"start":{"line":20,"column":44},"end":{"line":20,"column":195}},"18":{"start":{"line":20,"column":62},"end":{"line":20,"column":166}},"19":{"start":{"line":20,"column":176},"end":{"line":20,"column":193}},"20":{"start":{"line":20,"column":196},"end":{"line":20,"column":207}},"21":{"start":{"line":22,"column":77},"end":{"line":22,"column":175}},"22":{"start":{"line":22,"column":94},"end":{"line":22,"column":107}},"23":{"start":{"line":22,"column":121},"end":{"line":22,"column":131}},"24":{"start":{"line":22,"column":151},"end":{"line":22,"column":165}},"25":{"start":{"line":22,"column":166},"end":{"line":22,"column":173}},"26":{"start":{"line":22,"column":176},"end":{"line":22,"column":263}},"27":{"start":{"line":22,"column":193},"end":{"line":22,"column":208}},"28":{"start":{"line":22,"column":218},"end":{"line":22,"column":261}},"29":{"start":{"line":24,"column":33},"end":{"line":24,"column":387}},"30":{"start":{"line":24,"column":65},"end":{"line":24,"column":69}},"31":{"start":{"line":24,"column":78},"end":{"line":24,"column":87}},"32":{"start":{"line":24,"column":89},"end":{"line":24,"column":384}},"33":{"start":{"line":24,"column":147},"end":{"line":24,"column":167}},"34":{"start":{"line":24,"column":193},"end":{"line":24,"column":264}},"35":{"start":{"line":24,"column":290},"end":{"line":24,"column":360}},"36":{"start":{"line":24,"column":363},"end":{"line":24,"column":380}},"37":{"start":{"line":26,"column":50},"end":{"line":26,"column":151}},"38":{"start":{"line":26,"column":92},"end":{"line":26,"column":149}},"39":{"start":{"line":28,"column":44},"end":{"line":28,"column":315}},"40":{"start":{"line":28,"column":57},"end":{"line":28,"column":58}},"41":{"start":{"line":28,"column":102},"end":{"line":28,"column":110}},"42":{"start":{"line":28,"column":112},"end":{"line":28,"column":167}},"43":{"start":{"line":28,"column":168},"end":{"line":28,"column":199}},"44":{"start":{"line":28,"column":200},"end":{"line":28,"column":254}},"45":{"start":{"line":28,"column":227},"end":{"line":28,"column":254}},"46":{"start":{"line":28,"column":255},"end":{"line":28,"column":313}},"47":{"start":{"line":30,"column":62},"end":{"line":30,"column":131}},"48":{"start":{"line":30,"column":78},"end":{"line":30,"column":131}},"49":{"start":{"line":30,"column":132},"end":{"line":30,"column":193}},"50":{"start":{"line":30,"column":149},"end":{"line":30,"column":193}},"51":{"start":{"line":30,"column":194},"end":{"line":30,"column":213}},"52":{"start":{"line":34,"column":0},"end":{"line":286,"column":3}},"53":{"start":{"line":36,"column":17},"end":{"line":36,"column":28}},"54":{"start":{"line":37,"column":17},"end":{"line":37,"column":28}},"55":{"start":{"line":38,"column":19},"end":{"line":38,"column":32}},"56":{"start":{"line":39,"column":17},"end":{"line":39,"column":28}},"57":{"start":{"line":41,"column":4},"end":{"line":41,"column":37}},"58":{"start":{"line":43,"column":4},"end":{"line":48,"column":7}},"59":{"start":{"line":51,"column":2},"end":{"line":283,"column":6}},"60":{"start":{"line":54,"column":27},"end":{"line":85,"column":9}},"61":{"start":{"line":58,"column":8},"end":{"line":84,"column":26}},"62":{"start":{"line":59,"column":10},"end":{"line":83,"column":11}},"63":{"start":{"line":60,"column":12},"end":{"line":82,"column":13}},"64":{"start":{"line":62,"column":16},"end":{"line":62,"column":53}},"65":{"start":{"line":63,"column":16},"end":{"line":63,"column":34}},"66":{"start":{"line":64,"column":16},"end":{"line":70,"column":19}},"67":{"start":{"line":73,"column":16},"end":{"line":73,"column":39}},"68":{"start":{"line":74,"column":16},"end":{"line":76,"column":19}},"69":{"start":{"line":75,"column":18},"end":{"line":75,"column":42}},"70":{"start":{"line":77,"column":16},"end":{"line":77,"column":45}},"71":{"start":{"line":81,"column":16},"end":{"line":81,"column":39}},"72":{"start":{"line":88,"column":8},"end":{"line":88,"column":53}},"73":{"start":{"line":91,"column":6},"end":{"line":91,"column":27}},"74":{"start":{"line":96,"column":17},"end":{"line":185,"column":9}},"75":{"start":{"line":100,"column":8},"end":{"line":184,"column":27}},"76":{"start":{"line":101,"column":10},"end":{"line":183,"column":11}},"77":{"start":{"line":102,"column":12},"end":{"line":182,"column":13}},"78":{"start":{"line":104,"column":16},"end":{"line":104,"column":32}},"79":{"start":{"line":105,"column":16},"end":{"line":105,"column":35}},"80":{"start":{"line":106,"column":16},"end":{"line":110,"column":19}},"81":{"start":{"line":113,"column":16},"end":{"line":113,"column":38}},"82":{"start":{"line":114,"column":16},"end":{"line":114,"column":35}},"83":{"start":{"line":115,"column":16},"end":{"line":130,"column":19}},"84":{"start":{"line":133,"column":16},"end":{"line":133,"column":42}},"85":{"start":{"line":135,"column":16},"end":{"line":137,"column":17}},"86":{"start":{"line":136,"column":18},"end":{"line":136,"column":75}},"87":{"start":{"line":139,"column":16},"end":{"line":142,"column":17}},"88":{"start":{"line":140,"column":18},"end":{"line":140,"column":38}},"89":{"start":{"line":141,"column":18},"end":{"line":141,"column":24}},"90":{"start":{"line":144,"column":16},"end":{"line":144,"column":36}},"91":{"start":{"line":145,"column":16},"end":{"line":147,"column":19}},"92":{"start":{"line":150,"column":16},"end":{"line":150,"column":35}},"93":{"start":{"line":151,"column":16},"end":{"line":151,"column":36}},"94":{"start":{"line":152,"column":16},"end":{"line":156,"column":19}},"95":{"start":{"line":159,"column":16},"end":{"line":159,"column":38}},"96":{"start":{"line":161,"column":16},"end":{"line":164,"column":17}},"97":{"start":{"line":162,"column":18},"end":{"line":162,"column":38}},"98":{"start":{"line":163,"column":18},"end":{"line":163,"column":24}},"99":{"start":{"line":166,"column":16},"end":{"line":166,"column":60}},"100":{"start":{"line":167,"column":16},"end":{"line":167,"column":50}},"101":{"start":{"line":170,"column":16},"end":{"line":170,"column":32}},"102":{"start":{"line":171,"column":16},"end":{"line":171,"column":32}},"103":{"start":{"line":172,"column":16},"end":{"line":174,"column":20}},"104":{"start":{"line":177,"column":16},"end":{"line":177,"column":64}},"105":{"start":{"line":181,"column":16},"end":{"line":181,"column":40}},"106":{"start":{"line":188,"column":8},"end":{"line":188,"column":43}},"107":{"start":{"line":191,"column":6},"end":{"line":191,"column":17}},"108":{"start":{"line":196,"column":18},"end":{"line":237,"column":9}},"109":{"start":{"line":200,"column":8},"end":{"line":236,"column":27}},"110":{"start":{"line":201,"column":10},"end":{"line":235,"column":11}},"111":{"start":{"line":202,"column":12},"end":{"line":234,"column":13}},"112":{"start":{"line":204,"column":16},"end":{"line":204,"column":32}},"113":{"start":{"line":205,"column":16},"end":{"line":205,"column":35}},"114":{"start":{"line":206,"column":16},"end":{"line":214,"column":19}},"115":{"start":{"line":217,"column":16},"end":{"line":217,"column":42}},"116":{"start":{"line":219,"column":16},"end":{"line":222,"column":17}},"117":{"start":{"line":220,"column":18},"end":{"line":220,"column":37}},"118":{"start":{"line":221,"column":18},"end":{"line":221,"column":24}},"119":{"start":{"line":224,"column":16},"end":{"line":224,"column":43}},"120":{"start":{"line":225,"column":16},"end":{"line":225,"column":48}},"121":{"start":{"line":226,"column":16},"end":{"line":226,"column":50}},"122":{"start":{"line":229,"column":16},"end":{"line":229,"column":69}},"123":{"start":{"line":233,"column":16},"end":{"line":233,"column":40}},"124":{"start":{"line":240,"column":8},"end":{"line":240,"column":44}},"125":{"start":{"line":243,"column":6},"end":{"line":243,"column":18}},"126":{"start":{"line":248,"column":21},"end":{"line":275,"column":9}},"127":{"start":{"line":252,"column":8},"end":{"line":274,"column":27}},"128":{"start":{"line":253,"column":10},"end":{"line":273,"column":11}},"129":{"start":{"line":254,"column":12},"end":{"line":272,"column":13}},"130":{"start":{"line":256,"column":16},"end":{"line":256,"column":49}},"131":{"start":{"line":257,"column":16},"end":{"line":257,"column":35}},"132":{"start":{"line":258,"column":16},"end":{"line":264,"column":19}},"133":{"start":{"line":267,"column":16},"end":{"line":267,"column":39}},"134":{"start":{"line":271,"column":16},"end":{"line":271,"column":40}},"135":{"start":{"line":278,"column":8},"end":{"line":278,"column":47}},"136":{"start":{"line":281,"column":6},"end":{"line":281,"column":21}},"137":{"start":{"line":285,"column":2},"end":{"line":285,"column":19}},"138":{"start":{"line":288,"column":15},"end":{"line":288,"column":24}},"139":{"start":{"line":289,"column":0},"end":{"line":289,"column":27}}},"fnMap":{"0":{"name":"_interopRequireDefault","decl":{"start":{"line":16,"column":9},"end":{"line":16,"column":31}},"loc":{"start":{"line":16,"column":37},"end":{"line":16,"column":95}},"line":16},"1":{"name":"_objectSpread","decl":{"start":{"line":18,"column":9},"end":{"line":18,"column":22}},"loc":{"start":{"line":18,"column":31},"end":{"line":18,"column":481}},"line":18},"2":{"name":"(anonymous_2)","decl":{"start":{"line":18,"column":295},"end":{"line":18,"column":296}},"loc":{"start":{"line":18,"column":310},"end":{"line":18,"column":377}},"line":18},"3":{"name":"(anonymous_3)","decl":{"start":{"line":18,"column":399},"end":{"line":18,"column":400}},"loc":{"start":{"line":18,"column":414},"end":{"line":18,"column":460}},"line":18},"4":{"name":"_defineProperty","decl":{"start":{"line":20,"column":9},"end":{"line":20,"column":24}},"loc":{"start":{"line":20,"column":42},"end":{"line":20,"column":209}},"line":20},"5":{"name":"asyncGeneratorStep","decl":{"start":{"line":22,"column":9},"end":{"line":22,"column":27}},"loc":{"start":{"line":22,"column":75},"end":{"line":22,"column":265}},"line":22},"6":{"name":"_asyncToGenerator","decl":{"start":{"line":24,"column":9},"end":{"line":24,"column":26}},"loc":{"start":{"line":24,"column":31},"end":{"line":24,"column":389}},"line":24},"7":{"name":"(anonymous_7)","decl":{"start":{"line":24,"column":40},"end":{"line":24,"column":41}},"loc":{"start":{"line":24,"column":52},"end":{"line":24,"column":386}},"line":24},"8":{"name":"(anonymous_8)","decl":{"start":{"line":24,"column":108},"end":{"line":24,"column":109}},"loc":{"start":{"line":24,"column":135},"end":{"line":24,"column":382}},"line":24},"9":{"name":"_next","decl":{"start":{"line":24,"column":178},"end":{"line":24,"column":183}},"loc":{"start":{"line":24,"column":191},"end":{"line":24,"column":266}},"line":24},"10":{"name":"_throw","decl":{"start":{"line":24,"column":276},"end":{"line":24,"column":282}},"loc":{"start":{"line":24,"column":288},"end":{"line":24,"column":362}},"line":24},"11":{"name":"_classCallCheck","decl":{"start":{"line":26,"column":9},"end":{"line":26,"column":24}},"loc":{"start":{"line":26,"column":48},"end":{"line":26,"column":153}},"line":26},"12":{"name":"_defineProperties","decl":{"start":{"line":28,"column":9},"end":{"line":28,"column":26}},"loc":{"start":{"line":28,"column":42},"end":{"line":28,"column":317}},"line":28},"13":{"name":"_createClass","decl":{"start":{"line":30,"column":9},"end":{"line":30,"column":21}},"loc":{"start":{"line":30,"column":60},"end":{"line":30,"column":215}},"line":30},"14":{"name":"(anonymous_14)","decl":{"start":{"line":34,"column":0},"end":{"line":34,"column":1}},"loc":{"start":{"line":34,"column":12},"end":{"line":286,"column":1}},"line":34},"15":{"name":"OrderItem","decl":{"start":{"line":35,"column":11},"end":{"line":35,"column":20}},"loc":{"start":{"line":35,"column":27},"end":{"line":49,"column":3}},"line":35},"16":{"name":"(anonymous_16)","decl":{"start":{"line":53,"column":11},"end":{"line":53,"column":12}},"loc":{"start":{"line":53,"column":23},"end":{"line":92,"column":5}},"line":53},"17":{"name":"_callee","decl":{"start":{"line":56,"column":39},"end":{"line":56,"column":46}},"loc":{"start":{"line":56,"column":57},"end":{"line":85,"column":7}},"line":56},"18":{"name":"_callee$","decl":{"start":{"line":58,"column":48},"end":{"line":58,"column":56}},"loc":{"start":{"line":58,"column":67},"end":{"line":84,"column":9}},"line":58},"19":{"name":"(anonymous_19)","decl":{"start":{"line":74,"column":36},"end":{"line":74,"column":37}},"loc":{"start":{"line":74,"column":53},"end":{"line":76,"column":17}},"line":74},"20":{"name":"getOrderItems","decl":{"start":{"line":87,"column":15},"end":{"line":87,"column":28}},"loc":{"start":{"line":87,"column":38},"end":{"line":89,"column":7}},"line":87},"21":{"name":"(anonymous_21)","decl":{"start":{"line":95,"column":11},"end":{"line":95,"column":12}},"loc":{"start":{"line":95,"column":23},"end":{"line":192,"column":5}},"line":95},"22":{"name":"_callee2","decl":{"start":{"line":98,"column":39},"end":{"line":98,"column":47}},"loc":{"start":{"line":98,"column":58},"end":{"line":185,"column":7}},"line":98},"23":{"name":"_callee2$","decl":{"start":{"line":100,"column":48},"end":{"line":100,"column":57}},"loc":{"start":{"line":100,"column":69},"end":{"line":184,"column":9}},"line":100},"24":{"name":"add","decl":{"start":{"line":187,"column":15},"end":{"line":187,"column":18}},"loc":{"start":{"line":187,"column":29},"end":{"line":189,"column":7}},"line":187},"25":{"name":"(anonymous_25)","decl":{"start":{"line":195,"column":11},"end":{"line":195,"column":12}},"loc":{"start":{"line":195,"column":23},"end":{"line":244,"column":5}},"line":195},"26":{"name":"_callee3","decl":{"start":{"line":198,"column":39},"end":{"line":198,"column":47}},"loc":{"start":{"line":198,"column":58},"end":{"line":237,"column":7}},"line":198},"27":{"name":"_callee3$","decl":{"start":{"line":200,"column":48},"end":{"line":200,"column":57}},"loc":{"start":{"line":200,"column":69},"end":{"line":236,"column":9}},"line":200},"28":{"name":"edit","decl":{"start":{"line":239,"column":15},"end":{"line":239,"column":19}},"loc":{"start":{"line":239,"column":30},"end":{"line":241,"column":7}},"line":239},"29":{"name":"(anonymous_29)","decl":{"start":{"line":247,"column":11},"end":{"line":247,"column":12}},"loc":{"start":{"line":247,"column":23},"end":{"line":282,"column":5}},"line":247},"30":{"name":"_callee4","decl":{"start":{"line":250,"column":39},"end":{"line":250,"column":47}},"loc":{"start":{"line":250,"column":58},"end":{"line":275,"column":7}},"line":250},"31":{"name":"_callee4$","decl":{"start":{"line":252,"column":48},"end":{"line":252,"column":57}},"loc":{"start":{"line":252,"column":69},"end":{"line":274,"column":9}},"line":252},"32":{"name":"_delete","decl":{"start":{"line":277,"column":15},"end":{"line":277,"column":22}},"loc":{"start":{"line":277,"column":33},"end":{"line":279,"column":7}},"line":277}},"branchMap":{"0":{"loc":{"start":{"line":16,"column":46},"end":{"line":16,"column":92}},"type":"cond-expr","locations":[{"start":{"line":16,"column":70},"end":{"line":16,"column":73}},{"start":{"line":16,"column":76},"end":{"line":16,"column":92}}],"line":16},"1":{"loc":{"start":{"line":16,"column":46},"end":{"line":16,"column":67}},"type":"binary-expr","locations":[{"start":{"line":16,"column":46},"end":{"line":16,"column":49}},{"start":{"line":16,"column":53},"end":{"line":16,"column":67}}],"line":16},"2":{"loc":{"start":{"line":18,"column":91},"end":{"line":18,"column":131}},"type":"cond-expr","locations":[{"start":{"line":18,"column":114},"end":{"line":18,"column":126}},{"start":{"line":18,"column":129},"end":{"line":18,"column":131}}],"line":18},"3":{"loc":{"start":{"line":18,"column":168},"end":{"line":18,"column":382}},"type":"if","locations":[{"start":{"line":18,"column":168},"end":{"line":18,"column":382}},{"start":{"line":18,"column":168},"end":{"line":18,"column":382}}],"line":18},"4":{"loc":{"start":{"line":20,"column":44},"end":{"line":20,"column":195}},"type":"if","locations":[{"start":{"line":20,"column":44},"end":{"line":20,"column":195}},{"start":{"line":20,"column":44},"end":{"line":20,"column":195}}],"line":20},"5":{"loc":{"start":{"line":22,"column":176},"end":{"line":22,"column":263}},"type":"if","locations":[{"start":{"line":22,"column":176},"end":{"line":22,"column":263}},{"start":{"line":22,"column":176},"end":{"line":22,"column":263}}],"line":22},"6":{"loc":{"start":{"line":26,"column":50},"end":{"line":26,"column":151}},"type":"if","locations":[{"start":{"line":26,"column":50},"end":{"line":26,"column":151}},{"start":{"line":26,"column":50},"end":{"line":26,"column":151}}],"line":26},"7":{"loc":{"start":{"line":28,"column":136},"end":{"line":28,"column":166}},"type":"binary-expr","locations":[{"start":{"line":28,"column":136},"end":{"line":28,"column":157}},{"start":{"line":28,"column":161},"end":{"line":28,"column":166}}],"line":28},"8":{"loc":{"start":{"line":28,"column":200},"end":{"line":28,"column":254}},"type":"if","locations":[{"start":{"line":28,"column":200},"end":{"line":28,"column":254}},{"start":{"line":28,"column":200},"end":{"line":28,"column":254}}],"line":28},"9":{"loc":{"start":{"line":30,"column":62},"end":{"line":30,"column":131}},"type":"if","locations":[{"start":{"line":30,"column":62},"end":{"line":30,"column":131}},{"start":{"line":30,"column":62},"end":{"line":30,"column":131}}],"line":30},"10":{"loc":{"start":{"line":30,"column":132},"end":{"line":30,"column":193}},"type":"if","locations":[{"start":{"line":30,"column":132},"end":{"line":30,"column":193}},{"start":{"line":30,"column":132},"end":{"line":30,"column":193}}],"line":30},"11":{"loc":{"start":{"line":60,"column":12},"end":{"line":82,"column":13}},"type":"switch","locations":[{"start":{"line":61,"column":14},"end":{"line":70,"column":19}},{"start":{"line":72,"column":14},"end":{"line":77,"column":45}},{"start":{"line":79,"column":14},"end":{"line":79,"column":21}},{"start":{"line":80,"column":14},"end":{"line":81,"column":39}}],"line":60},"12":{"loc":{"start":{"line":102,"column":12},"end":{"line":182,"column":13}},"type":"switch","locations":[{"start":{"line":103,"column":14},"end":{"line":110,"column":19}},{"start":{"line":112,"column":14},"end":{"line":130,"column":19}},{"start":{"line":132,"column":14},"end":{"line":147,"column":19}},{"start":{"line":149,"column":14},"end":{"line":156,"column":19}},{"start":{"line":158,"column":14},"end":{"line":167,"column":50}},{"start":{"line":169,"column":14},"end":{"line":174,"column":20}},{"start":{"line":176,"column":14},"end":{"line":177,"column":64}},{"start":{"line":179,"column":14},"end":{"line":179,"column":22}},{"start":{"line":180,"column":14},"end":{"line":181,"column":40}}],"line":102},"13":{"loc":{"start":{"line":135,"column":16},"end":{"line":137,"column":17}},"type":"if","locations":[{"start":{"line":135,"column":16},"end":{"line":137,"column":17}},{"start":{"line":135,"column":16},"end":{"line":137,"column":17}}],"line":135},"14":{"loc":{"start":{"line":139,"column":16},"end":{"line":142,"column":17}},"type":"if","locations":[{"start":{"line":139,"column":16},"end":{"line":142,"column":17}},{"start":{"line":139,"column":16},"end":{"line":142,"column":17}}],"line":139},"15":{"loc":{"start":{"line":161,"column":16},"end":{"line":164,"column":17}},"type":"if","locations":[{"start":{"line":161,"column":16},"end":{"line":164,"column":17}},{"start":{"line":161,"column":16},"end":{"line":164,"column":17}}],"line":161},"16":{"loc":{"start":{"line":202,"column":12},"end":{"line":234,"column":13}},"type":"switch","locations":[{"start":{"line":203,"column":14},"end":{"line":214,"column":19}},{"start":{"line":216,"column":14},"end":{"line":226,"column":50}},{"start":{"line":228,"column":14},"end":{"line":229,"column":69}},{"start":{"line":231,"column":14},"end":{"line":231,"column":21}},{"start":{"line":232,"column":14},"end":{"line":233,"column":40}}],"line":202},"17":{"loc":{"start":{"line":219,"column":16},"end":{"line":222,"column":17}},"type":"if","locations":[{"start":{"line":219,"column":16},"end":{"line":222,"column":17}},{"start":{"line":219,"column":16},"end":{"line":222,"column":17}}],"line":219},"18":{"loc":{"start":{"line":254,"column":12},"end":{"line":272,"column":13}},"type":"switch","locations":[{"start":{"line":255,"column":14},"end":{"line":264,"column":19}},{"start":{"line":266,"column":14},"end":{"line":267,"column":39}},{"start":{"line":269,"column":14},"end":{"line":269,"column":21}},{"start":{"line":270,"column":14},"end":{"line":271,"column":40}}],"line":254}},"s":{"0":1,"1":1,"2":1,"3":1,"4":1,"5":1,"6":4,"7":0,"8":0,"9":0,"10":0,"11":0,"12":0,"13":0,"14":0,"15":0,"16":0,"17":0,"18":0,"19":0,"20":0,"21":0,"22":0,"23":0,"24":0,"25":0,"26":0,"27":0,"28":0,"29":4,"30":0,"31":0,"32":0,"33":0,"34":0,"35":0,"36":0,"37":0,"38":0,"39":1,"40":1,"41":4,"42":4,"43":4,"44":4,"45":4,"46":4,"47":1,"48":0,"49":1,"50":1,"51":1,"52":1,"53":0,"54":0,"55":0,"56":0,"57":0,"58":0,"59":1,"60":1,"61":0,"62":0,"63":0,"64":0,"65":0,"66":0,"67":0,"68":0,"69":0,"70":0,"71":0,"72":0,"73":1,"74":1,"75":0,"76":0,"77":0,"78":0,"79":0,"80":0,"81":0,"82":0,"83":0,"84":0,"85":0,"86":0,"87":0,"88":0,"89":0,"90":0,"91":0,"92":0,"93":0,"94":0,"95":0,"96":0,"97":0,"98":0,"99":0,"100":0,"101":0,"102":0,"103":0,"104":0,"105":0,"106":0,"107":1,"108":1,"109":0,"110":0,"111":0,"112":0,"113":0,"114":0,"115":0,"116":0,"117":0,"118":0,"119":0,"120":0,"121":0,"122":0,"123":0,"124":0,"125":1,"126":1,"127":0,"128":0,"129":0,"130":0,"131":0,"132":0,"133":0,"134":0,"135":0,"136":1,"137":1,"138":1,"139":1},"f":{"0":4,"1":0,"2":0,"3":0,"4":0,"5":0,"6":4,"7":0,"8":0,"9":0,"10":0,"11":0,"12":1,"13":1,"14":1,"15":0,"16":1,"17":0,"18":0,"19":0,"20":0,"21":1,"22":0,"23":0,"24":0,"25":1,"26":0,"27":0,"28":0,"29":1,"30":0,"31":0,"32":0},"b":{"0":[3,1],"1":[4,4],"2":[0,0],"3":[0,0],"4":[0,0],"5":[0,0],"6":[0,0],"7":[4,4],"8":[4,0],"9":[0,1],"10":[1,0],"11":[0,0,0,0],"12":[0,0,0,0,0,0,0,0,0],"13":[0,0],"14":[0,0],"15":[0,0],"16":[0,0,0,0,0],"17":[0,0],"18":[0,0,0,0]},"_coverageSchema":"43e27e138ebf9cfc5966b082cf9a028302ed4184","hash":"12fadd56df6b861b69e48acc1d4f381e24e963fb","contentHash":"c749681f41d68390cf69711579a149198875114179b6dad68aa1faca297e8ff8"},"C:\\Users\\nifemiadeyemi\\Desktop\\Book-A-Meal\\api\\models\\OrderItem.js":{"path":"C:\\Users\\nifemiadeyemi\\Desktop\\Book-A-Meal\\api\\models\\OrderItem.js","statementMap":{"0":{"start":{"line":3,"column":0},"end":{"line":5,"column":3}},"1":{"start":{"line":6,"column":0},"end":{"line":6,"column":25}},"2":{"start":{"line":8,"column":17},"end":{"line":8,"column":61}},"3":{"start":{"line":10,"column":16},"end":{"line":10,"column":69}},"4":{"start":{"line":12,"column":39},"end":{"line":12,"column":93}},"5":{"start":{"line":14,"column":16},"end":{"line":27,"column":2}},"6":{"start":{"line":29,"column":15},"end":{"line":29,"column":24}},"7":{"start":{"line":30,"column":0},"end":{"line":30,"column":27}}},"fnMap":{"0":{"name":"_interopRequireDefault","decl":{"start":{"line":12,"column":9},"end":{"line":12,"column":31}},"loc":{"start":{"line":12,"column":37},"end":{"line":12,"column":95}},"line":12}},"branchMap":{"0":{"loc":{"start":{"line":12,"column":46},"end":{"line":12,"column":92}},"type":"cond-expr","locations":[{"start":{"line":12,"column":70},"end":{"line":12,"column":73}},{"start":{"line":12,"column":76},"end":{"line":12,"column":92}}],"line":12},"1":{"loc":{"start":{"line":12,"column":46},"end":{"line":12,"column":67}},"type":"binary-expr","locations":[{"start":{"line":12,"column":46},"end":{"line":12,"column":49}},{"start":{"line":12,"column":53},"end":{"line":12,"column":67}}],"line":12}},"s":{"0":1,"1":1,"2":1,"3":1,"4":2,"5":1,"6":1,"7":1},"f":{"0":2},"b":{"0":[1,1],"1":[2,2]},"_coverageSchema":"43e27e138ebf9cfc5966b082cf9a028302ed4184","hash":"028130fbfd1b8d42fff4ab9a7148a186d8a62e6a","contentHash":"d2cf67e06072e125063d096a356af2c11480a1a271669703f564b4ea4e1f3aae"},"C:\\Users\\nifemiadeyemi\\Desktop\\Book-A-Meal\\api\\models\\User.js":{"path":"C:\\Users\\nifemiadeyemi\\Desktop\\Book-A-Meal\\api\\models\\User.js","statementMap":{"0":{"start":{"line":3,"column":0},"end":{"line":5,"column":3}},"1":{"start":{"line":6,"column":0},"end":{"line":6,"column":25}},"2":{"start":{"line":8,"column":17},"end":{"line":8,"column":61}},"3":{"start":{"line":10,"column":16},"end":{"line":10,"column":69}},"4":{"start":{"line":12,"column":39},"end":{"line":12,"column":93}},"5":{"start":{"line":14,"column":11},"end":{"line":25,"column":2}},"6":{"start":{"line":27,"column":15},"end":{"line":27,"column":19}},"7":{"start":{"line":28,"column":0},"end":{"line":28,"column":27}}},"fnMap":{"0":{"name":"_interopRequireDefault","decl":{"start":{"line":12,"column":9},"end":{"line":12,"column":31}},"loc":{"start":{"line":12,"column":37},"end":{"line":12,"column":95}},"line":12}},"branchMap":{"0":{"loc":{"start":{"line":12,"column":46},"end":{"line":12,"column":92}},"type":"cond-expr","locations":[{"start":{"line":12,"column":70},"end":{"line":12,"column":73}},{"start":{"line":12,"column":76},"end":{"line":12,"column":92}}],"line":12},"1":{"loc":{"start":{"line":12,"column":46},"end":{"line":12,"column":67}},"type":"binary-expr","locations":[{"start":{"line":12,"column":46},"end":{"line":12,"column":49}},{"start":{"line":12,"column":53},"end":{"line":12,"column":67}}],"line":12}},"s":{"0":1,"1":1,"2":1,"3":1,"4":2,"5":1,"6":1,"7":1},"f":{"0":2},"b":{"0":[1,1],"1":[2,2]},"_coverageSchema":"43e27e138ebf9cfc5966b082cf9a028302ed4184","hash":"411b2bc3f1d2e3eddcdb21accb11c458e23e2a45","contentHash":"3958c66013da4c4a048975d964480296d8b72da18ae48fcb0a5ac5e02dc7ba24"},"C:\\Users\\nifemiadeyemi\\Desktop\\Book-A-Meal\\api\\controllers\\order.js":{"path":"C:\\Users\\nifemiadeyemi\\Desktop\\Book-A-Meal\\api\\controllers\\order.js","statementMap":{"0":{"start":{"line":3,"column":0},"end":{"line":5,"column":3}},"1":{"start":{"line":6,"column":0},"end":{"line":6,"column":25}},"2":{"start":{"line":8,"column":10},"end":{"line":8,"column":47}},"3":{"start":{"line":10,"column":12},"end":{"line":10,"column":51}},"4":{"start":{"line":12,"column":17},"end":{"line":12,"column":61}},"5":{"start":{"line":14,"column":13},"end":{"line":14,"column":63}},"6":{"start":{"line":16,"column":12},"end":{"line":16,"column":61}},"7":{"start":{"line":18,"column":17},"end":{"line":18,"column":71}},"8":{"start":{"line":20,"column":39},"end":{"line":20,"column":93}},"9":{"start":{"line":22,"column":44},"end":{"line":22,"column":195}},"10":{"start":{"line":22,"column":62},"end":{"line":22,"column":166}},"11":{"start":{"line":22,"column":176},"end":{"line":22,"column":193}},"12":{"start":{"line":22,"column":196},"end":{"line":22,"column":207}},"13":{"start":{"line":24,"column":77},"end":{"line":24,"column":175}},"14":{"start":{"line":24,"column":94},"end":{"line":24,"column":107}},"15":{"start":{"line":24,"column":121},"end":{"line":24,"column":131}},"16":{"start":{"line":24,"column":151},"end":{"line":24,"column":165}},"17":{"start":{"line":24,"column":166},"end":{"line":24,"column":173}},"18":{"start":{"line":24,"column":176},"end":{"line":24,"column":263}},"19":{"start":{"line":24,"column":193},"end":{"line":24,"column":208}},"20":{"start":{"line":24,"column":218},"end":{"line":24,"column":261}},"21":{"start":{"line":26,"column":33},"end":{"line":26,"column":387}},"22":{"start":{"line":26,"column":65},"end":{"line":26,"column":69}},"23":{"start":{"line":26,"column":78},"end":{"line":26,"column":87}},"24":{"start":{"line":26,"column":89},"end":{"line":26,"column":384}},"25":{"start":{"line":26,"column":147},"end":{"line":26,"column":167}},"26":{"start":{"line":26,"column":193},"end":{"line":26,"column":264}},"27":{"start":{"line":26,"column":290},"end":{"line":26,"column":360}},"28":{"s
[...]
ine":14,"column":176},"end":{"line":14,"column":263}}],"line":14},"3":{"loc":{"start":{"line":18,"column":50},"end":{"line":18,"column":151}},"type":"if","locations":[{"start":{"line":18,"column":50},"end":{"line":18,"column":151}},{"start":{"line":18,"column":50},"end":{"line":18,"column":151}}],"line":18},"4":{"loc":{"start":{"line":20,"column":136},"end":{"line":20,"column":166}},"type":"binary-expr","locations":[{"start":{"line":20,"column":136},"end":{"line":20,"column":157}},{"start":{"line":20,"column":161},"end":{"line":20,"column":166}}],"line":20},"5":{"loc":{"start":{"line":20,"column":200},"end":{"line":20,"column":254}},"type":"if","locations":[{"start":{"line":20,"column":200},"end":{"line":20,"column":254}},{"start":{"line":20,"column":200},"end":{"line":20,"column":254}}],"line":20},"6":{"loc":{"start":{"line":22,"column":62},"end":{"line":22,"column":131}},"type":"if","locations":[{"start":{"line":22,"column":62},"end":{"line":22,"column":131}},{"start":{"line":22,"column":62},"end":{"line":22,"column":131}}],"line":22},"7":{"loc":{"start":{"line":22,"column":132},"end":{"line":22,"column":193}},"type":"if","locations":[{"start":{"line":22,"column":132},"end":{"line":22,"column":193}},{"start":{"line":22,"column":132},"end":{"line":22,"column":193}}],"line":22},"8":{"loc":{"start":{"line":42,"column":12},"end":{"line":84,"column":13}},"type":"switch","locations":[{"start":{"line":43,"column":14},"end":{"line":52,"column":56}},{"start":{"line":54,"column":14},"end":{"line":57,"column":83}},{"start":{"line":59,"column":14},"end":{"line":63,"column":55}},{"start":{"line":65,"column":14},"end":{"line":75,"column":56}},{"start":{"line":77,"column":14},"end":{"line":79,"column":56}},{"start":{"line":81,"column":14},"end":{"line":81,"column":22}},{"start":{"line":82,"column":14},"end":{"line":83,"column":39}}],"line":42},"9":{"loc":{"start":{"line":46,"column":16},"end":{"line":49,"column":17}},"type":"if","locations":[{"start":{"line":46,"column":16},"end":{"line":49,"column":17}},{"start":{"line":46,"column":16},"end":{"line":49,"column":17}}],"line":46},"10":{"loc":{"start":{"line":69,"column":16},"end":{"line":72,"column":17}},"type":"if","locations":[{"start":{"line":69,"column":16},"end":{"line":72,"column":17}},{"start":{"line":69,"column":16},"end":{"line":72,"column":17}}],"line":69},"11":{"loc":{"start":{"line":104,"column":12},"end":{"line":145,"column":13}},"type":"switch","locations":[{"start":{"line":105,"column":14},"end":{"line":109,"column":83}},{"start":{"line":111,"column":14},"end":{"line":120,"column":57}},{"start":{"line":122,"column":14},"end":{"line":124,"column":56}},{"start":{"line":126,"column":14},"end":{"line":136,"column":57}},{"start":{"line":138,"column":14},"end":{"line":140,"column":57}},{"start":{"line":142,"column":14},"end":{"line":142,"column":22}},{"start":{"line":143,"column":14},"end":{"line":144,"column":40}}],"line":104},"12":{"loc":{"start":{"line":114,"column":16},"end":{"line":117,"column":17}},"type":"if","locations":[{"start":{"line":114,"column":16},"end":{"line":117,"column":17}},{"start":{"line":114,"column":16},"end":{"line":117,"column":17}}],"line":114},"13":{"loc":{"start":{"line":130,"column":16},"end":{"line":133,"column":17}},"type":"if","locations":[{"start":{"line":130,"column":16},"end":{"line":133,"column":17}},{"start":{"line":130,"column":16},"end":{"line":133,"column":17}}],"line":130}},"s":{"0":1,"1":1,"2":1,"3":1,"4":2,"5":22,"6":22,"7":22,"8":0,"9":0,"10":22,"11":11,"12":11,"13":2,"14":11,"15":11,"16":11,"17":11,"18":22,"19":0,"20":11,"21":0,"22":0,"23":1,"24":1,"25":2,"26":2,"27":2,"28":2,"29":2,"30":2,"31":1,"32":0,"33":1,"34":1,"35":1,"36":1,"37":1,"38":0,"39":1,"40":1,"41":7,"42":21,"43":28,"44":7,"45":7,"46":7,"47":7,"48":0,"49":0,"50":7,"51":7,"52":7,"53":7,"54":7,"55":7,"56":7,"57":0,"58":0,"59":0,"60":0,"61":0,"62":0,"63":0,"64":0,"65":0,"66":7,"67":7,"68":1,"69":1,"70":4,"71":12,"72":16,"73":4,"74":4,"75":4,"76":4,"77":4,"78":4,"79":4,"80":4,"81":0,"82":0,"83":4,"84":4,"85":0,"86":0,"87":0,"88":0,"89":0,"90":0,"91":0,"92":0,"93":0,"94":4,"95":4,"96":1,"97":1,"98":1,"99":1},"f":{"0":2,"1":22,"2":2,"3":11,"4":11,"5":22,"6":0,"7":0,"8":1,"9":1,"10":1,"11":0,"12":1,"13":7,"14":21,"15":7,"16":1,"17":4,"18":12,"19":4},"b":{"0":[0,2],"1":[2,2],"2":[11,11],"3":[0,0],"4":[2,2],"5":[2,0],"6":[0,1],"7":[1,0],"8":[7,7,7,0,0,0,7],"9":[7,0],"10":[0,0],"11":[4,4,4,0,0,0,4],"12":[4,0],"13":[0,0]},"_coverageSchema":"43e27e138ebf9cfc5966b082cf9a028302ed4184","hash":"a37edd2b6a9ab82905472fca4d23635af9cf5f1e","contentHash":"9287708824bc42b083794424ea41258255b2d1a44223aaa84e99bdce505ada9b"},"C:\\Users\\nifemiadeyemi\\Desktop\\Book-A-Meal\\api\\controllers\\caterer.js":{"path":"C:\\Users\\nifemiadeyemi\\Desktop\\Book-A-Meal\\api\\controllers\\caterer.js","statementMap":{"0":{"start":{"line":3,"column":0},"end":{"line":5,"column":3}},"1":{"start":{"line":6,"column":0},"end":{"line":6,"column":25}},"2":{"start":{"line":8,"column":14},"end":{"line":8,"column":55}},"3":{"start":{"line":10,"column":20},"end":{"line":10,"column":67}},"4":{"start":{"line":12,"column":15},"end":{"line":12,"column":67}},"5":{"start":{"line":14,"column":39},"end":{"line":14,"column":93}},"6":{"start":{"line":16,"column":77},"end":{"line":16,"column":175}},"7":{"start":{"line":16,"column":94},"end":{"line":16,"column":107}},"8":{"start":{"line":16,"column":121},"end":{"line":16,"column":131}},"9":{"start":{"line":16,"column":151},"end":{"line":16,"column":165}},"10":{"start":{"line":16,"column":166},"end":{"line":16,"column":173}},"11":{"start":{"line":16,"column":176},"end":{"line":16,"column":263}},"12":{"start":{"line":16,"column":193},"end":{"line":16,"column":208}},"13":{"start":{"line":16,"column":218},"end":{"line":16,"column":261}},"14":{"start":{"line":18,"column":33},"end":{"line":18,"column":387}},"15":{"start":{"line":18,"column":65},"end":{"line":18,"column":69}},"16":{"start":{"line":18,"column":78},"end":{"line":18,"column":87}},"17":{"start":{"line":18,"column":89},"end":{"line":18,"column":384}},"18":{"start":{"line":18,"column":147},"end":{"line":18,"column":167}},"19":{"start":{"line":18,"column":193},"end":{"line":18,"column":264}},"20":{"start":{"line":18,"column":290},"end":{"line":18,"column":360}},"21":{"start":{"line":18,"column":363},"end":{"line":18,"column":380}},"22":{"start":{"line":20,"column":50},"end":{"line":20,"column":151}},"23":{"start":{"line":20,"column":92},"end":{"line":20,"column":149}},"24":{"start":{"line":22,"column":44},"end":{"line":22,"column":315}},"25":{"start":{"line":22,"column":57},"end":{"line":22,"column":58}},"26":{"start":{"line":22,"column":102},"end":{"line":22,"column":110}},"27":{"start":{"line":22,"column":112},"end":{"line":22,"column":167}},"28":{"start":{"line":22,"column":168},"end":{"line":22,"column":199}},"29":{"start":{"line":22,"column":200},"end":{"line":22,"column":254}},"30":{"start":{"line":22,"column":227},"end":{"line":22,"column":254}},"31":{"start":{"line":22,"column":255},"end":{"line":22,"column":313}},"32":{"start":{"line":24,"column":62},"end":{"line":24,"column":131}},"33":{"start":{"line":24,"column":78},"end":{"line":24,"column":131}},"34":{"start":{"line":24,"column":132},"end":{"line":24,"column":193}},"35":{"start":{"line":24,"column":149},"end":{"line":24,"column":193}},"36":{"start":{"line":24,"column":194},"end":{"line":24,"column":213}},"37":{"start":{"line":26,"column":0},"end":{"line":26,"column":25}},"38":{"start":{"line":30,"column":0},"end":{"line":133,"column":3}},"39":{"start":{"line":32,"column":4},"end":{"line":32,"column":35}},"40":{"start":{"line":35,"column":2},"end":{"line":130,"column":6}},"41":{"start":{"line":38,"column":19},"end":{"line":82,"column":9}},"42":{"start":{"line":42,"column":8},"end":{"line":81,"column":26}},"43":{"start":{"line":43,"column":10},"end":{"line":80,"column":11}},"44":{"start":{"line":44,"column":12},"end":{"line":79,"column":13}},"45":{"start":{"line":46,"column":16},"end":{"line":46,"column":34}},"46":{"start":{"line":47,"column":16},"end":{"line":51,"column":19}},"47":{"start":{"line":54,"column":16},"end":{"line":54,"column":42}},"48":{"start":{"line":56,"column":16},"end":{"line":59,"column":17}},"49":{"start":{"line":57,"column":18},"end":{"line":57,"column":36}},"50":{"start":{"line":58,"column":18},"end":{"line":58,"column":24}},"51":{"start":{"line":61,"column":16},"end":{"line":69,"column":17}},"52":{"start":{"line":62,"column":18},"end":{"line":65,"column":45}},"53":{"start":{"line":66,"column":18},"end":{"line":68,"column":21}},"54":{"start":{"line":71,"column":16},"end":{"line":71,"column":100}},"55":{"start":{"line":74,"column":16},"end":{"line":74,"column":100}},"56":{"start":{"line":78,"column":16},"end":{"line":78,"column":39}},"57":{"start":{"line":85,"column":8},"end":{"line":85,"column":45}},"58":{"start":{"line":88,"column":6},"end":{"line":88,"column":19}},"59":{"start":{"line":93,"column":20},"end":{"line":122,"column":9}},"60":{"start":{"line":97,"column":8},"end":{"line":121,"column":37}},"61":{"start":{"line":98,"column":10},"end":{"line":120,"column":11}},"62":{"start":{"line":99,"column":12},"end":{"line":119,"column":13}},"63":{"start":{"line":101,"column":16},"end":{"line":101,"column":35}},"64":{"start":{"line":102,"column":16},"end":{"line":102,"column":35}},"65":{"start":{"line":103,"column":16},"end":{"line":103,"column":35}},"66":{"start":{"line":104,"column":16},"end":{"line":104,"column":56}},"67":{"start":{"line":107,"column":16},"end":{"line":107,"column":48}},"68":{"start":{"line":108,"column":16},"end":{"line":108,"column":59}},"69":{"start":{"line":109,"column":16},"end":{"line":109,"column":88}},"70":{"start":{"line":112,"column":16},"end":{"line":112,"column":35}},"71":{"start":{"line":113,"column":16},"end":{"line":113,"column":53}},"72":{"start":{"line":114,"column":16},"end":{"line":114,"column":67}},"73":{"start":{"line":118,"column":16},"end":{"line":118,"column":40}},"74":{"start":{"line":125,"column":8},"end":{"line":125,"column":46}},"75":{"start":{"line":128,"column":6},"end":{"line":128,"column":20}},"76":{"start":{"line":132,"column":2},"end":{"line":132,"column":17}},"77":{"start":{"line":135,"column":15},"end":{"line":135,"column":22}},"78":{"start":{"line":136,"column":0},"end":{"line":136,"column":27}}},"fnMap":{"0":{"name":"_interopRequireDefault","decl":{"start":{"line":14,"column":9},"end":{"line":14,"column":31}},"loc":{"start":{"line":14,"column":37},"end":{"line":14,"column":95}},"line":14},"1":{"name":"asyncGeneratorStep","decl":{"start":{"line":16,"column":9},"end":{"line":16,"column":27}},"loc":{"start":{"line":16,"column":75},"end":{"line":16,"column":265}},"line":16},"2":{"name":"_asyncToGenerator","decl":{"start":{"line":18,"column":9},"end":{"line":18,"column":26}},"loc":{"start":{"line":18,"column":31},"end":{"line":18,"column":389}},"line":18},"3":{"name":"(anonymous_3)","decl":{"start":{"line":18,"column":40},"end":{"line":18,"column":41}},"loc":{"start":{"line":18,"column":52},"end":{"line":18,"column":386}},"line":18},"4":{"name":"(anonymous_4)","decl":{"start":{"line":18,"column":108},"end":{"line":18,"column":109}},"loc":{"start":{"line":18,"column":135},"end":{"line":18,"column":382}},"line":18},"5":{"name":"_next","decl":{"start":{"line":18,"column":178},"end":{"line":18,"column":183}},"loc":{"start":{"line":18,"column":191},"end":{"line":18,"column":266}},"line":18},"6":{"name":"_throw","decl":{"start":{"line":18,"column":276},"end":{"line":18,"column":282}},"loc":{"start":{"line":18,"column":288},"end":{"line":18,"column":362}},"line":18},"7":{"name":"_classCallCheck","decl":{"start":{"line":20,"column":9},"end":{"line":20,"column":24}},"loc":{"start":{"line":20,"column":48},"end":{"line":20,"column":153}},"line":20},"8":{"name":"_defineProperties","decl":{"start":{"line":22,"column":9},"end":{"line":22,"column":26}},"loc":{"start":{"line":22,"column":42},"end":{"line":22,"column":317}},"line":22},"9":{"name":"_createClass","decl":{"start":{"line":24,"column":9},"end":{"line":24,"column":21}},"loc":{"start":{"line":24,"column":60},"end":{"line":24,"column":215}},"line":24},"10":{"name":"(anonymous_10)","decl":{"start":{"line":30,"column":0},"end":{"line":30,"column":1}},"loc":{"start":{"line":30,"column":12},"end":{"line":133,"column":1}},"line":30},"11":{"name":"Caterer","decl":{"start":{"line":31,"column":11},"end":{"line":31,"column":18}},"loc":{"start":{"line":31,"column":21},"end":{"line":33,"column":3}},"line":31},"12":{"name":"(anonymous_12)","decl":{"start":{"line":37,"column":11},"end":{"line":37,"column":12}},"loc":{"start":{"line":37,"column":23},"end":{"line":89,"column":5}},"line":37},"13":{"name":"_callee","decl":{"start":{"line":40,"column":39},"end":{"line":40,"column":46}},"loc":{"start":{"line":40,"column":57},"end":{"line":82,"column":7}},"line":40},"14":{"name":"_callee$","decl":{"start":{"line":42,"column":48},"end":{"line":42,"column":56}},"loc":{"start":{"line":42,"column":67},"end":{"line":81,"column":9}},"line":42},"15":{"name":"login","decl":{"start":{"line":84,"column":15},"end":{"line":84,"column":20}},"loc":{"start":{"line":84,"column":30},"end":{"line":86,"column":7}},"line":84},"16":{"name":"(anonymous_16)","decl":{"start":{"line":92,"column":11},"end":{"line":92,"column":12}},"loc":{"start":{"line":92,"column":23},"end":{"line":129,"column":5}},"line":92},"17":{"name":"_callee2","decl":{"start":{"line":95,"column":39},"end":{"line":95,"column":47}},"loc":{"start":{"line":95,"column":58},"end":{"line":122,"column":7}},"line":95},"18":{"name":"_callee2$","decl":{"start":{"line":97,"column":48},"end":{"line":97,"column":57}},"loc":{"start":{"line":97,"column":69},"end":{"line":121,"column":9}},"line":97},"19":{"name":"signup","decl":{"start":{"line":124,"column":15},"end":{"line":124,"column":21}},"loc":{"start":{"line":124,"column":32},"end":{"line":126,"column":7}},"line":124}},"branchMap":{"0":{"loc":{"start":{"line":14,"column":46},"end":{"line":14,"column":92}},"type":"cond-expr","locations":[{"start":{"line":14,"column":70},"end":{"line":14,"column":73}},{"start":{"line":14,"column":76},"end":{"line":14,"column":92}}],"line":14},"1":{"loc":{"start":{"line":14,"column":46},"end":{"line":14,"column":67}},"type":"binary-expr","locations":[{"start":{"line":14,"column":46},"end":{"line":14,"column":49}},{"start":{"line":14,"column":53},"end":{"line":14,"column":67}}],"line":14},"2":{"loc":{"start":{"line":16,"column":176},"end":{"line":16,"column":263}},"type":"if","locations":[{"start":{"line":16,"column":176},"end":{"line":16,"column":263}},{"start":{"line":16,"column":176},"end":{"line":16,"column":263}}],"line":16},"3":{"loc":{"start":{"line":20,"column":50},"end":{"line":20,"column":151}},"type":"if","locations":[{"start":{"line":20,"column":50},"end":{"line":20,"column":151}},{"start":{"line":20,"column":50},"end":{"line":20,"column":151}}],"line":20},"4":{"loc":{"start":{"line":22,"column":136},"end":{"line":22,"column":166}},"type":"binary-expr","locations":[{"start":{"line":22,"column":136},"end":{"line":22,"column":157}},{"start":{"line":22,"column":161},"end":{"line":22,"column":166}}],"line":22},"5":{"loc":{"start":{"line":22,"column":200},"end":{"line":22,"column":254}},"type":"if","locations":[{"start":{"line":22,"column":200},"end":{"line":22,"column":254}},{"start":{"line":22,"column":200},"end":{"line":22,"column":254}}],"line":22},"6":{"loc":{"start":{"line":24,"column":62},"end":{"line":24,"column":131}},"type":"if","locations":[{"start":{"line":24,"column":62},"end":{"line":24,"column":131}},{"start":{"line":24,"column":62},"end":{"line":24,"column":131}}],"line":24},"7":{"loc":{"start":{"line":24,"column":132},"end":{"line":24,"column":193}},"type":"if","locations":[{"start":{"line":24,"column":132},"end":{"line":24,"column":193}},{"start":{"line":24,"column":132},"end":{"line":24,"column":193}}],"line":24},"8":{"loc":{"start":{"line":44,"column":12},"end":{"line":79,"column":13}},"type":"switch","locations":[{"start":{"line":45,"column":14},"end":{"line":51,"column":19}},{"start":{"line":53,"column":14},"end":{"line":71,"column":100}},{"start":{"line":73,"column":14},"end":{"line":74,"column":100}},{"start":{"line":76,"column":14},"end":{"line":76,"column":21}},{"start":{"line":77,"column":14},"end":{"line":78,"column":39}}],"line":44},"9":{"loc":{"start":{"line":56,"column":16},"end":{"line":59,"column":17}},"type":"if","locations":[{"start":{"line":56,"column":16},"end":{"line":59,"column":17}},{"start":{"line":56,"column":16},"end":{"line":59,"column":17}}],"line":56},"10":{"loc":{"start":{"line":61,"column":16},"end":{"line":69,"column":17}},"type":"if","locations":[{"start":{"line":61,"column":16},"end":{"line":69,"column":17}},{"start":{"line":61,"column":16},"end":{"line":69,"column":17}}],"line":61},"11":{"loc":{"start":{"line":99,"column":12},"end":{"line":119,"column":13}},"type":"switch","locations":[{"start":{"line":100,"column":14},"end":{"line":104,"column":56}},{"start":{"line":106,"column":14},"end":{"line":109,"column":88}},{"start":{"line":111,"column":14},"end":{"line":114,"column":67}},{"start":{"line":116,"column":14},"end":{"line":116,"column":22}},{"start":{"line":117,"column":14},"end":{"line":118,"column":40}}],"line":99}},"s":{"0":1,"1":1,"2":1,"3":1,"4":1,"5":3,"6":0,"7":0,"8":0,"9":0,"10":0,"11":0,"12":0,"13":0,"14":2,"15":0,"16":0,"17":0,"18":0,"19":0,"20":0,"21":0,"22":0,"23":0,"24":1,"25":1,"26":2,"27":2,"28":2,"29":2,"30":2,"31":2,"32":1,"33":0,"34":1,"35":1,"36":1,"37":1,"38":1,"39":0,"40":1,"41":1,"42":0,"43":0,"44":0,"45":0,"46":0,"47":0,"48":0,"49":0,"50":0,"51":0,"52":0,"53":0,"54":0,"55":0,"56":0,"57":0,"58":1,"59":1,"60":0,"61":0,"62":0,"63":0,"64":0,"65":0,"66":0,"67":0,"68":0,"69":0,"70":0,"71":0,"72":0,"73":0,"74":0,"75":1,"76":1,"77":1,"78":1},"f":{"0":3,"1":0,"2":2,"3":0,"4":0,"5":0,"6":0,"7":0,"8":1,"9":1,"10":1,"11":0,"12":1,"13":0,"14":0,"15":0,"16":1,"17":0,"18":0,"19":0},"b":{"0":[1,2],"1":[3,3],"2":[0,0],"3":[0,0],"4":[2,2],"5":[2,0],"6":[0,1],"7":[1,0],"8":[0,0,0,0,0],"9":[0,0],"10":[0,0],"11":[0,0,0,0,0]},"_coverageSchema":"43e27e138ebf9cfc5966b082cf9a028302ed4184","hash":"21ae13ccf65733ad437a4c2dd58599b854cfe316","contentHash":"b364f6ee69f29ee5d578dc96f16d93aa860c4a51efd2f14529be1cea322366c9"},"C:\\Users\\nifemiadeyemi\\Desktop\\Book-A-Meal\\api\\models\\Caterer.js":{"path":"C:\\Users\\nifemiadeyemi\\Desktop\\Book-A-Meal\\api\\models\\Caterer.js","statementMap":{"0":{"start":{"line":3,"column":0},"end":{"line":5,"column":3}},"1":{"start":{"line":6,"column":0},"end":{"line":6,"column":25}},"2":{"start":{"line":8,"column":17},"end":{"line":8,"column":61}},"3":{"start":{"line":10,"column":16},"end":{"line":10,"column":69}},"4":{"start":{"line":12,"column":39},"end":{"line":12,"column":93}},"5":{"start":{"line":14,"column":14},"end":{"line":25,"column":2}},"6":{"start":{"line":27,"column":15},"end":{"line":27,"column":22}},"7":{"start":{"line":28,"column":0},"end":{"line":28,"column":27}}},"fnMap":{"0":{"name":"_interopRequireDefault","decl":{"start":{"line":12,"column":9},"end":{"line":12,"column":31}},"loc":{"start":{"line":12,"column":37},"end":{"line":12,"column":95}},"line":12}},"branchMap":{"0":{"loc":{"start":{"line":12,"column":46},"end":{"line":12,"column":92}},"type":"cond-expr","locations":[{"start":{"line":12,"column":70},"end":{"line":12,"column":73}},{"start":{"line":12,"column":76},"end":{"line":12,"column":92}}],"line":12},"1":{"loc":{"start":{"line":12,"column":46},"end":{"line":12,"column":67}},"type":"binary-expr","locations":[{"start":{"line":12,"column":46},"end":{"line":12,"column":49}},{"start":{"line":12,"column":53},"end":{"line":12,"column":67}}],"line":12}},"s":{"0":1,"1":1,"2":1,"3":1,"4":2,"5":1,"6":1,"7":1},"f":{"0":2},"b":{"0":[1,1],"1":[2,2]},"_coverageSchema":"43e27e138ebf9cfc5966b082cf9a028302ed4184","hash":"ff89fb0ee012eeff4d2744a9149d5ba619af4336","contentHash":"bff264091ecce222c907f1d240d38a2e6c72e7f5c31ad87cb87991ffd318b5b0"}}